
starting time: Wed Feb  8 23:28:57 2023


IMPORTANT: Maturity-at-age described by step function with 0 below and 1 above 50% maturity

WARNING: LF likelihood is forced to OFF in NO FISHING run
WARNING: LF likelihood is not active -> use_lf_regstruc is OFF -> use regional structure for biomass aggregation
INFO: Parfile regional structure in use; number of regions: 8
Is global domain? NO
src/Date.cpp : Time steps to skip in DYM files 0

Control variables in optimisation:
1. nb recruitment(0) = 0.00326321
Total number of variables: 1

-----Standard Time Stepping - 360 days calendar-----
Number of time steps in simulation : 384
Number of time steps in spin up    : 0
Delta T                            : 30
Jday_run                           : 712485
Start Date Run                     : 19790115
End Date Run                       : 20101215
----------------------------------------------------
     SIMULATION WITHOUT FISHING!!!
----------------------------------------------------
total penalty: 4.36807e-06; 
Model temporal dynamics:
step| Date          | Larvae         | Juveniles      | Young          | Adult          | Total_pop      | Likelihood    
----------------------------------------------------------------------------------------------------------
1   | Jan 15, 1979  | 1119.25        | 3543.89        | 619974         | 763853         | 1.38383e+06    | 0
2   | Feb 15, 1979  | 1098.61        | 3565.44        | 615855         | 769123         | 1.38498e+06    | 0
3   | Mar 15, 1979  | 1084.15        | 3560.5         | 611990         | 774620         | 1.38661e+06    | 0
4   | Apr 15, 1979  | 1068.06        | 3494.08        | 608878         | 781069         | 1.38995e+06    | 0
5   | May 15, 1979  | 1033.38        | 3435.68        | 606754         | 788303         | 1.39506e+06    | 0
6   | Jun 15, 1979  | 1003.98        | 3352.32        | 605465         | 796470         | 1.40194e+06    | 0
7   | Jul 15, 1979  | 948.619        | 3255.07        | 604707         | 805595         | 1.4103e+06     | 0
8   | Aug 15, 1979  | 882.209        | 3142.5         | 604634         | 800920         | 1.40555e+06    | 0
9   | Sep 15, 1979  | 909.701        | 2968.35        | 605328         | 793847         | 1.39918e+06    | 0
10  | Oct 15, 1979  | 974.313        | 2900.88        | 605956         | 782061         | 1.38802e+06    | 0
11  | Nov 15, 1979  | 1008.23        | 3044.33        | 606129         | 771428         | 1.37756e+06    | 0
12  | Dec 15, 1979  | 1035.49        | 3206.42        | 606330         | 765876         | 1.37221e+06    | 0
13  | Jan 15, 1980  | 1080.62        | 3301.61        | 607183         | 760762         | 1.36795e+06    | 0
14  | Feb 15, 1980  | 1079.19        | 3405.04        | 608618         | 761812         | 1.37043e+06    | 0
15  | Mar 15, 1980  | 1047.13        | 3470           | 609405         | 763487         | 1.37289e+06    | 0
16  | Apr 15, 1980  | 1027.5         | 3409.6         | 610033         | 766875         | 1.37691e+06    | 0
17  | May 15, 1980  | 1014.96        | 3312.05        | 610794         | 771955         | 1.38275e+06    | 0
18  | Jun 15, 1980  | 1009.22        | 3252.94        | 611201         | 778521         | 1.38972e+06    | 0
19  | Jul 15, 1980  | 975.066        | 3227.52        | 611884         | 786528         | 1.39841e+06    | 0
20  | Aug 15, 1980  | 906.157        | 3182.32        | 612913         | 781627         | 1.39454e+06    | 0
21  | Sep 15, 1980  | 926.883        | 3046.43        | 614360         | 774753         | 1.38911e+06    | 0
22  | Oct 15, 1980  | 997.742        | 2968.31        | 615490         | 763289         | 1.37878e+06    | 0
23  | Nov 15, 1980  | 1028.09        | 3108.14        | 616314         | 752800         | 1.36911e+06    | 0
24  | Dec 15, 1980  | 1046.72        | 3276.23        | 616753         | 747546         | 1.3643e+06     | 0
25  | Jan 15, 1981  | 1081.68        | 3348.89        | 617989         | 742821         | 1.36081e+06    | 0
26  | Feb 15, 1981  | 1074.87        | 3420.13        | 620212         | 744027         | 1.36424e+06    | 0
27  | Mar 15, 1981  | 1053.22        | 3462.55        | 622093         | 745842         | 1.36793e+06    | 0
28  | Apr 15, 1981  | 1044.57        | 3412.14        | 623767         | 749070         | 1.37284e+06    | 0
29  | May 15, 1981  | 1023.9         | 3352.14        | 625436         | 753900         | 1.37934e+06    | 0
30  | Jun 15, 1981  | 995.716        | 3299.18        | 627110         | 760096         | 1.38721e+06    | 0
31  | Jul 15, 1981  | 935.134        | 3223           | 628822         | 767702         | 1.39652e+06    | 0
32  | Aug 15, 1981  | 864.092        | 3103.08        | 630789         | 762903         | 1.39369e+06    | 0
33  | Sep 15, 1981  | 889.978        | 2915.94        | 633010         | 756494         | 1.3895e+06     | 0
34  | Oct 15, 1981  | 947.036        | 2840.61        | 634543         | 745841         | 1.38038e+06    | 0
35  | Nov 15, 1981  | 978.772        | 2970.24        | 635179         | 736374         | 1.37155e+06    | 0
36  | Dec 15, 1981  | 997.455        | 3111.58        | 635168         | 732462         | 1.36763e+06    | 0
37  | Jan 15, 1982  | 1029.63        | 3186.08        | 635650         | 729531         | 1.36518e+06    | 0
38  | Feb 15, 1982  | 1032.17        | 3254.73        | 637319         | 732375         | 1.36969e+06    | 0
39  | Mar 15, 1982  | 987.968        | 3302.96        | 638496         | 735705         | 1.3742e+06     | 0
40  | Apr 15, 1982  | 952.662        | 3233.47        | 639329         | 740566         | 1.3799e+06     | 0
41  | May 15, 1982  | 925.163        | 3096.52        | 640147         | 746949         | 1.3871e+06     | 0
42  | Jun 15, 1982  | 912.717        | 2992.64        | 640952         | 754377         | 1.39533e+06    | 0
43  | Jul 15, 1982  | 872.667        | 2932.57        | 641818         | 763026         | 1.40484e+06    | 0
44  | Aug 15, 1982  | 805.576        | 2868.31        | 642210         | 759150         | 1.40136e+06    | 0
45  | Sep 15, 1982  | 833.804        | 2722.94        | 642239         | 753856         | 1.39609e+06    | 0
46  | Oct 15, 1982  | 914.134        | 2658.47        | 641538         | 744194         | 1.38573e+06    | 0
47  | Nov 15, 1982  | 965.943        | 2825.81        | 639513         | 736208         | 1.37572e+06    | 0
48  | Dec 15, 1982  | 1020.09        | 3045.03        | 636435         | 733596         | 1.37003e+06    | 0
49  | Jan 15, 1983  | 1088.11        | 3212.3         | 633612         | 731846         | 1.36546e+06    | 0
50  | Feb 15, 1983  | 1134.97        | 3402.69        | 631935         | 735652         | 1.36759e+06    | 0
51  | Mar 15, 1983  | 1184.4         | 3585.87        | 630403         | 739858         | 1.37026e+06    | 0
52  | Apr 15, 1983  | 1225.86        | 3738.35        | 629025         | 745273         | 1.3743e+06     | 0
53  | May 15, 1983  | 1258.3         | 3883.12        | 628360         | 751597         | 1.37996e+06    | 0
54  | Jun 15, 1983  | 1282.77        | 4003.23        | 628382         | 758442         | 1.38682e+06    | 0
55  | Jul 15, 1983  | 1239.34        | 4104.38        | 628667         | 766364         | 1.39503e+06    | 0
56  | Aug 15, 1983  | 1176.65        | 4109.93        | 629362         | 761951         | 1.39131e+06    | 0
57  | Sep 15, 1983  | 1172.77        | 3966.72        | 630278         | 756404         | 1.38668e+06    | 0
58  | Oct 15, 1983  | 1181.11        | 3857.17        | 631211         | 746837         | 1.37805e+06    | 0
59  | Nov 15, 1983  | 1168.79        | 3855.09        | 631960         | 738312         | 1.37027e+06    | 0
60  | Dec 15, 1983  | 1160.68        | 3838.79        | 632841         | 734522         | 1.36736e+06    | 0
61  | Jan 15, 1984  | 1163.89        | 3792.36        | 634697         | 731685         | 1.36638e+06    | 0
62  | Feb 15, 1984  | 1136.56        | 3766.54        | 637372         | 735032         | 1.3724e+06     | 0
63  | Mar 15, 1984  | 1083.51        | 3716.03        | 639778         | 739117         | 1.37889e+06    | 0
64  | Apr 15, 1984  | 1037.97        | 3578.52        | 641917         | 744945         | 1.38686e+06    | 0
65  | May 15, 1984  | 1009.26        | 3404.48        | 644251         | 752107         | 1.39636e+06    | 0
66  | Jun 15, 1984  | 971.482        | 3273.2         | 646759         | 760274         | 1.40703e+06    | 0
67  | Jul 15, 1984  | 923.253        | 3174.19        | 648663         | 769692         | 1.41835e+06    | 0
68  | Aug 15, 1984  | 889.313        | 3060.31        | 650274         | 766248         | 1.41652e+06    | 0
69  | Sep 15, 1984  | 930.399        | 2948.43        | 651628         | 761088         | 1.41272e+06    | 0
70  | Oct 15, 1984  | 993.766        | 2957.47        | 652536         | 751463         | 1.404e+06      | 0
71  | Nov 15, 1984  | 1040.29        | 3123.12        | 652468         | 743410         | 1.39588e+06    | 0
72  | Dec 15, 1984  | 1081.34        | 3295.76        | 651589         | 740559         | 1.39215e+06    | 0
73  | Jan 15, 1985  | 1099.92        | 3432.29        | 651158         | 738820         | 1.38998e+06    | 0
74  | Feb 15, 1985  | 1098.61        | 3524.81        | 651595         | 742922         | 1.39452e+06    | 0
75  | Mar 15, 1985  | 1065.44        | 3541.59        | 652259         | 747630         | 1.39989e+06    | 0
76  | Apr 15, 1985  | 1024.34        | 3477.19        | 652368         | 753964         | 1.40633e+06    | 0
77  | May 15, 1985  | 976.857        | 3345.95        | 652556         | 761461         | 1.41402e+06    | 0
78  | Jun 15, 1985  | 942.235        | 3197.59        | 653105         | 769684         | 1.42279e+06    | 0
79  | Jul 15, 1985  | 887.256        | 3066.65        | 653604         | 779100         | 1.4327e+06     | 0
80  | Aug 15, 1985  | 825.046        | 2941.13        | 654134         | 775563         | 1.4297e+06     | 0
81  | Sep 15, 1985  | 862.083        | 2775.77        | 654534         | 770370         | 1.4249e+06     | 0
82  | Oct 15, 1985  | 921.465        | 2733.23        | 653986         | 761215         | 1.4152e+06     | 0
83  | Nov 15, 1985  | 965.154        | 2888.25        | 652735         | 753085         | 1.40582e+06    | 0
84  | Dec 15, 1985  | 998.726        | 3054.25        | 651234         | 750025         | 1.40126e+06    | 0
85  | Jan 15, 1986  | 1024.18        | 3174.84        | 650879         | 747982         | 1.39886e+06    | 0
86  | Feb 15, 1986  | 1031.13        | 3263.55        | 651648         | 752205         | 1.40385e+06    | 0
87  | Mar 15, 1986  | 1001.3         | 3308.05        | 651789         | 756710         | 1.4085e+06     | 0
88  | Apr 15, 1986  | 984.559        | 3263.1         | 651871         | 762518         | 1.41439e+06    | 0
89  | May 15, 1986  | 966.514        | 3174.16        | 652344         | 769407         | 1.42175e+06    | 0
90  | Jun 15, 1986  | 938.975        | 3114.74        | 652922         | 776959         | 1.42988e+06    | 0
91  | Jul 15, 1986  | 898.035        | 3049.34        | 653350         | 785885         | 1.43924e+06    | 0
92  | Aug 15, 1986  | 836.02         | 2954.84        | 653511         | 782053         | 1.43556e+06    | 0
93  | Sep 15, 1986  | 860.958        | 2813.26        | 653888         | 776129         | 1.43002e+06    | 0
94  | Oct 15, 1986  | 929.2          | 2753.24        | 653932         | 765483         | 1.41941e+06    | 0
95  | Nov 15, 1986  | 971.097        | 2896.95        | 653169         | 755967         | 1.40914e+06    | 0
96  | Dec 15, 1986  | 999.677        | 3071.92        | 651528         | 752216         | 1.40374e+06    | 0
97  | Jan 15, 1987  | 1039.13        | 3181.78        | 650355         | 749564         | 1.39992e+06    | 0
98  | Feb 15, 1987  | 1058.33        | 3280.14        | 650136         | 752443         | 1.40258e+06    | 0
99  | Mar 15, 1987  | 1044           | 3371.08        | 649501         | 755674         | 1.40517e+06    | 0
100 | Apr 15, 1987  | 1041.47        | 3377.31        | 648178         | 760882         | 1.40906e+06    | 0
101 | May 15, 1987  | 1068.57        | 3338.65        | 646849         | 767513         | 1.41436e+06    | 0
102 | Jun 15, 1987  | 1083.26        | 3370.97        | 645429         | 775515         | 1.42094e+06    | 0
103 | Jul 15, 1987  | 1064.96        | 3450.43        | 643622         | 785126         | 1.42875e+06    | 0
104 | Aug 15, 1987  | 1009.49        | 3467.31        | 641600         | 782369         | 1.42397e+06    | 0
105 | Sep 15, 1987  | 1033.38        | 3381.94        | 639069         | 778551         | 1.41762e+06    | 0
106 | Oct 15, 1987  | 1082.49        | 3331.09        | 635432         | 770849         | 1.40628e+06    | 0
107 | Nov 15, 1987  | 1095.12        | 3443.9         | 630744         | 764814         | 1.39556e+06    | 0
108 | Dec 15, 1987  | 1100.78        | 3539.87        | 625596         | 764325         | 1.38992e+06    | 0
109 | Jan 15, 1988  | 1122.2         | 3561.71        | 621338         | 764900         | 1.38624e+06    | 0
110 | Feb 15, 1988  | 1126.78        | 3589.38        | 618306         | 771626         | 1.38993e+06    | 0
111 | Mar 15, 1988  | 1097.28        | 3621.62        | 615627         | 778586         | 1.39421e+06    | 0
112 | Apr 15, 1988  | 1073.1         | 3571.34        | 613672         | 786365         | 1.40004e+06    | 0
113 | May 15, 1988  | 1032.31        | 3472.19        | 612904         | 794931         | 1.40784e+06    | 0
114 | Jun 15, 1988  | 993.775        | 3366.01        | 612801         | 804168         | 1.41697e+06    | 0
115 | Jul 15, 1988  | 948.688        | 3240.12        | 612900         | 814025         | 1.42693e+06    | 0
116 | Aug 15, 1988  | 899.914        | 3119.56        | 613528         | 809860         | 1.42339e+06    | 0
117 | Sep 15, 1988  | 937.067        | 2989.51        | 614969         | 803102         | 1.41807e+06    | 0
118 | Oct 15, 1988  | 1011.23        | 2974.87        | 616357         | 792025         | 1.40838e+06    | 0
119 | Nov 15, 1988  | 1070.38        | 3155.63        | 617204         | 782315         | 1.39952e+06    | 0
120 | Dec 15, 1988  | 1114.53        | 3372.77        | 617942         | 777540         | 1.39548e+06    | 0
121 | Jan 15, 1989  | 1148.19        | 3538.86        | 619574         | 773942         | 1.39352e+06    | 0
122 | Feb 15, 1989  | 1152.52        | 3657.29        | 621904         | 776751         | 1.39866e+06    | 0
123 | Mar 15, 1989  | 1113.13        | 3711.48        | 623704         | 780193         | 1.4039e+06     | 0
124 | Apr 15, 1989  | 1078.45        | 3648.86        | 625064         | 784696         | 1.40976e+06    | 0
125 | May 15, 1989  | 1054.18        | 3515.23        | 626106         | 790129         | 1.41623e+06    | 0
126 | Jun 15, 1989  | 1012.67        | 3411.23        | 626935         | 796864         | 1.4238e+06     | 0
127 | Jul 15, 1989  | 953.147        | 3313.32        | 627679         | 804593         | 1.43227e+06    | 0
128 | Aug 15, 1989  | 891.63         | 3167.61        | 628510         | 799780         | 1.42829e+06    | 0
129 | Sep 15, 1989  | 900.211        | 2992.02        | 629714         | 793402         | 1.42312e+06    | 0
130 | Oct 15, 1989  | 952.021        | 2906.51        | 630858         | 782412         | 1.41327e+06    | 0
131 | Nov 15, 1989  | 979.711        | 2994.18        | 631608         | 772367         | 1.40398e+06    | 0
132 | Dec 15, 1989  | 1004.32        | 3124.9         | 632119         | 767649         | 1.39977e+06    | 0
133 | Jan 15, 1990  | 1047.15        | 3207.03        | 632986         | 763685         | 1.39667e+06    | 0
134 | Feb 15, 1990  | 1065.96        | 3303.09        | 634704         | 765570         | 1.40027e+06    | 0
135 | Mar 15, 1990  | 1048.02        | 3394.21        | 635648         | 767545         | 1.40319e+06    | 0
136 | Apr 15, 1990  | 1041.43        | 3391.34        | 636297         | 770806         | 1.4071e+06     | 0
137 | May 15, 1990  | 1042.18        | 3337.89        | 636855         | 775478         | 1.41233e+06    | 0
138 | Jun 15, 1990  | 1027.13        | 3318.4         | 637505         | 781294         | 1.4188e+06     | 0
139 | Jul 15, 1990  | 975.083        | 3299.72        | 638355         | 788531         | 1.42689e+06    | 0
140 | Aug 15, 1990  | 895.97         | 3213.14        | 639197         | 783512         | 1.42271e+06    | 0
141 | Sep 15, 1990  | 921.567        | 3027.41        | 640369         | 777037         | 1.41741e+06    | 0
142 | Oct 15, 1990  | 974.086        | 2936.2         | 641006         | 766424         | 1.40743e+06    | 0
143 | Nov 15, 1990  | 993.76         | 3057.98        | 640760         | 757123         | 1.39788e+06    | 0
144 | Dec 15, 1990  | 1013.09        | 3176.25        | 639919         | 753391         | 1.39331e+06    | 0
145 | Jan 15, 1991  | 1049.08        | 3234.76        | 639234         | 750505         | 1.38974e+06    | 0
146 | Feb 15, 1991  | 1053.07        | 3310.26        | 639601         | 753001         | 1.3926e+06     | 0
147 | Mar 15, 1991  | 1021.83        | 3367.39        | 639677         | 755876         | 1.39555e+06    | 0
148 | Apr 15, 1991  | 995.507        | 3317.53        | 639275         | 760180         | 1.39945e+06    | 0
149 | May 15, 1991  | 971.73         | 3215.68        | 638639         | 765828         | 1.40447e+06    | 0
150 | Jun 15, 1991  | 960.266        | 3133.43        | 637962         | 772573         | 1.41054e+06    | 0
151 | Jul 15, 1991  | 928.002        | 3079.81        | 637048         | 780793         | 1.41784e+06    | 0
152 | Aug 15, 1991  | 871.844        | 3029.09        | 635876         | 777080         | 1.41296e+06    | 0
153 | Sep 15, 1991  | 881.91         | 2913.47        | 634756         | 772213         | 1.40697e+06    | 0
154 | Oct 15, 1991  | 928.049        | 2841.83        | 632809         | 763088         | 1.3959e+06     | 0
155 | Nov 15, 1991  | 969.172        | 2928.84        | 629780         | 755656         | 1.38544e+06    | 0
156 | Dec 15, 1991  | 1009.97        | 3065.91        | 625873         | 753897         | 1.37977e+06    | 0
157 | Jan 15, 1992  | 1059.18        | 3193.36        | 622297         | 752846         | 1.37514e+06    | 0
158 | Feb 15, 1992  | 1103.64        | 3329.73        | 619812         | 756927         | 1.37674e+06    | 0
159 | Mar 15, 1992  | 1111.66        | 3472.28        | 617374         | 761384         | 1.37876e+06    | 0
160 | Apr 15, 1992  | 1154.39        | 3555.28        | 614764         | 767194         | 1.38196e+06    | 0
161 | May 15, 1992  | 1171.11        | 3622.39        | 612867         | 773949         | 1.38682e+06    | 0
162 | Jun 15, 1992  | 1170.48        | 3718.45        | 611683         | 781345         | 1.39303e+06    | 0
163 | Jul 15, 1992  | 1121.2         | 3753.92        | 611184         | 789981         | 1.40116e+06    | 0
164 | Aug 15, 1992  | 1053.11        | 3704.38        | 611279         | 785668         | 1.39695e+06    | 0
165 | Sep 15, 1992  | 1060.02        | 3542.35        | 611741         | 779183         | 1.39092e+06    | 0
166 | Oct 15, 1992  | 1085.47        | 3439.45        | 611720         | 768327         | 1.38005e+06    | 0
167 | Nov 15, 1992  | 1105.76        | 3483.97        | 611433         | 758694         | 1.37013e+06    | 0
168 | Dec 15, 1992  | 1120.18        | 3547.69        | 610970         | 754361         | 1.36533e+06    | 0
169 | Jan 15, 1993  | 1144.8         | 3597.1         | 611254         | 750889         | 1.36214e+06    | 0
170 | Feb 15, 1993  | 1176.69        | 3647.14        | 612372         | 753157         | 1.36553e+06    | 0
171 | Mar 15, 1993  | 1142.62        | 3723.54        | 613452         | 755747         | 1.3692e+06     | 0
172 | Apr 15, 1993  | 1115.42        | 3720.84        | 614391         | 759960         | 1.37435e+06    | 0
173 | May 15, 1993  | 1102.5         | 3612.14        | 615292         | 765917         | 1.38121e+06    | 0
174 | Jun 15, 1993  | 1094.04        | 3541.65        | 616066         | 773410         | 1.38948e+06    | 0
175 | Jul 15, 1993  | 1052.57        | 3515.47        | 616478         | 782380         | 1.39886e+06    | 0
176 | Aug 15, 1993  | 997.23         | 3469.09        | 617097         | 778082         | 1.39518e+06    | 0
177 | Sep 15, 1993  | 1034.71        | 3342.57        | 617960         | 771927         | 1.38989e+06    | 0
178 | Oct 15, 1993  | 1093.28        | 3311.69        | 618704         | 761259         | 1.37996e+06    | 0
179 | Nov 15, 1993  | 1130.96        | 3464.6         | 619052         | 751743         | 1.3708e+06     | 0
180 | Dec 15, 1993  | 1138.96        | 3614.16        | 619461         | 747024         | 1.36648e+06    | 0
181 | Jan 15, 1994  | 1159.1         | 3678.13        | 621209         | 742653         | 1.36386e+06    | 0
182 | Feb 15, 1994  | 1142.85        | 3703.77        | 624115         | 744556         | 1.36867e+06    | 0
183 | Mar 15, 1994  | 1077.99        | 3700           | 627439         | 746781         | 1.37422e+06    | 0
184 | Apr 15, 1994  | 1012.1         | 3564.95        | 630782         | 750627         | 1.38141e+06    | 0
185 | May 15, 1994  | 985.752        | 3345.94        | 634346         | 755659         | 1.39e+06       | 0
186 | Jun 15, 1994  | 951.694        | 3185.31        | 637798         | 761860         | 1.39966e+06    | 0
187 | Jul 15, 1994  | 906.394        | 3094.73        | 640904         | 769634         | 1.41054e+06    | 0
188 | Aug 15, 1994  | 846.514        | 2989.92        | 643583         | 764545         | 1.40813e+06    | 0
189 | Sep 15, 1994  | 884.84         | 2850.94        | 646095         | 757878         | 1.40397e+06    | 0
190 | Oct 15, 1994  | 969.829        | 2813.63        | 647483         | 747236         | 1.39472e+06    | 0
191 | Nov 15, 1994  | 1015.11        | 3005.5         | 647573         | 738431         | 1.386e+06      | 0
192 | Dec 15, 1994  | 1060.53        | 3215.84        | 647251         | 734538         | 1.38179e+06    | 0
193 | Jan 15, 1995  | 1111.94        | 3353.53        | 647763         | 731260         | 1.37902e+06    | 0
194 | Feb 15, 1995  | 1136.31        | 3498.5         | 649430         | 733740         | 1.38317e+06    | 0
195 | Mar 15, 1995  | 1094.52        | 3611.1         | 650929         | 736956         | 1.38789e+06    | 0
196 | Apr 15, 1995  | 1050.23        | 3580.05        | 652210         | 741750         | 1.39396e+06    | 0
197 | May 15, 1995  | 1009.09        | 3428.14        | 654036         | 747843         | 1.40188e+06    | 0
198 | Jun 15, 1995  | 971.398        | 3285.84        | 656199         | 754886         | 1.41109e+06    | 0
199 | Jul 15, 1995  | 926.843        | 3165.19        | 658090         | 763283         | 1.42137e+06    | 0
200 | Aug 15, 1995  | 856.351        | 3044.75        | 660018         | 759221         | 1.41924e+06    | 0
201 | Sep 15, 1995  | 872.211        | 2883.99        | 662060         | 753426         | 1.41549e+06    | 0
202 | Oct 15, 1995  | 945.579        | 2795.87        | 663253         | 743972         | 1.40722e+06    | 0
203 | Nov 15, 1995  | 995.461        | 2932.51        | 663285         | 735883         | 1.39917e+06    | 0
204 | Dec 15, 1995  | 1035.91        | 3132.37        | 662634         | 733035         | 1.39567e+06    | 0
205 | Jan 15, 1996  | 1067.8         | 3272.26        | 662330         | 730888         | 1.39322e+06    | 0
206 | Feb 15, 1996  | 1079.51        | 3378.72        | 662970         | 734521         | 1.39749e+06    | 0
207 | Mar 15, 1996  | 1042.11        | 3440.45        | 664011         | 738593         | 1.4026e+06     | 0
208 | Apr 15, 1996  | 1015.11        | 3400.21        | 664916         | 743786         | 1.4087e+06     | 0
209 | May 15, 1996  | 991.734        | 3286.64        | 666026         | 750346         | 1.41637e+06    | 0
210 | Jun 15, 1996  | 959.63         | 3200.67        | 667065         | 757857         | 1.42492e+06    | 0
211 | Jul 15, 1996  | 900.083        | 3119.06        | 667970         | 766776         | 1.43475e+06    | 0
212 | Aug 15, 1996  | 836.157        | 2990.9         | 668341         | 764241         | 1.43258e+06    | 0
213 | Sep 15, 1996  | 845.23         | 2811.49        | 668300         | 760412         | 1.42871e+06    | 0
214 | Oct 15, 1996  | 904.954        | 2724.53        | 666686         | 753339         | 1.42002e+06    | 0
215 | Nov 15, 1996  | 953.948        | 2833.29        | 664124         | 747716         | 1.41184e+06    | 0
216 | Dec 15, 1996  | 981.154        | 3010.31        | 660658         | 747279         | 1.40794e+06    | 0
217 | Jan 15, 1997  | 1015.15        | 3132.34        | 658141         | 747623         | 1.40576e+06    | 0
218 | Feb 15, 1997  | 1035.27        | 3220.29        | 656227         | 753323         | 1.40955e+06    | 0
219 | Mar 15, 1997  | 1023.93        | 3294.94        | 654247         | 759449         | 1.4137e+06     | 0
220 | Apr 15, 1997  | 1016.87        | 3303.32        | 652121         | 765943         | 1.41806e+06    | 0
221 | May 15, 1997  | 1000.34        | 3262.74        | 649964         | 773362         | 1.42333e+06    | 0
222 | Jun 15, 1997  | 999.458        | 3219.8         | 647818         | 781448         | 1.42927e+06    | 0
223 | Jul 15, 1997  | 987.311        | 3192.79        | 645757         | 790397         | 1.43615e+06    | 0
224 | Aug 15, 1997  | 959.689        | 3195.68        | 643384         | 787453         | 1.43084e+06    | 0
225 | Sep 15, 1997  | 988.455        | 3158.37        | 641165         | 782832         | 1.424e+06      | 0
226 | Oct 15, 1997  | 1043.75        | 3166.83        | 638695         | 773719         | 1.41241e+06    | 0
227 | Nov 15, 1997  | 1095.59        | 3305.82        | 635438         | 766098         | 1.40154e+06    | 0
228 | Dec 15, 1997  | 1150.55        | 3477.95        | 631576         | 763586         | 1.39516e+06    | 0
229 | Jan 15, 1998  | 1215.31        | 3645.45        | 628585         | 761620         | 1.3902e+06     | 0
230 | Feb 15, 1998  | 1280.96        | 3831.07        | 626594         | 765760         | 1.39235e+06    | 0
231 | Mar 15, 1998  | 1322.71        | 4033.33        | 624122         | 770783         | 1.39491e+06    | 0
232 | Apr 15, 1998  | 1339.71        | 4206.77        | 621696         | 777234         | 1.39893e+06    | 0
233 | May 15, 1998  | 1357.87        | 4298.54        | 619914         | 784835         | 1.40475e+06    | 0
234 | Jun 15, 1998  | 1328.8         | 4341.82        | 619192         | 793069         | 1.41226e+06    | 0
235 | Jul 15, 1998  | 1251.78        | 4336.34        | 618917         | 802166         | 1.42108e+06    | 0
236 | Aug 15, 1998  | 1181.73        | 4195.46        | 619231         | 798049         | 1.41728e+06    | 0
237 | Sep 15, 1998  | 1197.25        | 3981.88        | 620578         | 792451         | 1.41303e+06    | 0
238 | Oct 15, 1998  | 1246.77        | 3896.87        | 622403         | 782619         | 1.40502e+06    | 0
239 | Nov 15, 1998  | 1276.41        | 4000.18        | 623467         | 774192         | 1.39766e+06    | 0
240 | Dec 15, 1998  | 1279.03        | 4122.38        | 624671         | 770311         | 1.39498e+06    | 0
241 | Jan 15, 1999  | 1283.59        | 4166.79        | 626773         | 767083         | 1.39386e+06    | 0
242 | Feb 15, 1999  | 1256.47        | 4158.35        | 630257         | 770681         | 1.40094e+06    | 0
243 | Mar 15, 1999  | 1178.1         | 4111.08        | 633632         | 775085         | 1.40872e+06    | 0
244 | Apr 15, 1999  | 1124.39        | 3934.78        | 636768         | 780871         | 1.41764e+06    | 0
245 | May 15, 1999  | 1075.57        | 3697.48        | 640249         | 787615         | 1.42786e+06    | 0
246 | Jun 15, 1999  | 1023.16        | 3526.7         | 643818         | 795294         | 1.43911e+06    | 0
247 | Jul 15, 1999  | 972.936        | 3369.94        | 646830         | 803949         | 1.45078e+06    | 0
248 | Aug 15, 1999  | 922.243        | 3218.48        | 649737         | 800095         | 1.44983e+06    | 0
249 | Sep 15, 1999  | 953.851        | 3076.22        | 653075         | 794378         | 1.44745e+06    | 0
250 | Oct 15, 1999  | 1034.25        | 3045.6         | 656160         | 784180         | 1.44034e+06    | 0
251 | Nov 15, 1999  | 1091.8         | 3222.24        | 658945         | 774864         | 1.43381e+06    | 0
252 | Dec 15, 1999  | 1118.87        | 3447.03        | 661522         | 770533         | 1.43205e+06    | 0
253 | Jan 15, 2000  | 1140.52        | 3582.73        | 664881         | 767582         | 1.43246e+06    | 0
254 | Feb 15, 2000  | 1122.18        | 3651.58        | 669569         | 770940         | 1.44051e+06    | 0
255 | Mar 15, 2000  | 1080.1         | 3650.16        | 674115         | 774562         | 1.44868e+06    | 0
256 | Apr 15, 2000  | 1058.57        | 3543.42        | 678079         | 779154         | 1.45723e+06    | 0
257 | May 15, 2000  | 1035.08        | 3425.29        | 682085         | 784690         | 1.46677e+06    | 0
258 | Jun 15, 2000  | 1003.36        | 3347.03        | 685907         | 791071         | 1.47698e+06    | 0
259 | Jul 15, 2000  | 943.897        | 3265.53        | 689439         | 798711         | 1.48815e+06    | 0
260 | Aug 15, 2000  | 886.537        | 3140.43        | 692775         | 794043         | 1.48682e+06    | 0
261 | Sep 15, 2000  | 926.329        | 2970.65        | 696393         | 787746         | 1.48414e+06    | 0
262 | Oct 15, 2000  | 993.182        | 2935.94        | 699459         | 777400         | 1.47686e+06    | 0
263 | Nov 15, 2000  | 1035.22        | 3105.42        | 701643         | 768375         | 1.47002e+06    | 0
264 | Dec 15, 2000  | 1060.38        | 3281.54        | 703583         | 764443         | 1.46803e+06    | 0
265 | Jan 15, 2001  | 1089.5         | 3388.71        | 706125         | 761512         | 1.46764e+06    | 0
266 | Feb 15, 2001  | 1079.58        | 3463.2         | 709591         | 764571         | 1.47416e+06    | 0
267 | Mar 15, 2001  | 1035.98        | 3488.2         | 712752         | 767826         | 1.48058e+06    | 0
268 | Apr 15, 2001  | 998.573        | 3394.11        | 715559         | 772364         | 1.48792e+06    | 0
269 | May 15, 2001  | 979.708        | 3252.22        | 718051         | 778258         | 1.49631e+06    | 0
270 | Jun 15, 2001  | 959.427        | 3152.07        | 720311         | 785020         | 1.50533e+06    | 0
271 | Jul 15, 2001  | 926.845        | 3094.98        | 722311         | 792958         | 1.51527e+06    | 0
272 | Aug 15, 2001  | 873.836        | 3027.23        | 723866         | 789089         | 1.51295e+06    | 0
273 | Sep 15, 2001  | 922.129        | 2912.22        | 724934         | 784368         | 1.5093e+06     | 0
274 | Oct 15, 2001  | 988.763        | 2899.34        | 724616         | 776279         | 1.5009e+06     | 0
275 | Nov 15, 2001  | 1034.99        | 3082.15        | 722925         | 769658         | 1.49258e+06    | 0
276 | Dec 15, 2001  | 1068.24        | 3263.85        | 720010         | 768880         | 1.48889e+06    | 0
277 | Jan 15, 2002  | 1106.52        | 3391.59        | 716761         | 769321         | 1.48608e+06    | 0
278 | Feb 15, 2002  | 1109.73        | 3497.68        | 714108         | 775533         | 1.48964e+06    | 0
279 | Mar 15, 2002  | 1078.64        | 3556.26        | 711317         | 782191         | 1.49351e+06    | 0
280 | Apr 15, 2002  | 1054.32        | 3502.94        | 708323         | 790266         | 1.49859e+06    | 0
281 | May 15, 2002  | 1029.5         | 3403.13        | 705443         | 799754         | 1.5052e+06     | 0
282 | Jun 15, 2002  | 1007.68        | 3319.9         | 702213         | 810281         | 1.51249e+06    | 0
283 | Jul 15, 2002  | 966.564        | 3249.27        | 698830         | 822330         | 1.52116e+06    | 0
284 | Aug 15, 2002  | 912.402        | 3165.21        | 695238         | 822022         | 1.51726e+06    | 0
285 | Sep 15, 2002  | 946.212        | 3036.76        | 691339         | 820172         | 1.51151e+06    | 0
286 | Oct 15, 2002  | 1021.89        | 3004.86        | 686484         | 813813         | 1.5003e+06     | 0
287 | Nov 15, 2002  | 1070.8         | 3176.51        | 680250         | 808880         | 1.48913e+06    | 0
288 | Dec 15, 2002  | 1110.26        | 3380.29        | 673780         | 809399         | 1.48318e+06    | 0
289 | Jan 15, 2003  | 1149.43        | 3518.68        | 668305         | 810687         | 1.47899e+06    | 0
290 | Feb 15, 2003  | 1152.92        | 3634.16        | 664234         | 817962         | 1.4822e+06     | 0
291 | Mar 15, 2003  | 1122.95        | 3697.52        | 659895         | 825697         | 1.48559e+06    | 0
292 | Apr 15, 2003  | 1102.62        | 3649.85        | 655591         | 834829         | 1.49042e+06    | 0
293 | May 15, 2003  | 1089.6         | 3553.67        | 651543         | 845473         | 1.49702e+06    | 0
294 | Jun 15, 2003  | 1049.97        | 3492.56        | 647742         | 856973         | 1.50472e+06    | 0
295 | Jul 15, 2003  | 1007.15        | 3417.4         | 643973         | 869459         | 1.51343e+06    | 0
296 | Aug 15, 2003  | 983.557        | 3305.44        | 640811         | 867401         | 1.50821e+06    | 0
297 | Sep 15, 2003  | 1007.4         | 3220.96        | 638901         | 862370         | 1.50127e+06    | 0
298 | Oct 15, 2003  | 1067.37        | 3227.8         | 637142         | 851782         | 1.48892e+06    | 0
299 | Nov 15, 2003  | 1093.75        | 3352.11        | 635355         | 841996         | 1.47735e+06    | 0
300 | Dec 15, 2003  | 1120.68        | 3485.97        | 634043         | 837243         | 1.47129e+06    | 0
301 | Jan 15, 2004  | 1152.21        | 3562.67        | 633736         | 833670         | 1.46741e+06    | 0
302 | Feb 15, 2004  | 1147.12        | 3647.36        | 634569         | 836163         | 1.47073e+06    | 0
303 | Mar 15, 2004  | 1116.58        | 3681.79        | 635137         | 839441         | 1.47458e+06    | 0
304 | Apr 15, 2004  | 1081.55        | 3615.58        | 635066         | 844767         | 1.47983e+06    | 0
305 | May 15, 2004  | 1061.09        | 3505.16        | 634580         | 851841         | 1.48642e+06    | 0
306 | Jun 15, 2004  | 1041.4         | 3409.1         | 634305         | 860212         | 1.49452e+06    | 0
307 | Jul 15, 2004  | 988.904        | 3349.49        | 633956         | 869332         | 1.50329e+06    | 0
308 | Aug 15, 2004  | 930.047        | 3261.74        | 634192         | 864035         | 1.49823e+06    | 0
309 | Sep 15, 2004  | 964.183        | 3108.97        | 635285         | 856374         | 1.49166e+06    | 0
310 | Oct 15, 2004  | 1011.26        | 3066.83        | 636299         | 843564         | 1.47986e+06    | 0
311 | Nov 15, 2004  | 1042.2         | 3198.86        | 636561         | 832063         | 1.46862e+06    | 0
312 | Dec 15, 2004  | 1070.9         | 3324.72        | 636583         | 826230         | 1.46281e+06    | 0
313 | Jan 15, 2005  | 1104.48        | 3413.87        | 637472         | 821249         | 1.45872e+06    | 0
314 | Feb 15, 2005  | 1109.42        | 3498.01        | 639338         | 822877         | 1.46222e+06    | 0
315 | Mar 15, 2005  | 1080.07        | 3555.41        | 640518         | 824948         | 1.46547e+06    | 0
316 | Apr 15, 2005  | 1076.6         | 3509.5         | 641317         | 828763         | 1.47008e+06    | 0
317 | May 15, 2005  | 1083.05        | 3439.59        | 641976         | 834248         | 1.47622e+06    | 0
318 | Jun 15, 2005  | 1067.58        | 3437.57        | 642659         | 840807         | 1.48347e+06    | 0
319 | Jul 15, 2005  | 1020.15        | 3433.87        | 643328         | 848938         | 1.49227e+06    | 0
320 | Aug 15, 2005  | 958.626        | 3355.89        | 644530         | 843764         | 1.48829e+06    | 0
321 | Sep 15, 2005  | 966.396        | 3203.27        | 646587         | 836144         | 1.48273e+06    | 0
322 | Oct 15, 2005  | 1017.46        | 3117.5         | 648473         | 823405         | 1.47188e+06    | 0
323 | Nov 15, 2005  | 1038.76        | 3202.21        | 649977         | 811991         | 1.46197e+06    | 0
324 | Dec 15, 2005  | 1050.3         | 3316.99        | 651014         | 806444         | 1.45746e+06    | 0
325 | Jan 15, 2006  | 1080.69        | 3363.05        | 652527         | 802813         | 1.45534e+06    | 0
326 | Feb 15, 2006  | 1101.09        | 3416.19        | 655068         | 805761         | 1.46083e+06    | 0
327 | Mar 15, 2006  | 1058.04        | 3488.08        | 656851         | 809205         | 1.46606e+06    | 0
328 | Apr 15, 2006  | 1021.74        | 3452.61        | 657793         | 813878         | 1.47167e+06    | 0
329 | May 15, 2006  | 1001.24        | 3314.98        | 658398         | 819787         | 1.47819e+06    | 0
330 | Jun 15, 2006  | 977.458        | 3217.19        | 659031         | 826952         | 1.48598e+06    | 0
331 | Jul 15, 2006  | 930.858        | 3150.84        | 659437         | 835505         | 1.49494e+06    | 0
332 | Aug 15, 2006  | 879.725        | 3058.19        | 659986         | 830992         | 1.49098e+06    | 0
333 | Sep 15, 2006  | 922.264        | 2923.41        | 660520         | 824720         | 1.48524e+06    | 0
334 | Oct 15, 2006  | 990.512        | 2909.15        | 660745         | 813980         | 1.47473e+06    | 0
335 | Nov 15, 2006  | 1030.11        | 3090.22        | 660355         | 804281         | 1.46464e+06    | 0
336 | Dec 15, 2006  | 1053.87        | 3270.72        | 659406         | 800056         | 1.45946e+06    | 0
337 | Jan 15, 2007  | 1081.15        | 3368.74        | 659401         | 797124         | 1.45652e+06    | 0
338 | Feb 15, 2007  | 1083.18        | 3437.87        | 660507         | 800551         | 1.46106e+06    | 0
339 | Mar 15, 2007  | 1027.57        | 3474.43        | 661289         | 804890         | 1.46618e+06    | 0
340 | Apr 15, 2007  | 1012.18        | 3388.38        | 661445         | 811168         | 1.47261e+06    | 0
341 | May 15, 2007  | 998.389        | 3256.27        | 661499         | 819099         | 1.4806e+06     | 0
342 | Jun 15, 2007  | 979.473        | 3205.95        | 661504         | 827883         | 1.48939e+06    | 0
343 | Jul 15, 2007  | 943.63         | 3159.8         | 661444         | 837791         | 1.49923e+06    | 0
344 | Aug 15, 2007  | 878.879        | 3088.54        | 661822         | 834555         | 1.49638e+06    | 0
345 | Sep 15, 2007  | 910.596        | 2951.71        | 662406         | 829234         | 1.49164e+06    | 0
346 | Oct 15, 2007  | 970.054        | 2895.54        | 662794         | 819314         | 1.48211e+06    | 0
347 | Nov 15, 2007  | 1007.41        | 3038.91        | 661980         | 810843         | 1.47282e+06    | 0
348 | Dec 15, 2007  | 1043.38        | 3196.36        | 661258         | 808052         | 1.46931e+06    | 0
349 | Jan 15, 2008  | 1087.09        | 3310.37        | 661148         | 807773         | 1.46892e+06    | 0
350 | Feb 15, 2008  | 1107.38        | 3432.59        | 661701         | 814290         | 1.47599e+06    | 0
351 | Mar 15, 2008  | 1087.47        | 3530.19        | 661908         | 820998         | 1.48291e+06    | 0
352 | Apr 15, 2008  | 1072.75        | 3525.52        | 661460         | 828208         | 1.48967e+06    | 0
353 | May 15, 2008  | 1045.74        | 3457.54        | 660943         | 835768         | 1.49671e+06    | 0
354 | Jun 15, 2008  | 1008.01        | 3385.96        | 660648         | 844130         | 1.50478e+06    | 0
355 | Jul 15, 2008  | 958.095        | 3287.6         | 660171         | 853328         | 1.5135e+06     | 0
356 | Aug 15, 2008  | 913.641        | 3165.81        | 659683         | 849620         | 1.5093e+06     | 0
357 | Sep 15, 2008  | 938.644        | 3030.66        | 659748         | 843774         | 1.50352e+06    | 0
358 | Oct 15, 2008  | 975.922        | 3002.96        | 659802         | 833063         | 1.49287e+06    | 0
359 | Nov 15, 2008  | 1004.53        | 3109.47        | 659017         | 823703         | 1.48272e+06    | 0
360 | Dec 15, 2008  | 1015.15        | 3217.44        | 658148         | 820495         | 1.47864e+06    | 0
361 | Jan 15, 2009  | 1025           | 3277.07        | 658317         | 819711         | 1.47803e+06    | 0
362 | Feb 15, 2009  | 1019.85        | 3302.63        | 659397         | 825611         | 1.48501e+06    | 0
363 | Mar 15, 2009  | 992.327        | 3298.09        | 659915         | 831816         | 1.49173e+06    | 0
364 | Apr 15, 2009  | 971.656        | 3233.47        | 659821         | 838524         | 1.49834e+06    | 0
365 | May 15, 2009  | 972.254        | 3142.89        | 659307         | 845587         | 1.50489e+06    | 0
366 | Jun 15, 2009  | 955.45         | 3096.67        | 658694         | 853372         | 1.51207e+06    | 0
367 | Jul 15, 2009  | 923.474        | 3076.17        | 658325         | 862020         | 1.52035e+06    | 0
368 | Aug 15, 2009  | 886.066        | 3014.05        | 658248         | 857259         | 1.51551e+06    | 0
369 | Sep 15, 2009  | 917.471        | 2923.14        | 658315         | 850458         | 1.50877e+06    | 0
370 | Oct 15, 2009  | 983.412        | 2916.05        | 657547         | 839487         | 1.49703e+06    | 0
371 | Nov 15, 2009  | 1010.37        | 3071.02        | 655592         | 829888         | 1.48548e+06    | 0
372 | Dec 15, 2009  | 1040.15        | 3227.74        | 652870         | 826259         | 1.47913e+06    | 0
373 | Jan 15, 2010  | 1079.59        | 3312.18        | 650756         | 823988         | 1.47474e+06    | 0
374 | Feb 15, 2010  | 1083.84        | 3414.53        | 650102         | 827860         | 1.47796e+06    | 0
375 | Mar 15, 2010  | 1085.03        | 3482.83        | 649138         | 831881         | 1.48102e+06    | 0
376 | Apr 15, 2010  | 1121.94        | 3478.67        | 648138         | 837279         | 1.48542e+06    | 0
377 | May 15, 2010  | 1113.74        | 3517.92        | 647495         | 843908         | 1.4914e+06     | 0
378 | Jun 15, 2010  | 1080.86        | 3564.95        | 647443         | 851631         | 1.49907e+06    | 0
379 | Jul 15, 2010  | 1013.51        | 3507.37        | 647746         | 860727         | 1.50847e+06    | 0
380 | Aug 15, 2010  | 952.472        | 3371.41        | 648360         | 857107         | 1.50547e+06    | 0
381 | Sep 15, 2010  | 988.444        | 3184.54        | 649818         | 851031         | 1.50085e+06    | 0
382 | Oct 15, 2010  | 1039.83        | 3137.88        | 651027         | 840169         | 1.4912e+06     | 0
383 | Nov 15, 2010  | 1073.69        | 3279.82        | 651889         | 830814         | 1.4827e+06     | 0
stock size: 985.298
384 | Dec 15, 2010  | 1104.77        | 3421.52        | 652682         | 827411         | 1.48009e+06    | 90178.7
Saving distributions to output//output_F0/alb_cohorts2010_12.dym
total catch in simulation (optimization): 0
end of forward run, likelihood: 0 0 0 90178.7 0

Control variables in optimisation:
1. nb recruitment(0) = 0.00326321

finished time: Wed Feb  8 23:30:36 2023


total time: 1.65 minutes
