
starting time: Thu Jan 19 18:40:56 2023

SST is in use in this simulation!

IMPORTANT: Maturity-at-age described by step function with 0 below and 1 above 50% maturity

FISHERIES without effort (1) in the simulation:  0 1 0 0 0 1 1 1 1 1 1 1 1 1 0
WARNING: LF likelihood is active -> using LF regions for biomass aggregation!
Is global domain? NO
src/Date.cpp : Time steps to skip in DYM files 0

Control variables in optimisation:
1. Mp mean exp(0) = 0.0659582
2. Ms mean max(0) = 0.00452179
3. Ms mean slope(0) = 1.13737
4. M mean range(0) = 2.30324e-07
5. a sst spawning(0) = 1.49263
6. b sst spawning(0) = 31.1
7. a sst larvae(0) = 1.49263
8. b sst larvae(0) = 28.5003
9. alpha hsp prey(0) = 0.000569604
10. alpha hsp predator(0) = 2.30637
11. beta hsp predator(0) = 1.53425
12. a sst habitat(0) = 3
13. b sst habitat(0) = 26.0496
14. T age size slope(0) = 2.83058
15. a oxy habitat(0) = 0.0001
16. b oxy habitat(0) = 3.76416
17. eF habitat epi(0) = 3.99991
18. eF habitat mmeso(0) = 0.897307
19. eF habitat hmbathy(0) = 3.99995
20. sigma species(0) = 4.80589
21. MSS species(0) = 0.489361
22. MSS size slope(0) = 0.427877
23. c diff fish(0) = 0.929416
24. nb recruitment(0) = 0.0387262
25. a adults spawning(0) = 0.160522
26. q(0,0) = 0.00183237
27. q(0,2) = 0.00100607
28. q(0,3) = 0.00185693
29. q(0,4) = 0.000418487
30. q(0,14) = 0.00175764
31. s sp fishery(0,0) = 5.13812
32. length threshold(0,0) = 48.7592
33. right asymptote(0,0) = 0.70516
34. right asymptote(0,2) = 1
35. s sp fishery(0,3) = 12.7992
36. length threshold(0,3) = 59.6204
37. right asymptote(0,3) = 1
38. s sp fishery(0,6) = 12.6937
39. length threshold(0,6) = 52.6621
40. right asymptote(0,6) = 0.732823
41. s sp fishery(0,8) = 16.2689
42. length threshold(0,8) = 62.4587
43. right asymptote(0,8) = 0.999999
44. s sp fishery(0,9) = 11.3133
45. length threshold(0,9) = 47.6534
46. right asymptote(0,9) = 1
47. s sp fishery(0,10) = 19.3594
48. length threshold(0,10) = 68.5942
49. right asymptote(0,10) = 1
50. s sp fishery(0,11) = 14.98
51. length threshold(0,11) = 65.2624
52. right asymptote(0,11) = 0.999999
53. s sp fishery(0,12) = 22.8165
54. length threshold(0,12) = 71.3883
55. right asymptote(0,12) = 0.999995
56. s sp fishery(0,13) = 21.5591
57. length threshold(0,13) = 71.6031
58. right asymptote(0,13) = 0.999982
Total number of variables: 58

-----Standard Time Stepping - 360 days calendar-----
Number of time steps in simulation : 384
Number of time steps in spin up    : 0
Delta T                            : 30
Jday_run                           : 712485
Start Date Run                     : 19790115
End Date Run                       : 20101215
----------------------------------------------------
TEST: skipjack data out of 35S-35N will not be used!
TEST: skipjack data EAST of 85W & SOUTH of 0 will not be used!

Reading fishing data from the file: 
//mnt/data/TOOLS/seapodym/seapodym-codebase/example-configs/skipjack/data/fisheries/skj/ds2013/skj_catch_17f_PO_config2.txt
Mean cpue by fishery:  2.61224 3.71192 5.9662 5.68314 3.04658 10.1081 16.5436 293.789 15.6209 18.0594 30.7531 0.270046 7.77089 17.0512 0.887552
weights for fisheries:  112.466 79.1474 49.2422 51.6948 96.4322 29.0646 17.7585 1 18.8074 16.2679 9.55316 1087.92 37.8063 17.2298 331.01
Number of cells with fishing data: 374564, sumt(Ct): 2.8867e+07
 1 1 1 1 1 1 1 5 1 1 1 1 1 1 5
Notification: The redistribution of fisheries 'without effort' to the model resolution...
Finished redistribution of the fishing data to the resolutions:
 1 1 1 1 1 1 1 2 1 1 1 1 1 1 5
Centers of degraded C-cells: 
92.5, 97.5,..., 292.5
62.5, 57.5,..., -52.5
After degradation the fishing data resolutions (by fishery) are: 
 5 1 5 5 5 1 1 2 1 1 1 1 1 1 5

Reading LF data from the file: 
//mnt/data/TOOLS/seapodym/seapodym-codebase/example-configs/skipjack/data/fisheries/skj/ds2013/skj_LF_11f_WCPO_L8mod.txt
Number of fine-resolution size distributions used from LF data: 9343


Reading LF data from the file: 
//mnt/data/TOOLS/seapodym/seapodym-codebase/example-configs/skipjack/data/fisheries/skj/ds2013/skj_LF_5f_PS_EPO_filtered.txt
Number of fine-resolution size distributions used from LF data: 6304

total penalty: 0.000630987; 
Model temporal dynamics:
step| Date          | Larvae         | Juveniles      | Young          | Adult          | Total_pop      | Likelihood    
----------------------------------------------------------------------------------------------------------
1   | Jan 15, 1979  | 1009.52        | 15024.1        | 2.47728e+06    | 6.40173e+06    | 8.87901e+06    | 0
2   | Feb 15, 1979  | 761.073        | 14058.2        | 2.60396e+06    | 6.24924e+06    | 8.8532e+06     | 0
3   | Mar 15, 1979  | 870.959        | 13439.8        | 2.64998e+06    | 6.20901e+06    | 8.859e+06      | 0
4   | Apr 15, 1979  | 979.371        | 11049.9        | 2.67154e+06    | 6.22333e+06    | 8.89487e+06    | 0
5   | May 15, 1979  | 1028.84        | 12628.3        | 2.64654e+06    | 6.29776e+06    | 8.9443e+06     | 0
6   | Jun 15, 1979  | 1049.31        | 13940.4        | 2.58652e+06    | 6.39425e+06    | 8.98077e+06    | 0
7   | Jul 15, 1979  | 1084.02        | 14499.2        | 2.51142e+06    | 6.50491e+06    | 9.01632e+06    | 0
8   | Aug 15, 1979  | 1118.29        | 14814.2        | 2.43684e+06    | 6.60833e+06    | 9.04517e+06    | 0
9   | Sep 15, 1979  | 1166.78        | 15306.6        | 2.36106e+06    | 6.70969e+06    | 9.07074e+06    | 0
10  | Oct 15, 1979  | 1123.98        | 15819.9        | 2.29957e+06    | 6.79458e+06    | 9.09414e+06    | 0
11  | Nov 15, 1979  | 1092.49        | 16198.7        | 2.29064e+06    | 6.82778e+06    | 9.11842e+06    | 0
12  | Dec 15, 1979  | 976.026        | 15593.5        | 2.29213e+06    | 6.85752e+06    | 9.14965e+06    | 0
13  | Jan 15, 1980  | 922.595        | 14903.9        | 2.44559e+06    | 6.74485e+06    | 9.19043e+06    | 0
14  | Feb 15, 1980  | 875.909        | 13484.3        | 2.54741e+06    | 6.67885e+06    | 9.22626e+06    | 0
15  | Mar 15, 1980  | 924.589        | 12804.4        | 2.59624e+06    | 6.66259e+06    | 9.25883e+06    | 0
16  | Apr 15, 1980  | 1012.36        | 12463.8        | 2.60959e+06    | 6.67115e+06    | 9.28075e+06    | 0
17  | May 15, 1980  | 1049.77        | 13269          | 2.60282e+06    | 6.70137e+06    | 9.30419e+06    | 0
18  | Jun 15, 1980  | 999.378        | 14299.5        | 2.56037e+06    | 6.75089e+06    | 9.31126e+06    | 0
19  | Jul 15, 1980  | 1049.29        | 14522.2        | 2.49391e+06    | 6.80579e+06    | 9.2997e+06     | 0
20  | Aug 15, 1980  | 1106.91        | 14094.5        | 2.40825e+06    | 6.88095e+06    | 9.2892e+06     | 0
21  | Sep 15, 1980  | 1091.87        | 14843.7        | 2.34219e+06    | 6.93367e+06    | 9.27586e+06    | 0
22  | Oct 15, 1980  | 1076.93        | 15450          | 2.28684e+06    | 6.96593e+06    | 9.25277e+06    | 0
23  | Nov 15, 1980  | 1001.94        | 15217.7        | 2.29532e+06    | 6.94147e+06    | 9.23678e+06    | 0
24  | Dec 15, 1980  | 893.558        | 14809.8        | 2.33983e+06    | 6.8876e+06     | 9.22743e+06    | 0
25  | Jan 15, 1981  | 817.509        | 13657.4        | 2.42247e+06    | 6.80755e+06    | 9.23003e+06    | 0
26  | Feb 15, 1981  | 772.5          | 12248.7        | 2.4783e+06     | 6.73809e+06    | 9.2164e+06     | 0
27  | Mar 15, 1981  | 842.082        | 11326.8        | 2.49079e+06    | 6.70774e+06    | 9.19853e+06    | 0
28  | Apr 15, 1981  | 1002.95        | 11070.8        | 2.46943e+06    | 6.69134e+06    | 9.16077e+06    | 0
29  | May 15, 1981  | 1033.17        | 12319.3        | 2.46471e+06    | 6.66525e+06    | 9.12996e+06    | 0
30  | Jun 15, 1981  | 1036.89        | 14191.8        | 2.40942e+06    | 6.67285e+06    | 9.08227e+06    | 0
31  | Jul 15, 1981  | 1065.32        | 14506.9        | 2.31591e+06    | 6.71407e+06    | 9.02998e+06    | 0
32  | Aug 15, 1981  | 1120.81        | 14626.4        | 2.23104e+06    | 6.75177e+06    | 8.98281e+06    | 0
33  | Sep 15, 1981  | 1126.52        | 15088.7        | 2.16216e+06    | 6.77611e+06    | 8.93827e+06    | 0
34  | Oct 15, 1981  | 1133.97        | 15719.3        | 2.13611e+06    | 6.76517e+06    | 8.90128e+06    | 0
35  | Nov 15, 1981  | 1021.29        | 15778          | 2.17987e+06    | 6.69671e+06    | 8.87658e+06    | 0
36  | Dec 15, 1981  | 903.19         | 15503.4        | 2.28172e+06    | 6.59343e+06    | 8.87516e+06    | 0
37  | Jan 15, 1982  | 814.76         | 13922.4        | 2.42565e+06    | 6.45956e+06    | 8.8852e+06     | 0
38  | Feb 15, 1982  | 818.473        | 12398.6        | 2.54373e+06    | 6.35122e+06    | 8.89494e+06    | 0
39  | Mar 15, 1982  | 902.707        | 11471.2        | 2.57424e+06    | 6.33588e+06    | 8.91012e+06    | 0
40  | Apr 15, 1982  | 983.32         | 11811.7        | 2.57285e+06    | 6.35452e+06    | 8.92737e+06    | 0
41  | May 15, 1982  | 1040.52        | 12999.4        | 2.54929e+06    | 6.38832e+06    | 8.93761e+06    | 0
42  | Jun 15, 1982  | 1044.54        | 14027.9        | 2.49827e+06    | 6.44854e+06    | 8.94682e+06    | 0
43  | Jul 15, 1982  | 1080.25        | 14636.4        | 2.41202e+06    | 6.52837e+06    | 8.94039e+06    | 0
44  | Aug 15, 1982  | 1157.62        | 14783.6        | 2.32296e+06    | 6.60882e+06    | 8.93178e+06    | 0
45  | Sep 15, 1982  | 1197.06        | 15407.7        | 2.23496e+06    | 6.69264e+06    | 8.92761e+06    | 0
46  | Oct 15, 1982  | 1157.42        | 16363.3        | 2.20971e+06    | 6.70704e+06    | 8.91676e+06    | 0
47  | Nov 15, 1982  | 1055.97        | 16632.6        | 2.25843e+06    | 6.65942e+06    | 8.91785e+06    | 0
48  | Dec 15, 1982  | 971.674        | 15847.9        | 2.37284e+06    | 6.56675e+06    | 8.93959e+06    | 0
49  | Jan 15, 1983  | 913.031        | 14411.9        | 2.49705e+06    | 6.48268e+06    | 8.97973e+06    | 2823.6
50  | Feb 15, 1983  | 956.794        | 13302          | 2.58415e+06    | 6.43329e+06    | 9.01744e+06    | 6792.41
51  | Mar 15, 1983  | 990.868        | 12826.1        | 2.62485e+06    | 6.42669e+06    | 9.05154e+06    | 11044.3
52  | Apr 15, 1983  | 1014.43        | 13493.3        | 2.62022e+06    | 6.45111e+06    | 9.07133e+06    | 17454.6
53  | May 15, 1983  | 1037.38        | 13950.6        | 2.60072e+06    | 6.48039e+06    | 9.08111e+06    | 22383.8
54  | Jun 15, 1983  | 1088.89        | 14197.9        | 2.5522e+06     | 6.52283e+06    | 9.07503e+06    | 28688.2
55  | Jul 15, 1983  | 1143.21        | 14500.6        | 2.46092e+06    | 6.58884e+06    | 9.04976e+06    | 33323.9
56  | Aug 15, 1983  | 1145.66        | 15160.3        | 2.3511e+06     | 6.65787e+06    | 9.00897e+06    | 36221.9
57  | Sep 15, 1983  | 1169.66        | 15751.8        | 2.26479e+06    | 6.70463e+06    | 8.96942e+06    | 39283.9
58  | Oct 15, 1983  | 1130.48        | 15852.8        | 2.23668e+06    | 6.68624e+06    | 8.92292e+06    | 42720.2
59  | Nov 15, 1983  | 1114.92        | 15991.7        | 2.26224e+06    | 6.61931e+06    | 8.88155e+06    | 46732.8
60  | Dec 15, 1983  | 995.37         | 15515.3        | 2.33255e+06    | 6.52022e+06    | 8.85277e+06    | 51016.3
61  | Jan 15, 1984  | 870.681        | 15033.6        | 2.39269e+06    | 6.45118e+06    | 8.84387e+06    | 53756.9
62  | Feb 15, 1984  | 814.321        | 13426.9        | 2.44577e+06    | 6.37221e+06    | 8.81798e+06    | 57999.4
63  | Mar 15, 1984  | 901.749        | 11961.4        | 2.49889e+06    | 6.31276e+06    | 8.81164e+06    | 64064.1
64  | Apr 15, 1984  | 1013.52        | 11633.6        | 2.53828e+06    | 6.26616e+06    | 8.80445e+06    | 66717.2
65  | May 15, 1984  | 1062.49        | 12940          | 2.53698e+06    | 6.26612e+06    | 8.8031e+06     | 82324
66  | Jun 15, 1984  | 1042.61        | 14297.8        | 2.48809e+06    | 6.31069e+06    | 8.79878e+06    | 94993.5
67  | Jul 15, 1984  | 1084.24        | 14764.9        | 2.42426e+06    | 6.36072e+06    | 8.78498e+06    | 100600
68  | Aug 15, 1984  | 1153.09        | 14666.8        | 2.34124e+06    | 6.42658e+06    | 8.76782e+06    | 103715
69  | Sep 15, 1984  | 1188.92        | 15342.4        | 2.27633e+06    | 6.48383e+06    | 8.76017e+06    | 109018
70  | Oct 15, 1984  | 1128.8         | 16197.5        | 2.2161e+06     | 6.53864e+06    | 8.75474e+06    | 112385
71  | Nov 15, 1984  | 1040.07        | 16374.5        | 2.21947e+06    | 6.53407e+06    | 8.75353e+06    | 115876
72  | Dec 15, 1984  | 915.604        | 15421          | 2.30332e+06    | 6.46291e+06    | 8.76623e+06    | 118754
73  | Jan 15, 1985  | 825.354        | 14082.3        | 2.43413e+06    | 6.35951e+06    | 8.79364e+06    | 120451
74  | Feb 15, 1985  | 788.086        | 12475.3        | 2.53548e+06    | 6.28807e+06    | 8.82355e+06    | 123822
75  | Mar 15, 1985  | 822.808        | 11417.8        | 2.58097e+06    | 6.2628e+06     | 8.84377e+06    | 129741
76  | Apr 15, 1985  | 955.454        | 11163.8        | 2.58443e+06    | 6.27896e+06    | 8.8634e+06     | 132944
77  | May 15, 1985  | 1006.74        | 11951.4        | 2.56986e+06    | 6.31212e+06    | 8.88198e+06    | 142780
78  | Jun 15, 1985  | 1001.2         | 13568.5        | 2.51082e+06    | 6.37808e+06    | 8.8889e+06     | 148332
79  | Jul 15, 1985  | 1053.29        | 14093.3        | 2.40292e+06    | 6.47533e+06    | 8.87825e+06    | 154881
80  | Aug 15, 1985  | 1132.98        | 14164.1        | 2.27363e+06    | 6.58332e+06    | 8.85695e+06    | 160050
81  | Sep 15, 1985  | 1156.84        | 14979.2        | 2.17505e+06    | 6.66203e+06    | 8.83709e+06    | 164609
82  | Oct 15, 1985  | 1156.54        | 15946.5        | 2.12645e+06    | 6.68566e+06    | 8.81211e+06    | 167577
83  | Nov 15, 1985  | 1083.08        | 16188.5        | 2.15535e+06    | 6.63503e+06    | 8.79038e+06    | 172056
84  | Dec 15, 1985  | 934.976        | 15939.4        | 2.24956e+06    | 6.53839e+06    | 8.78795e+06    | 176462
85  | Jan 15, 1986  | 831.827        | 14694.8        | 2.3803e+06     | 6.42007e+06    | 8.80037e+06    | 179363
86  | Feb 15, 1986  | 781.206        | 12791.6        | 2.51128e+06    | 6.31019e+06    | 8.82147e+06    | 181732
87  | Mar 15, 1986  | 865.061        | 11561.3        | 2.5757e+06     | 6.28209e+06    | 8.85779e+06    | 185471
88  | Apr 15, 1986  | 944.778        | 11270          | 2.601e+06      | 6.29205e+06    | 8.89306e+06    | 192554
89  | May 15, 1986  | 1054.73        | 12461.1        | 2.61191e+06    | 6.31915e+06    | 8.93106e+06    | 199417
90  | Jun 15, 1986  | 1054.53        | 13634.8        | 2.57539e+06    | 6.37446e+06    | 8.94985e+06    | 206998
91  | Jul 15, 1986  | 1082.22        | 14837.8        | 2.48619e+06    | 6.47583e+06    | 8.96202e+06    | 208370
92  | Aug 15, 1986  | 1144.59        | 14906.5        | 2.37988e+06    | 6.58481e+06    | 8.9647e+06     | 209362
93  | Sep 15, 1986  | 1153.09        | 15408.4        | 2.27458e+06    | 6.6949e+06     | 8.96948e+06    | 210911
94  | Oct 15, 1986  | 1171.1         | 16108.5        | 2.20946e+06    | 6.75237e+06    | 8.96183e+06    | 213322
95  | Nov 15, 1986  | 1052.22        | 16205.9        | 2.23321e+06    | 6.73242e+06    | 8.96563e+06    | 216051
96  | Dec 15, 1986  | 966.341        | 16011          | 2.33065e+06    | 6.66063e+06    | 8.99128e+06    | 218545
97  | Jan 15, 1987  | 885.687        | 14426          | 2.47561e+06    | 6.55215e+06    | 9.02776e+06    | 220823
98  | Feb 15, 1987  | 866.901        | 13262.3        | 2.58924e+06    | 6.47501e+06    | 9.06425e+06    | 224282
99  | Mar 15, 1987  | 927.174        | 12374.8        | 2.66208e+06    | 6.44837e+06    | 9.11045e+06    | 228525
100 | Apr 15, 1987  | 1022.1         | 12387.5        | 2.65736e+06    | 6.49382e+06    | 9.15119e+06    | 235414
101 | May 15, 1987  | 1020.69        | 13318.8        | 2.63372e+06    | 6.55106e+06    | 9.18477e+06    | 240401
102 | Jun 15, 1987  | 1017.52        | 14315.9        | 2.57701e+06    | 6.61933e+06    | 9.19634e+06    | 247251
103 | Jul 15, 1987  | 1036.14        | 14223.5        | 2.4857e+06     | 6.71214e+06    | 9.19784e+06    | 252955
104 | Aug 15, 1987  | 1171.13        | 14220.1        | 2.38865e+06    | 6.79768e+06    | 9.18633e+06    | 261171
105 | Sep 15, 1987  | 1189.73        | 14832.6        | 2.28678e+06    | 6.88443e+06    | 9.17121e+06    | 269015
106 | Oct 15, 1987  | 1150.1         | 16405.7        | 2.24995e+06    | 6.90057e+06    | 9.15052e+06    | 271908
107 | Nov 15, 1987  | 1073.38        | 16468          | 2.265e+06      | 6.85801e+06    | 9.123e+06      | 274898
108 | Dec 15, 1987  | 984.807        | 15768.9        | 2.3346e+06     | 6.76962e+06    | 9.10421e+06    | 278596
109 | Jan 15, 1988  | 895.461        | 14641.8        | 2.4291e+06     | 6.67603e+06    | 9.10513e+06    | 280812
110 | Feb 15, 1988  | 893.362        | 13415.2        | 2.50391e+06    | 6.59867e+06    | 9.10258e+06    | 284883
111 | Mar 15, 1988  | 931.816        | 12470.5        | 2.53579e+06    | 6.56745e+06    | 9.10324e+06    | 289840
112 | Apr 15, 1988  | 1024.47        | 12649.8        | 2.56286e+06    | 6.53815e+06    | 9.10101e+06    | 292712
113 | May 15, 1988  | 1049.95        | 13378.1        | 2.57937e+06    | 6.51876e+06    | 9.09814e+06    | 296114
114 | Jun 15, 1988  | 1035.6         | 14467          | 2.57083e+06    | 6.50753e+06    | 9.07836e+06    | 306560
115 | Jul 15, 1988  | 1027.5         | 14668.3        | 2.48547e+06    | 6.56729e+06    | 9.05276e+06    | 318445
116 | Aug 15, 1988  | 1048.58        | 14469.9        | 2.39008e+06    | 6.64045e+06    | 9.03052e+06    | 323168
117 | Sep 15, 1988  | 1076.6         | 14450.9        | 2.31619e+06    | 6.69373e+06    | 9.00991e+06    | 337112
118 | Oct 15, 1988  | 1053.5         | 14762.7        | 2.28157e+06    | 6.70187e+06    | 8.98343e+06    | 338538
119 | Nov 15, 1988  | 1004.44        | 14970.2        | 2.29574e+06    | 6.66379e+06    | 8.95953e+06    | 341140
120 | Dec 15, 1988  | 895.063        | 14525.9        | 2.36126e+06    | 6.58195e+06    | 8.94321e+06    | 345764
121 | Jan 15, 1989  | 785.297        | 13656.1        | 2.42828e+06    | 6.49971e+06    | 8.92799e+06    | 348493
122 | Feb 15, 1989  | 746.067        | 12186.3        | 2.47746e+06    | 6.42692e+06    | 8.90438e+06    | 352764
123 | Mar 15, 1989  | 818.741        | 10922.9        | 2.47631e+06    | 6.40327e+06    | 8.87957e+06    | 359900
124 | Apr 15, 1989  | 927.983        | 10731.8        | 2.45004e+06    | 6.40686e+06    | 8.85691e+06    | 362892
125 | May 15, 1989  | 1014.79        | 11848.7        | 2.41097e+06    | 6.4151e+06     | 8.82607e+06    | 371127
126 | Jun 15, 1989  | 1032.69        | 13284.4        | 2.35959e+06    | 6.42674e+06    | 8.78633e+06    | 380640
127 | Jul 15, 1989  | 1063.44        | 14277.4        | 2.28752e+06    | 6.45319e+06    | 8.74071e+06    | 387129
128 | Aug 15, 1989  | 1092.94        | 14556.3        | 2.20132e+06    | 6.4956e+06     | 8.69692e+06    | 388870
129 | Sep 15, 1989  | 1120.66        | 14991.3        | 2.12962e+06    | 6.51751e+06    | 8.64713e+06    | 395123
130 | Oct 15, 1989  | 1126.3         | 15390          | 2.09284e+06    | 6.50855e+06    | 8.60139e+06    | 398195
131 | Nov 15, 1989  | 1037.02        | 15698.1        | 2.12363e+06    | 6.44714e+06    | 8.57077e+06    | 401691
132 | Dec 15, 1989  | 909.367        | 15491.7        | 2.22621e+06    | 6.33672e+06    | 8.56293e+06    | 415373
133 | Jan 15, 1990  | 836.366        | 14131.7        | 2.3678e+06     | 6.20356e+06    | 8.57136e+06    | 416446
134 | Feb 15, 1990  | 800.733        | 12522.3        | 2.49124e+06    | 6.10666e+06    | 8.5979e+06     | 418360
135 | Mar 15, 1990  | 903.222        | 11668.2        | 2.55599e+06    | 6.06854e+06    | 8.62453e+06    | 431894
136 | Apr 15, 1990  | 982.395        | 11604.3        | 2.56254e+06    | 6.08259e+06    | 8.64513e+06    | 440758
137 | May 15, 1990  | 1047.59        | 13006.9        | 2.54008e+06    | 6.11869e+06    | 8.65877e+06    | 447323
138 | Jun 15, 1990  | 1048.48        | 14023.9        | 2.489e+06      | 6.18635e+06    | 8.67535e+06    | 465633
139 | Jul 15, 1990  | 1087.91        | 14684.3        | 2.41596e+06    | 6.26896e+06    | 8.68492e+06    | 468184
140 | Aug 15, 1990  | 1127.49        | 14790.7        | 2.32996e+06    | 6.35416e+06    | 8.68412e+06    | 470447
141 | Sep 15, 1990  | 1159.28        | 15355.6        | 2.2436e+06     | 6.44075e+06    | 8.68436e+06    | 474084
142 | Oct 15, 1990  | 1169.27        | 15895          | 2.20803e+06    | 6.47148e+06    | 8.67951e+06    | 476461
143 | Nov 15, 1990  | 1049.32        | 16246.2        | 2.25319e+06    | 6.43675e+06    | 8.68994e+06    | 479542
144 | Dec 15, 1990  | 925.257        | 15996.6        | 2.35168e+06    | 6.37028e+06    | 8.72196e+06    | 489147
145 | Jan 15, 1991  | 833.464        | 14329          | 2.48442e+06    | 6.27241e+06    | 8.75684e+06    | 489700
146 | Feb 15, 1991  | 814.909        | 12702.8        | 2.57463e+06    | 6.22744e+06    | 8.80208e+06    | 490511
147 | Mar 15, 1991  | 864.653        | 11665.5        | 2.62402e+06    | 6.21986e+06    | 8.84388e+06    | 574529
148 | Apr 15, 1991  | 978.892        | 11661.4        | 2.62654e+06    | 6.25622e+06    | 8.88276e+06    | 615449
149 | May 15, 1991  | 994.526        | 12560.6        | 2.61033e+06    | 6.30352e+06    | 8.91385e+06    | 623796
150 | Jun 15, 1991  | 1043.4         | 13863.4        | 2.55045e+06    | 6.36353e+06    | 8.91398e+06    | 632035
151 | Jul 15, 1991  | 1104.61        | 14105.7        | 2.4601e+06     | 6.44499e+06    | 8.90509e+06    | 633424
152 | Aug 15, 1991  | 1141.03        | 14806.2        | 2.34996e+06    | 6.53293e+06    | 8.88289e+06    | 634500
153 | Sep 15, 1991  | 1160.16        | 15598.7        | 2.23696e+06    | 6.62524e+06    | 8.8622e+06     | 637737
154 | Oct 15, 1991  | 1189.05        | 16061.4        | 2.18755e+06    | 6.64251e+06    | 8.83006e+06    | 638759
155 | Nov 15, 1991  | 1105.77        | 16314.3        | 2.21902e+06    | 6.60285e+06    | 8.82187e+06    | 640362
156 | Dec 15, 1991  | 964.274        | 16342.3        | 2.3167e+06     | 6.51562e+06    | 8.83232e+06    | 654339
157 | Jan 15, 1992  | 871.562        | 15004.8        | 2.44416e+06    | 6.42888e+06    | 8.87304e+06    | 655355
158 | Feb 15, 1992  | 895.353        | 13188.1        | 2.55914e+06    | 6.36244e+06    | 8.92158e+06    | 656285
159 | Mar 15, 1992  | 950.523        | 12234.7        | 2.61106e+06    | 6.34843e+06    | 8.9595e+06     | 664020
160 | Apr 15, 1992  | 1044.55        | 12707.4        | 2.64672e+06    | 6.33917e+06    | 8.98589e+06    | 665510
161 | May 15, 1992  | 1038.52        | 13611.6        | 2.63584e+06    | 6.34086e+06    | 8.9767e+06     | 667263
162 | Jun 15, 1992  | 1062.75        | 14567.8        | 2.57834e+06    | 6.39312e+06    | 8.97145e+06    | 672782
163 | Jul 15, 1992  | 1092.55        | 14465.9        | 2.49071e+06    | 6.45396e+06    | 8.94467e+06    | 677256
164 | Aug 15, 1992  | 1153.77        | 14798.3        | 2.39684e+06    | 6.52778e+06    | 8.92463e+06    | 678394
165 | Sep 15, 1992  | 1136.67        | 15325.4        | 2.29437e+06    | 6.61152e+06    | 8.90589e+06    | 683402
166 | Oct 15, 1992  | 1116.79        | 15959.6        | 2.23847e+06    | 6.64854e+06    | 8.88701e+06    | 693320
167 | Nov 15, 1992  | 1021.55        | 15691.3        | 2.26162e+06    | 6.59589e+06    | 8.85751e+06    | 695685
168 | Dec 15, 1992  | 930.635        | 15177.1        | 2.34926e+06    | 6.49931e+06    | 8.84857e+06    | 700537
169 | Jan 15, 1993  | 823.483        | 13874.8        | 2.43197e+06    | 6.4163e+06     | 8.84827e+06    | 701090
170 | Feb 15, 1993  | 822.017        | 12600.3        | 2.4949e+06     | 6.35763e+06    | 8.85253e+06    | 702418
171 | Mar 15, 1993  | 934.404        | 11460          | 2.50957e+06    | 6.34166e+06    | 8.85123e+06    | 719370
172 | Apr 15, 1993  | 1060.84        | 11828.3        | 2.52088e+06    | 6.33392e+06    | 8.85481e+06    | 720831
173 | May 15, 1993  | 1062.29        | 13445.3        | 2.49329e+06    | 6.33796e+06    | 8.83125e+06    | 761174
174 | Jun 15, 1993  | 1055.9         | 14793          | 2.42917e+06    | 6.36335e+06    | 8.79253e+06    | 778276
175 | Jul 15, 1993  | 1100.12        | 14718.7        | 2.33046e+06    | 6.4185e+06     | 8.74897e+06    | 779047
176 | Aug 15, 1993  | 1134.56        | 14771.7        | 2.24559e+06    | 6.46871e+06    | 8.71429e+06    | 779753
177 | Sep 15, 1993  | 1145.04        | 15372.3        | 2.17549e+06    | 6.50002e+06    | 8.67551e+06    | 781642
178 | Oct 15, 1993  | 1145.45        | 15787          | 2.15963e+06    | 6.48537e+06    | 8.645e+06      | 782359
179 | Nov 15, 1993  | 1067.01        | 15881.8        | 2.20256e+06    | 6.4181e+06     | 8.62066e+06    | 783581
180 | Dec 15, 1993  | 946.328        | 15633.7        | 2.31587e+06    | 6.29185e+06    | 8.60772e+06    | 790972
181 | Jan 15, 1994  | 851.552        | 14434.7        | 2.44041e+06    | 6.16962e+06    | 8.61003e+06    | 791898
182 | Feb 15, 1994  | 835.08         | 12862.3        | 2.51809e+06    | 6.10586e+06    | 8.62395e+06    | 794409
183 | Mar 15, 1994  | 897.302        | 11824.6        | 2.53294e+06    | 6.10563e+06    | 8.63856e+06    | 806512
184 | Apr 15, 1994  | 1006.24        | 11879.5        | 2.53908e+06    | 6.10785e+06    | 8.64693e+06    | 807775
185 | May 15, 1994  | 1043.04        | 12903.5        | 2.52935e+06    | 6.1252e+06     | 8.65455e+06    | 811244
186 | Jun 15, 1994  | 1053.85        | 14207          | 2.47786e+06    | 6.17137e+06    | 8.64923e+06    | 822152
187 | Jul 15, 1994  | 1083           | 14609.3        | 2.39922e+06    | 6.23829e+06    | 8.63751e+06    | 823128
188 | Aug 15, 1994  | 1129.56        | 14798.9        | 2.31498e+06    | 6.31188e+06    | 8.62686e+06    | 827003
189 | Sep 15, 1994  | 1154.39        | 15275.4        | 2.23111e+06    | 6.37956e+06    | 8.61067e+06    | 828690
190 | Oct 15, 1994  | 1125.98        | 15857.5        | 2.1885e+06     | 6.40209e+06    | 8.59059e+06    | 829689
191 | Nov 15, 1994  | 1053.37        | 16004.8        | 2.21881e+06    | 6.35771e+06    | 8.57652e+06    | 830970
192 | Dec 15, 1994  | 903.133        | 15443.2        | 2.31407e+06    | 6.26918e+06    | 8.58325e+06    | 851821
193 | Jan 15, 1995  | 841.961        | 14205.7        | 2.43156e+06    | 6.15602e+06    | 8.58757e+06    | 889295
194 | Feb 15, 1995  | 830.659        | 12389.6        | 2.52552e+06    | 6.07429e+06    | 8.59981e+06    | 897392
195 | Mar 15, 1995  | 898.313        | 11716.9        | 2.55744e+06    | 6.05454e+06    | 8.61198e+06    | 933620
196 | Apr 15, 1995  | 967.78         | 11837.5        | 2.55673e+06    | 6.07578e+06    | 8.63251e+06    | 936448
197 | May 15, 1995  | 1010.06        | 12804.8        | 2.52879e+06    | 6.11794e+06    | 8.64674e+06    | 939631
198 | Jun 15, 1995  | 988.541        | 13673.1        | 2.46793e+06    | 6.18478e+06    | 8.6527e+06     | 968885
199 | Jul 15, 1995  | 1022.98        | 14051.7        | 2.37614e+06    | 6.2709e+06     | 8.64703e+06    | 1.0294e+06
200 | Aug 15, 1995  | 1094.29        | 13914.5        | 2.27524e+06    | 6.36124e+06    | 8.63648e+06    | 1.03164e+06
201 | Sep 15, 1995  | 1114.84        | 14525.3        | 2.18875e+06    | 6.42831e+06    | 8.61705e+06    | 1.04992e+06
202 | Oct 15, 1995  | 1108.2         | 15377.8        | 2.1381e+06     | 6.45087e+06    | 8.58896e+06    | 1.05035e+06
203 | Nov 15, 1995  | 1017.1         | 15548.6        | 2.17292e+06    | 6.38804e+06    | 8.56096e+06    | 1.05187e+06
204 | Dec 15, 1995  | 903.43         | 15185.6        | 2.25308e+06    | 6.2853e+06     | 8.53838e+06    | 1.0785e+06
205 | Jan 15, 1996  | 787.466        | 13848.8        | 2.34968e+06    | 6.17928e+06    | 8.52896e+06    | 1.07931e+06
206 | Feb 15, 1996  | 717.056        | 12278.9        | 2.42211e+06    | 6.09537e+06    | 8.51748e+06    | 1.08205e+06
207 | Mar 15, 1996  | 774.802        | 10818.7        | 2.4591e+06     | 6.04557e+06    | 8.50467e+06    | 1.12423e+06
208 | Apr 15, 1996  | 955.367        | 10252.7        | 2.46452e+06    | 6.04275e+06    | 8.50728e+06    | 1.12576e+06
209 | May 15, 1996  | 1012.08        | 11425.2        | 2.4605e+06     | 6.03545e+06    | 8.49596e+06    | 1.1649e+06
210 | Jun 15, 1996  | 1030.33        | 13590.3        | 2.416e+06      | 6.06042e+06    | 8.47642e+06    | 1.20509e+06
211 | Jul 15, 1996  | 1053.18        | 14252.5        | 2.32278e+06    | 6.12733e+06    | 8.45011e+06    | 1.20807e+06
212 | Aug 15, 1996  | 1077.78        | 14519.4        | 2.2152e+06     | 6.2099e+06     | 8.42511e+06    | 1.21042e+06
213 | Sep 15, 1996  | 1126.96        | 14867.1        | 2.11153e+06    | 6.28458e+06    | 8.39611e+06    | 1.23708e+06
214 | Oct 15, 1996  | 1101.19        | 15270.4        | 2.05746e+06    | 6.30747e+06    | 8.36493e+06    | 1.25015e+06
215 | Nov 15, 1996  | 1013.66        | 15690.6        | 2.07529e+06    | 6.26937e+06    | 8.34466e+06    | 1.25242e+06
216 | Dec 15, 1996  | 913.642        | 15116.3        | 2.17657e+06    | 6.15803e+06    | 8.3346e+06     | 1.29347e+06
217 | Jan 15, 1997  | 780.867        | 13872.6        | 2.33262e+06    | 6.00726e+06    | 8.33988e+06    | 1.29416e+06
218 | Feb 15, 1997  | 740.597        | 12412.9        | 2.47563e+06    | 5.88453e+06    | 8.36017e+06    | 1.29501e+06
219 | Mar 15, 1997  | 799.635        | 10871.9        | 2.52908e+06    | 5.86495e+06    | 8.39403e+06    | 1.31056e+06
220 | Apr 15, 1997  | 987.02         | 10668.7        | 2.5341e+06     | 5.89503e+06    | 8.42913e+06    | 1.31277e+06
221 | May 15, 1997  | 1025.33        | 11880.9        | 2.50909e+06    | 5.95084e+06    | 8.45993e+06    | 1.31892e+06
222 | Jun 15, 1997  | 1062.21        | 14054.8        | 2.4468e+06     | 6.02612e+06    | 8.47292e+06    | 1.33774e+06
223 | Jul 15, 1997  | 1105.64        | 14499.9        | 2.36076e+06    | 6.1127e+06     | 8.47346e+06    | 1.34327e+06
224 | Aug 15, 1997  | 1213.91        | 14989.4        | 2.24992e+06    | 6.21765e+06    | 8.46757e+06    | 1.35038e+06
225 | Sep 15, 1997  | 1267.37        | 15796.6        | 2.15702e+06    | 6.30622e+06    | 8.46323e+06    | 1.35476e+06
226 | Oct 15, 1997  | 1226.07        | 17147.7        | 2.11781e+06    | 6.35729e+06    | 8.4751e+06     | 1.35569e+06
227 | Nov 15, 1997  | 1111.69        | 17572.3        | 2.14769e+06    | 6.34228e+06    | 8.48997e+06    | 1.35692e+06
228 | Dec 15, 1997  | 1012.82        | 16717.1        | 2.27282e+06    | 6.25172e+06    | 8.52454e+06    | 1.37494e+06
229 | Jan 15, 1998  | 961.595        | 15124.9        | 2.43943e+06    | 6.13113e+06    | 8.57056e+06    | 1.37634e+06
230 | Feb 15, 1998  | 953.782        | 13888.6        | 2.59311e+06    | 6.03247e+06    | 8.62558e+06    | 1.37694e+06
231 | Mar 15, 1998  | 926.555        | 13360.6        | 2.65514e+06    | 6.02588e+06    | 8.68102e+06    | 1.39432e+06
232 | Apr 15, 1998  | 948.807        | 13250.5        | 2.69225e+06    | 6.03421e+06    | 8.72647e+06    | 1.39564e+06
233 | May 15, 1998  | 1002.64        | 12998.1        | 2.69832e+06    | 6.05702e+06    | 8.75534e+06    | 1.45127e+06
234 | Jun 15, 1998  | 1061.1         | 13358          | 2.66389e+06    | 6.11858e+06    | 8.78246e+06    | 1.56326e+06
235 | Jul 15, 1998  | 1080.51        | 14064.2        | 2.5598e+06     | 6.22347e+06    | 8.78327e+06    | 1.5642e+06
236 | Aug 15, 1998  | 1080.86        | 14751.5        | 2.42005e+06    | 6.3407e+06     | 8.76075e+06    | 1.57977e+06
237 | Sep 15, 1998  | 1060.28        | 14978.3        | 2.29873e+06    | 6.43688e+06    | 8.73561e+06    | 1.60417e+06
238 | Oct 15, 1998  | 1059.55        | 14907          | 2.23001e+06    | 6.46248e+06    | 8.69249e+06    | 1.60501e+06
239 | Nov 15, 1998  | 1025.94        | 14635.9        | 2.21899e+06    | 6.43166e+06    | 8.65066e+06    | 1.60793e+06
240 | Dec 15, 1998  | 936.799        | 14496.3        | 2.24133e+06    | 6.35878e+06    | 8.6001e+06     | 1.63209e+06
241 | Jan 15, 1999  | 800.598        | 13882          | 2.27483e+06    | 6.27576e+06    | 8.55059e+06    | 1.63255e+06
242 | Feb 15, 1999  | 767.197        | 12566.6        | 2.33278e+06    | 6.16893e+06    | 8.50171e+06    | 1.73292e+06
243 | Mar 15, 1999  | 862.703        | 11046.7        | 2.384e+06      | 6.07636e+06    | 8.46036e+06    | 1.7656e+06
244 | Apr 15, 1999  | 1004.81        | 11016.5        | 2.39862e+06    | 6.0014e+06     | 8.40001e+06    | 1.76662e+06
245 | May 15, 1999  | 1005.75        | 12510.1        | 2.36435e+06    | 5.96987e+06    | 8.33422e+06    | 1.7734e+06
246 | Jun 15, 1999  | 1027.75        | 14089.9        | 2.30624e+06    | 5.97211e+06    | 8.27835e+06    | 1.77828e+06
247 | Jul 15, 1999  | 1054.62        | 14141.4        | 2.24156e+06    | 5.98395e+06    | 8.22551e+06    | 1.77853e+06
248 | Aug 15, 1999  | 1072.97        | 14444.8        | 2.18479e+06    | 5.98035e+06    | 8.16514e+06    | 1.77913e+06
249 | Sep 15, 1999  | 1101.9         | 14814          | 2.12929e+06    | 5.98255e+06    | 8.11184e+06    | 1.79275e+06
250 | Oct 15, 1999  | 1087.39        | 15091.8        | 2.09796e+06    | 5.98355e+06    | 8.08151e+06    | 1.79316e+06
251 | Nov 15, 1999  | 1012.27        | 15329.5        | 2.1203e+06     | 5.95082e+06    | 8.07112e+06    | 1.79423e+06
252 | Dec 15, 1999  | 866.199        | 14919          | 2.22365e+06    | 5.84335e+06    | 8.067e+06      | 1.79991e+06
253 | Jan 15, 2000  | 734.324        | 13675.3        | 2.356e+06      | 5.73673e+06    | 8.09273e+06    | 1.80035e+06
254 | Feb 15, 2000  | 687.049        | 11721.9        | 2.44786e+06    | 5.6677e+06     | 8.11556e+06    | 1.84513e+06
255 | Mar 15, 2000  | 769.803        | 10173.5        | 2.4664e+06     | 5.65041e+06    | 8.11681e+06    | 1.95191e+06
256 | Apr 15, 2000  | 928.186        | 9923.94        | 2.46692e+06    | 5.66261e+06    | 8.12953e+06    | 1.95247e+06
257 | May 15, 2000  | 1017.16        | 11320.7        | 2.4327e+06     | 5.69783e+06    | 8.13053e+06    | 1.95655e+06
258 | Jun 15, 2000  | 1031.07        | 13321.4        | 2.36334e+06    | 5.76635e+06    | 8.12968e+06    | 1.97059e+06
259 | Jul 15, 2000  | 1079.36        | 14317.6        | 2.27138e+06    | 5.84948e+06    | 8.12086e+06    | 1.97146e+06
260 | Aug 15, 2000  | 1143.23        | 14601.4        | 2.16144e+06    | 5.94051e+06    | 8.10195e+06    | 1.97165e+06
261 | Sep 15, 2000  | 1182.85        | 15328.6        | 2.0585e+06     | 6.01632e+06    | 8.07482e+06    | 1.98065e+06
262 | Oct 15, 2000  | 1146.35        | 16140          | 2.00311e+06    | 6.07113e+06    | 8.07424e+06    | 1.98076e+06
263 | Nov 15, 2000  | 1056.13        | 16431.3        | 2.04088e+06    | 6.04812e+06    | 8.08901e+06    | 1.981e+06
264 | Dec 15, 2000  | 922.54         | 15726.9        | 2.17134e+06    | 5.95876e+06    | 8.13011e+06    | 1.99876e+06
265 | Jan 15, 2001  | 811.813        | 14326.7        | 2.3495e+06     | 5.84118e+06    | 8.19068e+06    | 1.99903e+06
266 | Feb 15, 2001  | 758.029        | 12540.7        | 2.50568e+06    | 5.75073e+06    | 8.25641e+06    | 2.00005e+06
267 | Mar 15, 2001  | 839.562        | 11242.2        | 2.58342e+06    | 5.73532e+06    | 8.31875e+06    | 2.06024e+06
268 | Apr 15, 2001  | 984.525        | 10947.5        | 2.60542e+06    | 5.77803e+06    | 8.38345e+06    | 2.06182e+06
269 | May 15, 2001  | 1037.21        | 12293.7        | 2.59007e+06    | 5.82221e+06    | 8.41228e+06    | 2.06387e+06
270 | Jun 15, 2001  | 1019.74        | 14023.9        | 2.52954e+06    | 5.906e+06      | 8.43554e+06    | 2.09836e+06
271 | Jul 15, 2001  | 1054.33        | 14519.7        | 2.42541e+06    | 6.02944e+06    | 8.45485e+06    | 2.17036e+06
272 | Aug 15, 2001  | 1119.57        | 14411          | 2.30074e+06    | 6.16932e+06    | 8.47007e+06    | 2.17041e+06
273 | Sep 15, 2001  | 1142.57        | 14986.9        | 2.19545e+06    | 6.28365e+06    | 8.4791e+06     | 2.18903e+06
274 | Oct 15, 2001  | 1096.72        | 15774.2        | 2.14034e+06    | 6.3408e+06     | 8.48115e+06    | 2.18947e+06
275 | Nov 15, 2001  | 1032.21        | 15860.2        | 2.16512e+06    | 6.30783e+06    | 8.47295e+06    | 2.19027e+06
276 | Dec 15, 2001  | 922.752        | 15103.8        | 2.2629e+06     | 6.22869e+06    | 8.49159e+06    | 2.21205e+06
277 | Jan 15, 2002  | 828.35         | 14056.5        | 2.39486e+06    | 6.09968e+06    | 8.49454e+06    | 2.21903e+06
278 | Feb 15, 2002  | 792.381        | 12593.2        | 2.50394e+06    | 6.01029e+06    | 8.51423e+06    | 2.22008e+06
279 | Mar 15, 2002  | 860.131        | 11502.9        | 2.54096e+06    | 5.98859e+06    | 8.52955e+06    | 2.31211e+06
280 | Apr 15, 2002  | 995.218        | 11361.3        | 2.53642e+06    | 5.999e+06      | 8.53542e+06    | 2.31339e+06
281 | May 15, 2002  | 1020.69        | 12525.4        | 2.52013e+06    | 6.01803e+06    | 8.53816e+06    | 2.3146e+06
282 | Jun 15, 2002  | 1021.49        | 14066.2        | 2.46696e+06    | 6.06302e+06    | 8.52998e+06    | 2.37006e+06
283 | Jul 15, 2002  | 1091.36        | 14294.1        | 2.3696e+06     | 6.13469e+06    | 8.50429e+06    | 2.37042e+06
284 | Aug 15, 2002  | 1146.47        | 14472.5        | 2.26175e+06    | 6.22272e+06    | 8.48447e+06    | 2.37557e+06
285 | Sep 15, 2002  | 1186.01        | 15420          | 2.18202e+06    | 6.27861e+06    | 8.46063e+06    | 2.41494e+06
286 | Oct 15, 2002  | 1112.27        | 16153.7        | 2.1424e+06     | 6.28888e+06    | 8.43127e+06    | 2.41695e+06
287 | Nov 15, 2002  | 1021.86        | 16344.9        | 2.17187e+06    | 6.23527e+06    | 8.40714e+06    | 2.42813e+06
288 | Dec 15, 2002  | 895.292        | 15226.6        | 2.26869e+06    | 6.11738e+06    | 8.38608e+06    | 2.4673e+06
289 | Jan 15, 2003  | 856.961        | 13841          | 2.39961e+06    | 5.99146e+06    | 8.39107e+06    | 2.53211e+06
290 | Feb 15, 2003  | 820.297        | 12330.9        | 2.50365e+06    | 5.89002e+06    | 8.39367e+06    | 2.5358e+06
291 | Mar 15, 2003  | 854.109        | 11865.6        | 2.53826e+06    | 5.86106e+06    | 8.39932e+06    | 2.79236e+06
292 | Apr 15, 2003  | 945.072        | 11620.1        | 2.54692e+06    | 5.86159e+06    | 8.40851e+06    | 2.84768e+06
293 | May 15, 2003  | 976.016        | 12280.5        | 2.53775e+06    | 5.89355e+06    | 8.4313e+06     | 3.04388e+06
294 | Jun 15, 2003  | 977.689        | 13360.7        | 2.47089e+06    | 5.97082e+06    | 8.44171e+06    | 3.13348e+06
295 | Jul 15, 2003  | 1018.4         | 13671.3        | 2.36464e+06    | 6.07116e+06    | 8.4358e+06     | 3.13413e+06
296 | Aug 15, 2003  | 1061.6         | 13795.2        | 2.23652e+06    | 6.18113e+06    | 8.41765e+06    | 3.13421e+06
297 | Sep 15, 2003  | 1101.64        | 14384.7        | 2.14601e+06    | 6.24603e+06    | 8.39204e+06    | 3.20494e+06
298 | Oct 15, 2003  | 1121.54        | 14979.6        | 2.10213e+06    | 6.25397e+06    | 8.3561e+06     | 3.20553e+06
299 | Nov 15, 2003  | 1025.46        | 15432.5        | 2.13381e+06    | 6.18962e+06    | 8.32343e+06    | 3.20573e+06
300 | Dec 15, 2003  | 877.61         | 15335.1        | 2.19314e+06    | 6.10212e+06    | 8.29527e+06    | 3.26332e+06
301 | Jan 15, 2004  | 798.027        | 13843          | 2.28249e+06    | 5.9896e+06     | 8.27209e+06    | 3.26439e+06
302 | Feb 15, 2004  | 754.653        | 12004.6        | 2.36862e+06    | 5.89384e+06    | 8.26246e+06    | 3.26526e+06
303 | Mar 15, 2004  | 818.146        | 11056.5        | 2.41153e+06    | 5.8247e+06     | 8.23624e+06    | 3.31519e+06
304 | Apr 15, 2004  | 921.614        | 10824.3        | 2.42747e+06    | 5.79775e+06    | 8.22522e+06    | 3.31809e+06
305 | May 15, 2004  | 984.934        | 11829.4        | 2.42345e+06    | 5.78228e+06    | 8.20572e+06    | 3.31986e+06
306 | Jun 15, 2004  | 1010.61        | 13127.1        | 2.38517e+06    | 5.81625e+06    | 8.20142e+06    | 3.37914e+06
307 | Jul 15, 2004  | 1047.43        | 13889.9        | 2.31053e+06    | 5.8679e+06     | 8.17843e+06    | 3.38021e+06
308 | Aug 15, 2004  | 1090.48        | 14273.9        | 2.21174e+06    | 5.94152e+06    | 8.15327e+06    | 3.3865e+06
309 | Sep 15, 2004  | 1133.35        | 14806.2        | 2.10242e+06    | 6.00944e+06    | 8.11186e+06    | 3.45822e+06
310 | Oct 15, 2004  | 1106.55        | 15382.5        | 2.04114e+06    | 6.00984e+06    | 8.05098e+06    | 3.50748e+06
311 | Nov 15, 2004  | 999.09         | 15747.9        | 2.07145e+06    | 5.94334e+06    | 8.0148e+06     | 3.50895e+06
312 | Dec 15, 2004  | 858.455        | 15108.6        | 2.16154e+06    | 5.84265e+06    | 8.00419e+06    | 3.58519e+06
313 | Jan 15, 2005  | 800.45         | 13516          | 2.2933e+06     | 5.72893e+06    | 8.02223e+06    | 3.58612e+06
314 | Feb 15, 2005  | 765.427        | 11799.9        | 2.40607e+06    | 5.64407e+06    | 8.05013e+06    | 3.58661e+06
315 | Mar 15, 2005  | 806.772        | 11106.7        | 2.46561e+06    | 5.60513e+06    | 8.07074e+06    | 3.64249e+06
316 | Apr 15, 2005  | 917.162        | 10869.9        | 2.47915e+06    | 5.62147e+06    | 8.10062e+06    | 3.64348e+06
317 | May 15, 2005  | 990.577        | 11676.6        | 2.4498e+06     | 5.64334e+06    | 8.09314e+06    | 3.64899e+06
318 | Jun 15, 2005  | 1013.35        | 13107.9        | 2.38429e+06    | 5.68087e+06    | 8.06516e+06    | 3.72762e+06
319 | Jul 15, 2005  | 1042.74        | 13940.4        | 2.28647e+06    | 5.74337e+06    | 8.02983e+06    | 3.72885e+06
320 | Aug 15, 2005  | 1088.25        | 14258.5        | 2.16765e+06    | 5.84023e+06    | 8.00788e+06    | 3.81504e+06
321 | Sep 15, 2005  | 1144.94        | 14728.9        | 2.06504e+06    | 5.92638e+06    | 7.99142e+06    | 3.86242e+06
322 | Oct 15, 2005  | 1134.81        | 15389.8        | 2.01797e+06    | 5.93442e+06    | 7.95239e+06    | 3.86257e+06
323 | Nov 15, 2005  | 1005.12        | 15956.4        | 2.05839e+06    | 5.86052e+06    | 7.91891e+06    | 3.86316e+06
324 | Dec 15, 2005  | 867.637        | 15452.5        | 2.14911e+06    | 5.75952e+06    | 7.90863e+06    | 3.90401e+06
325 | Jan 15, 2006  | 775.876        | 13618.5        | 2.2762e+06     | 5.6436e+06     | 7.9198e+06     | 3.90549e+06
326 | Feb 15, 2006  | 729.332        | 11850.5        | 2.39407e+06    | 5.54788e+06    | 7.94195e+06    | 3.90647e+06
327 | Mar 15, 2006  | 818.329        | 10743          | 2.45725e+06    | 5.49234e+06    | 7.9496e+06     | 3.97787e+06
328 | Apr 15, 2006  | 937.355        | 10541          | 2.47057e+06    | 5.48042e+06    | 7.95099e+06    | 3.97827e+06
329 | May 15, 2006  | 1017.83        | 11914.3        | 2.4524e+06     | 5.49917e+06    | 7.95157e+06    | 3.98011e+06
330 | Jun 15, 2006  | 1010.14        | 13438.6        | 2.39807e+06    | 5.54549e+06    | 7.94356e+06    | 4.08733e+06
331 | Jul 15, 2006  | 1023.98        | 14260.7        | 2.31018e+06    | 5.61552e+06    | 7.92571e+06    | 4.09276e+06
332 | Aug 15, 2006  | 1094.27        | 14198.4        | 2.19213e+06    | 5.71776e+06    | 7.90989e+06    | 4.09477e+06
333 | Sep 15, 2006  | 1135.33        | 14580.4        | 2.07596e+06    | 5.8112e+06     | 7.88716e+06    | 4.15849e+06
334 | Oct 15, 2006  | 1075.4         | 15465.5        | 2.02599e+06    | 5.82944e+06    | 7.85543e+06    | 4.15935e+06
335 | Nov 15, 2006  | 1023.16        | 15691.9        | 2.05917e+06    | 5.77829e+06    | 7.83746e+06    | 4.16029e+06
336 | Dec 15, 2006  | 888.721        | 14813.2        | 2.15934e+06    | 5.67623e+06    | 7.83557e+06    | 4.209e+06
337 | Jan 15, 2007  | 789.728        | 13818.9        | 2.29841e+06    | 5.54254e+06    | 7.84095e+06    | 4.21468e+06
338 | Feb 15, 2007  | 765.422        | 12068          | 2.407e+06      | 5.45005e+06    | 7.85704e+06    | 4.21573e+06
339 | Mar 15, 2007  | 800.88         | 10971.6        | 2.45792e+06    | 5.41624e+06    | 7.87416e+06    | 4.27236e+06
340 | Apr 15, 2007  | 869.729        | 10893.3        | 2.45232e+06    | 5.44271e+06    | 7.89503e+06    | 4.28055e+06
341 | May 15, 2007  | 924.954        | 11526.4        | 2.42651e+06    | 5.47454e+06    | 7.90105e+06    | 4.28794e+06
342 | Jun 15, 2007  | 937.94         | 12410.2        | 2.37557e+06    | 5.52292e+06    | 7.89849e+06    | 4.42341e+06
343 | Jul 15, 2007  | 958.258        | 13032.1        | 2.28226e+06    | 5.60276e+06    | 7.88502e+06    | 4.42683e+06
344 | Aug 15, 2007  | 1000.66        | 13232.3        | 2.16124e+06    | 5.68951e+06    | 7.85075e+06    | 4.43317e+06
345 | Sep 15, 2007  | 1075.67        | 13578.8        | 2.07014e+06    | 5.75598e+06    | 7.82612e+06    | 4.464e+06
346 | Oct 15, 2007  | 1056.95        | 14259.9        | 1.99964e+06    | 5.76504e+06    | 7.76468e+06    | 4.46519e+06
347 | Nov 15, 2007  | 952.635        | 14982          | 2.00218e+06    | 5.71093e+06    | 7.7131e+06     | 4.47714e+06
348 | Dec 15, 2007  | 826.295        | 14417.9        | 2.05853e+06    | 5.58775e+06    | 7.64627e+06    | 4.55783e+06
349 | Jan 15, 2008  | 726.373        | 12892.2        | 2.14406e+06    | 5.45902e+06    | 7.60307e+06    | 4.7796e+06
350 | Feb 15, 2008  | 660.36         | 11259          | 2.22631e+06    | 5.34161e+06    | 7.56792e+06    | 4.82713e+06
351 | Mar 15, 2008  | 692.159        | 10033.2        | 2.27821e+06    | 5.26689e+06    | 7.54509e+06    | 4.89609e+06
352 | Apr 15, 2008  | 827.084        | 9464.66        | 2.29948e+06    | 5.2395e+06     | 7.53897e+06    | 4.89684e+06
353 | May 15, 2008  | 936.042        | 10224.2        | 2.2863e+06     | 5.21505e+06    | 7.50134e+06    | 4.90089e+06
354 | Jun 15, 2008  | 963.868        | 12000          | 2.24214e+06    | 5.21308e+06    | 7.45522e+06    | 5.06986e+06
355 | Jul 15, 2008  | 1008.03        | 13247.9        | 2.16165e+06    | 5.24778e+06    | 7.40944e+06    | 5.07024e+06
356 | Aug 15, 2008  | 1043.31        | 13662.9        | 2.04192e+06    | 5.33703e+06    | 7.37895e+06    | 5.07418e+06
357 | Sep 15, 2008  | 1104.05        | 14261.6        | 1.93251e+06    | 5.42003e+06    | 7.35254e+06    | 5.11118e+06
358 | Oct 15, 2008  | 1104.01        | 14808.3        | 1.8791e+06     | 5.44292e+06    | 7.32203e+06    | 5.15407e+06
359 | Nov 15, 2008  | 1027.9         | 15428.4        | 1.8975e+06     | 5.39834e+06    | 7.29584e+06    | 5.16006e+06
360 | Dec 15, 2008  | 928.608        | 15176.4        | 1.98533e+06    | 5.29908e+06    | 7.2844e+06     | 5.23381e+06
361 | Jan 15, 2009  | 769.934        | 14063.9        | 2.12916e+06    | 5.16633e+06    | 7.29549e+06    | 5.41084e+06
362 | Feb 15, 2009  | 711.291        | 12564.1        | 2.27901e+06    | 5.04317e+06    | 7.32217e+06    | 5.4175e+06
363 | Mar 15, 2009  | 760.103        | 10682.2        | 2.37357e+06    | 4.97227e+06    | 7.34584e+06    | 5.44681e+06
364 | Apr 15, 2009  | 876.43         | 10226.2        | 2.40993e+06    | 4.96978e+06    | 7.37971e+06    | 5.44749e+06
365 | May 15, 2009  | 968.384        | 11122.8        | 2.41151e+06    | 4.9859e+06     | 7.39742e+06    | 5.45703e+06
366 | Jun 15, 2009  | 993.603        | 12656.4        | 2.37263e+06    | 5.03651e+06    | 7.40914e+06    | 5.53445e+06
367 | Jul 15, 2009  | 1064.98        | 13699.7        | 2.30286e+06    | 5.10894e+06    | 7.4118e+06     | 5.5348e+06
368 | Aug 15, 2009  | 1120.58        | 14160.3        | 2.2044e+06     | 5.22562e+06    | 7.43002e+06    | 5.53696e+06
369 | Sep 15, 2009  | 1128.36        | 15137.9        | 2.09876e+06    | 5.33945e+06    | 7.43821e+06    | 5.58962e+06
370 | Oct 15, 2009  | 1116.27        | 15772.9        | 2.01251e+06    | 5.37504e+06    | 7.38755e+06    | 5.67451e+06
371 | Nov 15, 2009  | 1041.92        | 15754.8        | 2.00087e+06    | 5.37508e+06    | 7.37595e+06    | 5.67558e+06
372 | Dec 15, 2009  | 901.494        | 15349.6        | 2.09969e+06    | 5.29419e+06    | 7.39387e+06    | 5.77106e+06
373 | Jan 15, 2010  | 848.36         | 14088.3        | 2.24221e+06    | 5.18058e+06    | 7.4228e+06     | 5.77263e+06
374 | Feb 15, 2010  | 775.347        | 12387.5        | 2.38432e+06    | 5.10093e+06    | 7.48525e+06    | 5.77457e+06
375 | Mar 15, 2010  | 814.468        | 11635.1        | 2.47285e+06    | 5.08473e+06    | 7.55758e+06    | 5.84236e+06
376 | Apr 15, 2010  | 865.339        | 11002.3        | 2.50729e+06    | 5.11359e+06    | 7.62088e+06    | 5.84381e+06
377 | May 15, 2010  | 884.388        | 11651.7        | 2.50073e+06    | 5.17256e+06    | 7.67329e+06    | 5.84834e+06
378 | Jun 15, 2010  | 901.596        | 12242.3        | 2.43632e+06    | 5.26758e+06    | 7.7039e+06     | 5.9612e+06
379 | Jul 15, 2010  | 900.495        | 12453.9        | 2.33229e+06    | 5.39762e+06    | 7.7299e+06     | 5.96265e+06
380 | Aug 15, 2010  | 968.814        | 12624.5        | 2.21748e+06    | 5.51361e+06    | 7.73109e+06    | 5.96271e+06
381 | Sep 15, 2010  | 1013.8         | 12799.7        | 2.10109e+06    | 5.63006e+06    | 7.73115e+06    | 6.03081e+06
382 | Oct 15, 2010  | 1003.01        | 13687.8        | 2.01297e+06    | 5.68447e+06    | 7.69744e+06    | 6.20709e+06
383 | Nov 15, 2010  | 924.899        | 14128          | 1.99116e+06    | 5.61713e+06    | 7.60829e+06    | 6.2079e+06
stock size: 8076.75
384 | Dec 15, 2010  | 779.183        | 13765.9        | 2.00794e+06    | 5.52877e+06    | 7.53672e+06    | 6.29002e+06
Saving distributions to output/skj_cohorts2010_12.dym
total catch in simulation (optimization): 2.70639e+07
end of forward run, likelihood: 3.20959e+06 3.07454e+06 0 5890.49 0

Control variables in optimisation:
1. Mp mean exp(0) = 0.0659582
2. Ms mean max(0) = 0.00452179
3. Ms mean slope(0) = 1.13737
4. M mean range(0) = 2.30324e-07
5. a sst spawning(0) = 1.49263
6. b sst spawning(0) = 31.1
7. a sst larvae(0) = 1.49263
8. b sst larvae(0) = 28.5003
9. alpha hsp prey(0) = 0.000569604
10. alpha hsp predator(0) = 2.30637
11. beta hsp predator(0) = 1.53425
12. a sst habitat(0) = 3
13. b sst habitat(0) = 26.0496
14. T age size slope(0) = 2.83058
15. a oxy habitat(0) = 0.0001
16. b oxy habitat(0) = 3.76416
17. eF habitat epi(0) = 3.99991
18. eF habitat mmeso(0) = 0.897307
19. eF habitat hmbathy(0) = 3.99995
20. sigma species(0) = 4.80589
21. MSS species(0) = 0.489361
22. MSS size slope(0) = 0.427877
23. c diff fish(0) = 0.929416
24. nb recruitment(0) = 0.0387262
25. a adults spawning(0) = 0.160522
26. q(0,0) = 0.00183237
27. q(0,2) = 0.00100607
28. q(0,3) = 0.00185693
29. q(0,4) = 0.000418487
30. q(0,14) = 0.00175764
31. s sp fishery(0,0) = 5.13812
32. length threshold(0,0) = 48.7592
33. right asymptote(0,0) = 0.70516
34. right asymptote(0,2) = 1
35. s sp fishery(0,3) = 12.7992
36. length threshold(0,3) = 59.6204
37. right asymptote(0,3) = 1
38. s sp fishery(0,6) = 12.6937
39. length threshold(0,6) = 52.6621
40. right asymptote(0,6) = 0.732823
41. s sp fishery(0,8) = 16.2689
42. length threshold(0,8) = 62.4587
43. right asymptote(0,8) = 0.999999
44. s sp fishery(0,9) = 11.3133
45. length threshold(0,9) = 47.6534
46. right asymptote(0,9) = 1
47. s sp fishery(0,10) = 19.3594
48. length threshold(0,10) = 68.5942
49. right asymptote(0,10) = 1
50. s sp fishery(0,11) = 14.98
51. length threshold(0,11) = 65.2624
52. right asymptote(0,11) = 0.999999
53. s sp fishery(0,12) = 22.8165
54. length threshold(0,12) = 71.3883
55. right asymptote(0,12) = 0.999995
56. s sp fishery(0,13) = 21.5591
57. length threshold(0,13) = 71.6031
58. right asymptote(0,13) = 0.999982

finished time: Thu Jan 19 18:43:38 2023


total time: 2.7 minutes
