
starting time: Thu Jan 19 18:31:09 2023

SST is in use in this simulation!

IMPORTANT: Maturity-at-age described by step function with 0 below and 1 above 50% maturity

WARNING: LF likelihood is forced to OFF in NO FISHING run
WARNING: LF likelihood is not active -> use_lf_regstruc is OFF -> use regional structure for biomass aggregation
INFO: Parfile regional structure in use; number of regions: 1
WARNING: nb_region_sp_B cannot be > nb_region, value 1 will be taken
Is global domain? NO
src/Date.cpp : Time steps to skip in DYM files 0

Control variables in optimisation:
1. Mp mean exp(0) = 0.0659582
2. Ms mean max(0) = 0.00452179
3. Ms mean slope(0) = 1.13737
4. M mean range(0) = 2.30324e-07
5. a sst spawning(0) = 1.49263
6. b sst spawning(0) = 31.1
7. a sst larvae(0) = 1.49263
8. b sst larvae(0) = 28.5003
9. alpha hsp prey(0) = 0.000569604
10. alpha hsp predator(0) = 2.30637
11. beta hsp predator(0) = 1.53425
12. a sst habitat(0) = 3
13. b sst habitat(0) = 26.0496
14. T age size slope(0) = 2.83058
15. a oxy habitat(0) = 0.0001
16. b oxy habitat(0) = 3.76416
17. eF habitat epi(0) = 3.99991
18. eF habitat mmeso(0) = 0.897307
19. eF habitat hmbathy(0) = 3.99995
20. sigma species(0) = 4.80589
21. MSS species(0) = 0.489361
22. MSS size slope(0) = 0.427877
23. c diff fish(0) = 0.929416
24. nb recruitment(0) = 0.0387262
25. a adults spawning(0) = 0.160522
Total number of variables: 25

-----Standard Time Stepping - 360 days calendar-----
Number of time steps in simulation : 384
Number of time steps in spin up    : 0
Delta T                            : 30
Jday_run                           : 712485
Start Date Run                     : 19790115
End Date Run                       : 20101215
----------------------------------------------------
     SIMULATION WITHOUT FISHING!!!
----------------------------------------------------
total penalty: 0.00028937; 
Model temporal dynamics:
step| Date          | Larvae         | Juveniles      | Young          | Adult          | Total_pop      | Likelihood    
----------------------------------------------------------------------------------------------------------
1   | Jan 15, 1979  | 1009.52        | 15024.1        | 2.48327e+06    | 6.41331e+06    | 8.89658e+06    | 0
2   | Feb 15, 1979  | 761.971        | 14058.2        | 2.62217e+06    | 6.28134e+06    | 8.9035e+06     | 0
3   | Mar 15, 1979  | 874.595        | 13442.3        | 2.6758e+06     | 6.26816e+06    | 8.94396e+06    | 0
4   | Apr 15, 1979  | 985.085        | 11070.2        | 2.69777e+06    | 6.31161e+06    | 9.00938e+06    | 0
5   | May 15, 1979  | 1035.72        | 12685.7        | 2.66577e+06    | 6.41386e+06    | 9.07964e+06    | 0
6   | Jun 15, 1979  | 1056.78        | 14024.7        | 2.60399e+06    | 6.53718e+06    | 9.14117e+06    | 0
7   | Jul 15, 1979  | 1092.26        | 14597.9        | 2.5271e+06     | 6.66561e+06    | 9.19271e+06    | 0
8   | Aug 15, 1979  | 1129.42        | 14921.3        | 2.45291e+06    | 6.78339e+06    | 9.2363e+06     | 0
9   | Sep 15, 1979  | 1180.84        | 15429.7        | 2.37642e+06    | 6.89675e+06    | 9.27317e+06    | 0
10  | Oct 15, 1979  | 1135.47        | 15981.6        | 2.31771e+06    | 6.98944e+06    | 9.30715e+06    | 0
11  | Nov 15, 1979  | 1101.7         | 16384          | 2.31203e+06    | 7.02721e+06    | 9.33924e+06    | 0
12  | Dec 15, 1979  | 982.539        | 15744.1        | 2.31612e+06    | 7.05877e+06    | 9.37489e+06    | 0
13  | Jan 15, 1980  | 928.468        | 15022.8        | 2.47184e+06    | 6.94448e+06    | 9.41631e+06    | 0
14  | Feb 15, 1980  | 882.127        | 13572.2        | 2.57896e+06    | 6.88614e+06    | 9.4651e+06     | 0
15  | Mar 15, 1980  | 932.353        | 12886.8        | 2.63271e+06    | 6.88412e+06    | 9.51683e+06    | 0
16  | Apr 15, 1980  | 1021.67        | 12554.8        | 2.65319e+06    | 6.91306e+06    | 9.56624e+06    | 0
17  | May 15, 1980  | 1059.34        | 13381.8        | 2.64562e+06    | 6.95538e+06    | 9.601e+06      | 0
18  | Jun 15, 1980  | 1008.61        | 14430.1        | 2.60471e+06    | 7.01368e+06    | 9.6184e+06     | 0
19  | Jul 15, 1980  | 1060.54        | 14654.4        | 2.53833e+06    | 7.08261e+06    | 9.62094e+06    | 0
20  | Aug 15, 1980  | 1122.94        | 14228.6        | 2.44639e+06    | 7.17023e+06    | 9.61662e+06    | 0
21  | Sep 15, 1980  | 1109.63        | 15013.6        | 2.37425e+06    | 7.2325e+06     | 9.60675e+06    | 0
22  | Oct 15, 1980  | 1093.27        | 15675.8        | 2.31881e+06    | 7.27344e+06    | 9.59226e+06    | 0
23  | Nov 15, 1980  | 1014.13        | 15457          | 2.32887e+06    | 7.24892e+06    | 9.57779e+06    | 0
24  | Dec 15, 1980  | 902.764        | 15022          | 2.37554e+06    | 7.19132e+06    | 9.56686e+06    | 0
25  | Jan 15, 1981  | 825.13         | 13816.2        | 2.45713e+06    | 7.10182e+06    | 9.55895e+06    | 0
26  | Feb 15, 1981  | 779.733        | 12370.8        | 2.52034e+06    | 7.03502e+06    | 9.55536e+06    | 0
27  | Mar 15, 1981  | 850.854        | 11431.3        | 2.5393e+06     | 7.0146e+06     | 9.5539e+06     | 0
28  | Apr 15, 1981  | 1014.65        | 11176.1        | 2.52613e+06    | 7.01979e+06    | 9.54592e+06    | 0
29  | May 15, 1981  | 1045.32        | 12450.4        | 2.51974e+06    | 7.00409e+06    | 9.52383e+06    | 0
30  | Jun 15, 1981  | 1049.28        | 14357          | 2.46474e+06    | 7.02107e+06    | 9.48581e+06    | 0
31  | Jul 15, 1981  | 1080.24        | 14677.4        | 2.36612e+06    | 7.07251e+06    | 9.43864e+06    | 0
32  | Aug 15, 1981  | 1142.11        | 14806.4        | 2.27422e+06    | 7.11704e+06    | 9.39126e+06    | 0
33  | Sep 15, 1981  | 1147.05        | 15313.4        | 2.1984e+06     | 7.14862e+06    | 9.34701e+06    | 0
34  | Oct 15, 1981  | 1152.88        | 16010.6        | 2.17153e+06    | 7.14015e+06    | 9.31168e+06    | 0
35  | Nov 15, 1981  | 1034.56        | 16055          | 2.21784e+06    | 7.0701e+06     | 9.28795e+06    | 0
36  | Dec 15, 1981  | 913.122        | 15746.5        | 2.32196e+06    | 6.95641e+06    | 9.27837e+06    | 0
37  | Jan 15, 1982  | 823.195        | 14095.2        | 2.46652e+06    | 6.81967e+06    | 9.28619e+06    | 0
38  | Feb 15, 1982  | 827.174        | 12531.3        | 2.58677e+06    | 6.72333e+06    | 9.3101e+06     | 0
39  | Mar 15, 1982  | 913.547        | 11588.9        | 2.61982e+06    | 6.72217e+06    | 9.34199e+06    | 0
40  | Apr 15, 1982  | 995.261        | 11939.2        | 2.6222e+06     | 6.75133e+06    | 9.37353e+06    | 0
41  | May 15, 1982  | 1053.15        | 13154.3        | 2.60017e+06    | 6.79433e+06    | 9.39449e+06    | 0
42  | Jun 15, 1982  | 1057.4         | 14196.8        | 2.54639e+06    | 6.85385e+06    | 9.40023e+06    | 0
43  | Jul 15, 1982  | 1094.08        | 14813.1        | 2.45499e+06    | 6.94178e+06    | 9.39678e+06    | 0
44  | Aug 15, 1982  | 1174.45        | 14965.4        | 2.35995e+06    | 7.02816e+06    | 9.3881e+06     | 0
45  | Sep 15, 1982  | 1215.11        | 15608          | 2.26687e+06    | 7.11518e+06    | 9.38205e+06    | 0
46  | Oct 15, 1982  | 1172.46        | 16598.9        | 2.24163e+06    | 7.13994e+06    | 9.38157e+06    | 0
47  | Nov 15, 1982  | 1068.55        | 16872.1        | 2.29272e+06    | 7.09807e+06    | 9.39079e+06    | 0
48  | Dec 15, 1982  | 982.922        | 16047.5        | 2.40979e+06    | 7.0036e+06     | 9.41339e+06    | 0
49  | Jan 15, 1983  | 923.781        | 14580.6        | 2.53554e+06    | 6.90691e+06    | 9.44245e+06    | 0
50  | Feb 15, 1983  | 967.445        | 13455.2        | 2.62341e+06    | 6.85418e+06    | 9.47759e+06    | 0
51  | Mar 15, 1983  | 1001.93        | 12974.6        | 2.66561e+06    | 6.85064e+06    | 9.51624e+06    | 0
52  | Apr 15, 1983  | 1025.94        | 13643.3        | 2.66372e+06    | 6.88303e+06    | 9.54675e+06    | 0
53  | May 15, 1983  | 1049.72        | 14106.6        | 2.64524e+06    | 6.91618e+06    | 9.56142e+06    | 0
54  | Jun 15, 1983  | 1101.79        | 14360.9        | 2.59657e+06    | 6.95818e+06    | 9.55475e+06    | 0
55  | Jul 15, 1983  | 1157.22        | 14674.1        | 2.50302e+06    | 7.02409e+06    | 9.52711e+06    | 0
56  | Aug 15, 1983  | 1161.44        | 15342.7        | 2.39002e+06    | 7.09636e+06    | 9.48637e+06    | 0
57  | Sep 15, 1983  | 1186.13        | 15950.8        | 2.30204e+06    | 7.14142e+06    | 9.44346e+06    | 0
58  | Oct 15, 1983  | 1145.06        | 16072.6        | 2.27549e+06    | 7.12692e+06    | 9.40241e+06    | 0
59  | Nov 15, 1983  | 1128.45        | 16212.9        | 2.30216e+06    | 7.06242e+06    | 9.36458e+06    | 0
60  | Dec 15, 1983  | 1006.65        | 15713.3        | 2.37274e+06    | 6.96089e+06    | 9.33363e+06    | 0
61  | Jan 15, 1984  | 880.632        | 15214.6        | 2.43301e+06    | 6.87962e+06    | 9.31264e+06    | 0
62  | Feb 15, 1984  | 823.06         | 13580          | 2.49015e+06    | 6.81365e+06    | 9.3038e+06     | 0
63  | Mar 15, 1984  | 912.031        | 12096.9        | 2.54623e+06    | 6.7635e+06     | 9.30974e+06    | 0
64  | Apr 15, 1984  | 1025.57        | 11760.4        | 2.58766e+06    | 6.73241e+06    | 9.32007e+06    | 0
65  | May 15, 1984  | 1075.94        | 13089.7        | 2.5869e+06     | 6.73608e+06    | 9.32297e+06    | 0
66  | Jun 15, 1984  | 1055.49        | 14471.8        | 2.53663e+06    | 6.77878e+06    | 9.3154e+06     | 0
67  | Jul 15, 1984  | 1097.71        | 14953.6        | 2.46895e+06    | 6.83243e+06    | 9.30139e+06    | 0
68  | Aug 15, 1984  | 1170.3         | 14850.2        | 2.38346e+06    | 6.90184e+06    | 9.2853e+06     | 0
69  | Sep 15, 1984  | 1205.31        | 15541.9        | 2.3148e+06     | 6.95854e+06    | 9.27334e+06    | 0
70  | Oct 15, 1984  | 1141.86        | 16434.3        | 2.25183e+06    | 7.01161e+06    | 9.26345e+06    | 0
71  | Nov 15, 1984  | 1050.33        | 16592          | 2.25536e+06    | 7.00432e+06    | 9.25968e+06    | 0
72  | Dec 15, 1984  | 924.137        | 15594.1        | 2.34061e+06    | 6.92632e+06    | 9.26693e+06    | 0
73  | Jan 15, 1985  | 833.15         | 14220          | 2.4742e+06     | 6.81212e+06    | 9.28632e+06    | 0
74  | Feb 15, 1985  | 795.919        | 12592.1        | 2.57748e+06    | 6.74021e+06    | 9.31769e+06    | 0
75  | Mar 15, 1985  | 831.09         | 11526.6        | 2.62487e+06    | 6.73038e+06    | 9.35524e+06    | 0
76  | Apr 15, 1985  | 964.951        | 11274.8        | 2.63053e+06    | 6.75828e+06    | 9.3888e+06     | 0
77  | May 15, 1985  | 1016.17        | 12071          | 2.61579e+06    | 6.79023e+06    | 9.40603e+06    | 0
78  | Jun 15, 1985  | 1010.25        | 13701.6        | 2.55338e+06    | 6.84992e+06    | 9.4033e+06     | 0
79  | Jul 15, 1985  | 1063.87        | 14224.1        | 2.44009e+06    | 6.94528e+06    | 9.38537e+06    | 0
80  | Aug 15, 1985  | 1146.77        | 14294.5        | 2.306e+06      | 7.05206e+06    | 9.35806e+06    | 0
81  | Sep 15, 1985  | 1171.26        | 15135.3        | 2.20425e+06    | 7.12373e+06    | 9.32798e+06    | 0
82  | Oct 15, 1985  | 1169.02        | 16139.4        | 2.15462e+06    | 7.14568e+06    | 9.30029e+06    | 0
83  | Nov 15, 1985  | 1093.44        | 16382.2        | 2.18447e+06    | 7.09644e+06    | 9.28091e+06    | 0
84  | Dec 15, 1985  | 943.337        | 16105.9        | 2.28015e+06    | 6.99462e+06    | 9.27477e+06    | 0
85  | Jan 15, 1986  | 839.628        | 14832.7        | 2.41305e+06    | 6.87218e+06    | 9.28523e+06    | 0
86  | Feb 15, 1986  | 789.096        | 12906.4        | 2.54634e+06    | 6.77055e+06    | 9.31689e+06    | 0
87  | Mar 15, 1986  | 874.497        | 11670.7        | 2.61148e+06    | 6.74843e+06    | 9.3599e+06     | 0
88  | Apr 15, 1986  | 954.412        | 11385.2        | 2.63913e+06    | 6.76485e+06    | 9.40399e+06    | 0
89  | May 15, 1986  | 1065.56        | 12594.5        | 2.65196e+06    | 6.78845e+06    | 9.44041e+06    | 0
90  | Jun 15, 1986  | 1065.88        | 13773.7        | 2.61579e+06    | 6.84505e+06    | 9.46084e+06    | 0
91  | Jul 15, 1986  | 1094.94        | 14991.7        | 2.52387e+06    | 6.94539e+06    | 9.46926e+06    | 0
92  | Aug 15, 1986  | 1159.98        | 15069.4        | 2.41412e+06    | 7.05501e+06    | 9.46913e+06    | 0
93  | Sep 15, 1986  | 1167.83        | 15593.2        | 2.30631e+06    | 7.16026e+06    | 9.46657e+06    | 0
94  | Oct 15, 1986  | 1184.34        | 16319.9        | 2.24187e+06    | 7.22557e+06    | 9.46744e+06    | 0
95  | Nov 15, 1986  | 1062.51        | 16405.5        | 2.26825e+06    | 7.20703e+06    | 9.47528e+06    | 0
96  | Dec 15, 1986  | 976.207        | 16185.6        | 2.3675e+06     | 7.12575e+06    | 9.49325e+06    | 0
97  | Jan 15, 1987  | 895.558        | 14567          | 2.5139e+06     | 7.01173e+06    | 9.52563e+06    | 0
98  | Feb 15, 1987  | 877.287        | 13399          | 2.62803e+06    | 6.94064e+06    | 9.56866e+06    | 0
99  | Mar 15, 1987  | 938.12         | 12513.7        | 2.70222e+06    | 6.91492e+06    | 9.61714e+06    | 0
100 | Apr 15, 1987  | 1033.68        | 12535          | 2.69863e+06    | 6.95996e+06    | 9.65859e+06    | 0
101 | May 15, 1987  | 1032.36        | 13474.9        | 2.67638e+06    | 7.01078e+06    | 9.68717e+06    | 0
102 | Jun 15, 1987  | 1028.27        | 14479.4        | 2.61945e+06    | 7.0748e+06     | 9.69425e+06    | 0
103 | Jul 15, 1987  | 1047.72        | 14385          | 2.5245e+06     | 7.16049e+06    | 9.68499e+06    | 0
104 | Aug 15, 1987  | 1187.08        | 14372.4        | 2.42503e+06    | 7.24141e+06    | 9.66644e+06    | 0
105 | Sep 15, 1987  | 1206.28        | 15006          | 2.32235e+06    | 7.32384e+06    | 9.64619e+06    | 0
106 | Oct 15, 1987  | 1164.42        | 16628.6        | 2.28673e+06    | 7.33727e+06    | 9.62401e+06    | 0
107 | Nov 15, 1987  | 1085.17        | 16690.8        | 2.30411e+06    | 7.30062e+06    | 9.60473e+06    | 0
108 | Dec 15, 1987  | 995.358        | 15960.1        | 2.37536e+06    | 7.21545e+06    | 9.59081e+06    | 0
109 | Jan 15, 1988  | 906.179        | 14801.4        | 2.46965e+06    | 7.11521e+06    | 9.58486e+06    | 0
110 | Feb 15, 1988  | 904.759        | 13561.7        | 2.54535e+06    | 7.0419e+06     | 9.58725e+06    | 0
111 | Mar 15, 1988  | 944.291        | 12621.3        | 2.57887e+06    | 7.01717e+06    | 9.59603e+06    | 0
112 | Apr 15, 1988  | 1037.75        | 12813          | 2.61004e+06    | 6.99569e+06    | 9.60573e+06    | 0
113 | May 15, 1988  | 1063.58        | 13557.2        | 2.62968e+06    | 6.97775e+06    | 9.60743e+06    | 0
114 | Jun 15, 1988  | 1049.35        | 14657          | 2.62378e+06    | 6.97535e+06    | 9.59913e+06    | 0
115 | Jul 15, 1988  | 1041.61        | 14862.4        | 2.53629e+06    | 7.04902e+06    | 9.58531e+06    | 0
116 | Aug 15, 1988  | 1064.92        | 14665.4        | 2.43679e+06    | 7.13254e+06    | 9.56933e+06    | 0
117 | Sep 15, 1988  | 1092.88        | 14655.9        | 2.36037e+06    | 7.19483e+06    | 9.55519e+06    | 0
118 | Oct 15, 1988  | 1067.89        | 14991.9        | 2.32665e+06    | 7.21579e+06    | 9.54244e+06    | 0
119 | Nov 15, 1988  | 1017.08        | 15193          | 2.34454e+06    | 7.18416e+06    | 9.5287e+06     | 0
120 | Dec 15, 1988  | 906.382        | 14722.2        | 2.41234e+06    | 7.10308e+06    | 9.51542e+06    | 0
121 | Jan 15, 1989  | 795.214        | 13829          | 2.47967e+06    | 7.02417e+06    | 9.50384e+06    | 0
122 | Feb 15, 1989  | 755.647        | 12341          | 2.53155e+06    | 6.96665e+06    | 9.4982e+06     | 0
123 | Mar 15, 1989  | 829.253        | 11061.7        | 2.53261e+06    | 6.96165e+06    | 9.49426e+06    | 0
124 | Apr 15, 1989  | 939.134        | 10869.9        | 2.50747e+06    | 6.97831e+06    | 9.48578e+06    | 0
125 | May 15, 1989  | 1026.67        | 11999.1        | 2.46839e+06    | 6.99485e+06    | 9.46324e+06    | 0
126 | Jun 15, 1989  | 1044.55        | 13443.8        | 2.41409e+06    | 7.0098e+06     | 9.4239e+06     | 0
127 | Jul 15, 1989  | 1076.71        | 14444.7        | 2.33631e+06    | 7.03602e+06    | 9.37233e+06    | 0
128 | Aug 15, 1989  | 1107.82        | 14727.2        | 2.24446e+06    | 7.07239e+06    | 9.31685e+06    | 0
129 | Sep 15, 1989  | 1134.85        | 15181.9        | 2.17068e+06    | 7.09374e+06    | 9.26442e+06    | 0
130 | Oct 15, 1989  | 1138.98        | 15595.6        | 2.13373e+06    | 7.08692e+06    | 9.22066e+06    | 0
131 | Nov 15, 1989  | 1047.36        | 15891.5        | 2.16437e+06    | 7.02472e+06    | 9.1891e+06     | 0
132 | Dec 15, 1989  | 918.406        | 15661.9        | 2.26794e+06    | 6.90578e+06    | 9.17372e+06    | 0
133 | Jan 15, 1990  | 845.35         | 14272.1        | 2.41151e+06    | 6.76635e+06    | 9.17786e+06    | 0
134 | Feb 15, 1990  | 810.28         | 12648.4        | 2.53564e+06    | 6.66703e+06    | 9.20266e+06    | 0
135 | Mar 15, 1990  | 914.796        | 11795.7        | 2.60322e+06    | 6.63568e+06    | 9.23891e+06    | 0
136 | Apr 15, 1990  | 994.46         | 11744.5        | 2.61314e+06    | 6.66381e+06    | 9.27695e+06    | 0
137 | May 15, 1990  | 1059.89        | 13172          | 2.59253e+06    | 6.71163e+06    | 9.30416e+06    | 0
138 | Jun 15, 1990  | 1060.73        | 14194.8        | 2.53752e+06    | 6.77931e+06    | 9.31683e+06    | 0
139 | Jul 15, 1990  | 1101.83        | 14856.7        | 2.46116e+06    | 6.86045e+06    | 9.32161e+06    | 0
140 | Aug 15, 1990  | 1143.82        | 14966.8        | 2.37197e+06    | 6.952e+06      | 9.32397e+06    | 0
141 | Sep 15, 1990  | 1175.61        | 15556.8        | 2.28359e+06    | 7.0428e+06     | 9.32639e+06    | 0
142 | Oct 15, 1990  | 1183.95        | 16122.3        | 2.25084e+06    | 7.08373e+06    | 9.33457e+06    | 0
143 | Nov 15, 1990  | 1061.48        | 16468.9        | 2.29959e+06    | 7.0498e+06     | 9.34939e+06    | 0
144 | Dec 15, 1990  | 936.669        | 16194          | 2.39978e+06    | 6.97622e+06    | 9.376e+06      | 0
145 | Jan 15, 1991  | 844.969        | 14496.7        | 2.53588e+06    | 6.88123e+06    | 9.41711e+06    | 0
146 | Feb 15, 1991  | 827.73         | 12862.6        | 2.62647e+06    | 6.84479e+06    | 9.47126e+06    | 0
147 | Mar 15, 1991  | 879.172        | 11830.3        | 2.6773e+06     | 6.85202e+06    | 9.52932e+06    | 0
148 | Apr 15, 1991  | 996.126        | 11847          | 2.68384e+06    | 6.89688e+06    | 9.58072e+06    | 0
149 | May 15, 1991  | 1010.98        | 12773.3        | 2.66919e+06    | 6.9482e+06     | 9.61739e+06    | 0
150 | Jun 15, 1991  | 1061.17        | 14104.5        | 2.61081e+06    | 7.02355e+06    | 9.63437e+06    | 0
151 | Jul 15, 1991  | 1123.94        | 14341          | 2.51796e+06    | 7.11813e+06    | 9.6361e+06     | 0
152 | Aug 15, 1991  | 1161.92        | 15060.1        | 2.405e+06      | 7.22094e+06    | 9.62593e+06    | 0
153 | Sep 15, 1991  | 1181.7         | 15873.6        | 2.28885e+06    | 7.32157e+06    | 9.61042e+06    | 0
154 | Oct 15, 1991  | 1209.68        | 16355.1        | 2.24013e+06    | 7.35401e+06    | 9.59414e+06    | 0
155 | Nov 15, 1991  | 1123.97        | 16612.6        | 2.27267e+06    | 7.31118e+06    | 9.58385e+06    | 0
156 | Dec 15, 1991  | 981.264        | 16622.9        | 2.37315e+06    | 7.2113e+06     | 9.58446e+06    | 0
157 | Jan 15, 1992  | 888.905        | 15254.2        | 2.50097e+06    | 7.09862e+06    | 9.59959e+06    | 0
158 | Feb 15, 1992  | 913.447        | 13424.4        | 2.61714e+06    | 7.01346e+06    | 9.63061e+06    | 0
159 | Mar 15, 1992  | 968.777        | 12477          | 2.6699e+06     | 6.99564e+06    | 9.66554e+06    | 0
160 | Apr 15, 1992  | 1063.87        | 12959.8        | 2.70953e+06    | 6.9901e+06     | 9.69963e+06    | 0
161 | May 15, 1992  | 1056.39        | 13870.4        | 2.70349e+06    | 7.01728e+06    | 9.72076e+06    | 0
162 | Jun 15, 1992  | 1079.25        | 14834.1        | 2.64615e+06    | 7.07667e+06    | 9.72282e+06    | 0
163 | Jul 15, 1992  | 1109.88        | 14711.1        | 2.55836e+06    | 7.15145e+06    | 9.70981e+06    | 0
164 | Aug 15, 1992  | 1174.18        | 15030          | 2.46167e+06    | 7.22763e+06    | 9.6893e+06     | 0
165 | Sep 15, 1992  | 1157.8         | 15575.3        | 2.35758e+06    | 7.31093e+06    | 9.66852e+06    | 0
166 | Oct 15, 1992  | 1135.8         | 16246.1        | 2.30165e+06    | 7.34405e+06    | 9.6457e+06     | 0
167 | Nov 15, 1992  | 1039.34        | 15979.5        | 2.3291e+06     | 7.29576e+06    | 9.62487e+06    | 0
168 | Dec 15, 1992  | 949.925        | 15438.1        | 2.41717e+06    | 7.1911e+06     | 9.60827e+06    | 0
169 | Jan 15, 1993  | 842.324        | 14125.9        | 2.49916e+06    | 7.09818e+06    | 9.59735e+06    | 0
170 | Feb 15, 1993  | 842.556        | 12866.2        | 2.56009e+06    | 7.03541e+06    | 9.5955e+06     | 0
171 | Mar 15, 1993  | 956.227        | 11726.1        | 2.57454e+06    | 7.02316e+06    | 9.59771e+06    | 0
172 | Apr 15, 1993  | 1083.94        | 12118.8        | 2.58514e+06    | 7.01068e+06    | 9.59583e+06    | 0
173 | May 15, 1993  | 1084.49        | 13754          | 2.56023e+06    | 7.01589e+06    | 9.57611e+06    | 0
174 | Jun 15, 1993  | 1078.06        | 15112.6        | 2.49783e+06    | 7.0405e+06     | 9.53833e+06    | 0
175 | Jul 15, 1993  | 1122.82        | 15027.6        | 2.39692e+06    | 7.09457e+06    | 9.49149e+06    | 0
176 | Aug 15, 1993  | 1157.22        | 15080.8        | 2.30858e+06    | 7.13496e+06    | 9.44354e+06    | 0
177 | Sep 15, 1993  | 1168.53        | 15687          | 2.23906e+06    | 7.16138e+06    | 9.40044e+06    | 0
178 | Oct 15, 1993  | 1166.65        | 16103.8        | 2.2257e+06     | 7.13992e+06    | 9.36561e+06    | 0
179 | Nov 15, 1993  | 1086.81        | 16202.2        | 2.27138e+06    | 7.07224e+06    | 9.34362e+06    | 0
180 | Dec 15, 1993  | 963.909        | 15925.1        | 2.38763e+06    | 6.94559e+06    | 9.33322e+06    | 0
181 | Jan 15, 1994  | 868.963        | 14704.1        | 2.51462e+06    | 6.82256e+06    | 9.33718e+06    | 0
182 | Feb 15, 1994  | 854.588        | 13106.4        | 2.59348e+06    | 6.76095e+06    | 9.35443e+06    | 0
183 | Mar 15, 1994  | 917.103        | 12073.5        | 2.61037e+06    | 6.77108e+06    | 9.38145e+06    | 0
184 | Apr 15, 1994  | 1027.16        | 12154.6        | 2.61661e+06    | 6.78877e+06    | 9.40538e+06    | 0
185 | May 15, 1994  | 1063.5         | 13185.4        | 2.60526e+06    | 6.81447e+06    | 9.41973e+06    | 0
186 | Jun 15, 1994  | 1073.6         | 14499.5        | 2.55057e+06    | 6.87026e+06    | 9.42083e+06    | 0
187 | Jul 15, 1994  | 1103.2         | 14893.5        | 2.46854e+06    | 6.94311e+06    | 9.41166e+06    | 0
188 | Aug 15, 1994  | 1152.3         | 15075.8        | 2.3798e+06     | 7.01803e+06    | 9.39783e+06    | 0
189 | Sep 15, 1994  | 1176.59        | 15563.9        | 2.29499e+06    | 7.0907e+06     | 9.38569e+06    | 0
190 | Oct 15, 1994  | 1145.97        | 16172.6        | 2.25218e+06    | 7.12524e+06    | 9.37742e+06    | 0
191 | Nov 15, 1994  | 1070.2         | 16308.2        | 2.28525e+06    | 7.09013e+06    | 9.37538e+06    | 0
192 | Dec 15, 1994  | 918.325        | 15713.2        | 2.38213e+06    | 6.9993e+06     | 9.38143e+06    | 0
193 | Jan 15, 1995  | 858.637        | 14435.5        | 2.50008e+06    | 6.89877e+06    | 9.39885e+06    | 0
194 | Feb 15, 1995  | 848.238        | 12605.2        | 2.59583e+06    | 6.83124e+06    | 9.42707e+06    | 0
195 | Mar 15, 1995  | 917.697        | 11951.5        | 2.63023e+06    | 6.82604e+06    | 9.45627e+06    | 0
196 | Apr 15, 1995  | 989.176        | 12087.9        | 2.62959e+06    | 6.8485e+06     | 9.47809e+06    | 0
197 | May 15, 1995  | 1032.11        | 13081.7        | 2.60198e+06    | 6.88314e+06    | 9.48512e+06    | 0
198 | Jun 15, 1995  | 1009.06        | 13974.5        | 2.54058e+06    | 6.93626e+06    | 9.47684e+06    | 0
199 | Jul 15, 1995  | 1043.39        | 14356.4        | 2.44626e+06    | 7.01035e+06    | 9.45661e+06    | 0
200 | Aug 15, 1995  | 1115.63        | 14202.8        | 2.34168e+06    | 7.09054e+06    | 9.43223e+06    | 0
201 | Sep 15, 1995  | 1134.43        | 14816.5        | 2.25229e+06    | 7.15305e+06    | 9.40533e+06    | 0
202 | Oct 15, 1995  | 1125.79        | 15675          | 2.20305e+06    | 7.17396e+06    | 9.37701e+06    | 0
203 | Nov 15, 1995  | 1032.16        | 15819.5        | 2.24187e+06    | 7.10941e+06    | 9.35128e+06    | 0
204 | Dec 15, 1995  | 917.644        | 15426.3        | 2.32348e+06    | 7.00973e+06    | 9.33321e+06    | 0
205 | Jan 15, 1996  | 801.585        | 14057.8        | 2.42176e+06    | 6.90165e+06    | 9.32342e+06    | 0
206 | Feb 15, 1996  | 731.41         | 12477.6        | 2.49529e+06    | 6.82863e+06    | 9.32392e+06    | 0
207 | Mar 15, 1996  | 790.716        | 11016.6        | 2.53364e+06    | 6.79891e+06    | 9.33255e+06    | 0
208 | Apr 15, 1996  | 974.341        | 10458.5        | 2.53768e+06    | 6.80146e+06    | 9.33913e+06    | 0
209 | May 15, 1996  | 1029.76        | 11657.9        | 2.53339e+06    | 6.80123e+06    | 9.33462e+06    | 0
210 | Jun 15, 1996  | 1047.42        | 13853.7        | 2.48513e+06    | 6.82641e+06    | 9.31154e+06    | 0
211 | Jul 15, 1996  | 1070.96        | 14499.3        | 2.38561e+06    | 6.89182e+06    | 9.27742e+06    | 0
212 | Aug 15, 1996  | 1096.29        | 14761.9        | 2.27251e+06    | 6.96652e+06    | 9.23903e+06    | 0
213 | Sep 15, 1996  | 1145.26        | 15120.1        | 2.1668e+06     | 7.03574e+06    | 9.20254e+06    | 0
214 | Oct 15, 1996  | 1116.93        | 15530.8        | 2.11519e+06    | 7.05627e+06    | 9.17146e+06    | 0
215 | Nov 15, 1996  | 1027.44        | 15940.8        | 2.13584e+06    | 7.01371e+06    | 9.14955e+06    | 0
216 | Dec 15, 1996  | 928.39         | 15332.2        | 2.23948e+06    | 6.89986e+06    | 9.13934e+06    | 0
217 | Jan 15, 1997  | 795.378        | 14068.8        | 2.39955e+06    | 6.74466e+06    | 9.1442e+06     | 0
218 | Feb 15, 1997  | 756.032        | 12619          | 2.54401e+06    | 6.61951e+06    | 9.16352e+06    | 0
219 | Mar 15, 1997  | 817.34         | 11078          | 2.59405e+06    | 6.60248e+06    | 9.19653e+06    | 0
220 | Apr 15, 1997  | 1009.9         | 10892.8        | 2.59922e+06    | 6.63292e+06    | 9.23214e+06    | 0
221 | May 15, 1997  | 1049.05        | 12145.4        | 2.57306e+06    | 6.68449e+06    | 9.25755e+06    | 0
222 | Jun 15, 1997  | 1084.64        | 14378.2        | 2.51014e+06    | 6.75568e+06    | 9.26582e+06    | 0
223 | Jul 15, 1997  | 1126.33        | 14826.8        | 2.42058e+06    | 6.83885e+06    | 9.25943e+06    | 0
224 | Aug 15, 1997  | 1236.16        | 15295.7        | 2.30724e+06    | 6.9388e+06     | 9.24604e+06    | 0
225 | Sep 15, 1997  | 1290.57        | 16088.3        | 2.21505e+06    | 7.02121e+06    | 9.23625e+06    | 0
226 | Oct 15, 1997  | 1249           | 17459.6        | 2.17663e+06    | 7.05652e+06    | 9.23315e+06    | 0
227 | Nov 15, 1997  | 1132.02        | 17894.4        | 2.21089e+06    | 7.03381e+06    | 9.2447e+06     | 0
228 | Dec 15, 1997  | 1035.52        | 17028.4        | 2.34222e+06    | 6.93153e+06    | 9.27375e+06    | 0
229 | Jan 15, 1998  | 989.258        | 15412.8        | 2.5162e+06     | 6.80126e+06    | 9.31746e+06    | 0
230 | Feb 15, 1998  | 985.218        | 14217.3        | 2.67512e+06    | 6.69881e+06    | 9.37394e+06    | 0
231 | Mar 15, 1998  | 957.635        | 13758.7        | 2.73586e+06    | 6.70715e+06    | 9.44301e+06    | 0
232 | Apr 15, 1998  | 981.224        | 13690.5        | 2.77146e+06    | 6.73799e+06    | 9.50945e+06    | 0
233 | May 15, 1998  | 1035.3         | 13434.7        | 2.77676e+06    | 6.78562e+06    | 9.56238e+06    | 0
234 | Jun 15, 1998  | 1089.35        | 13808          | 2.7426e+06     | 6.85171e+06    | 9.59431e+06    | 0
235 | Jul 15, 1998  | 1103.73        | 14503.6        | 2.63901e+06    | 6.96461e+06    | 9.60362e+06    | 0
236 | Aug 15, 1998  | 1103.45        | 15129          | 2.50216e+06    | 7.09614e+06    | 9.5983e+06     | 0
237 | Sep 15, 1998  | 1082.73        | 15299.8        | 2.38545e+06    | 7.19794e+06    | 9.58339e+06    | 0
238 | Oct 15, 1998  | 1081.19        | 15221.7        | 2.32756e+06    | 7.23535e+06    | 9.56292e+06    | 0
239 | Nov 15, 1998  | 1046.56        | 14947          | 2.32325e+06    | 7.21236e+06    | 9.53561e+06    | 0
240 | Dec 15, 1998  | 956.849        | 14795.6        | 2.34759e+06    | 7.1512e+06     | 9.49879e+06    | 0
241 | Jan 15, 1999  | 820.154        | 14168.6        | 2.37755e+06    | 7.08257e+06    | 9.46012e+06    | 0
242 | Feb 15, 1999  | 787.565        | 12845.3        | 2.43101e+06    | 6.99421e+06    | 9.42522e+06    | 0
243 | Mar 15, 1999  | 888.179        | 11323.1        | 2.47687e+06    | 6.91992e+06    | 9.39679e+06    | 0
244 | Apr 15, 1999  | 1034.14        | 11317.4        | 2.48823e+06    | 6.87854e+06    | 9.36677e+06    | 0
245 | May 15, 1999  | 1032.74        | 12878.6        | 2.45397e+06    | 6.87513e+06    | 9.3291e+06     | 0
246 | Jun 15, 1999  | 1053.58        | 14493.3        | 2.39303e+06    | 6.88759e+06    | 9.28062e+06    | 0
247 | Jul 15, 1999  | 1080.08        | 14515.1        | 2.32443e+06    | 6.9029e+06     | 9.22733e+06    | 0
248 | Aug 15, 1999  | 1098.5         | 14804.2        | 2.26731e+06    | 6.90895e+06    | 9.17626e+06    | 0
249 | Sep 15, 1999  | 1127.5         | 15170.3        | 2.21499e+06    | 6.91955e+06    | 9.13454e+06    | 0
250 | Oct 15, 1999  | 1111.21        | 15449.9        | 2.18414e+06    | 6.91929e+06    | 9.10343e+06    | 0
251 | Nov 15, 1999  | 1034.38        | 15683.6        | 2.20681e+06    | 6.87833e+06    | 9.08515e+06    | 0
252 | Dec 15, 1999  | 887.364        | 15248.9        | 2.31274e+06    | 6.76722e+06    | 9.07996e+06    | 0
253 | Jan 15, 2000  | 753.968        | 13983.4        | 2.45031e+06    | 6.63986e+06    | 9.09017e+06    | 0
254 | Feb 15, 2000  | 706.953        | 12015.3        | 2.54687e+06    | 6.5673e+06     | 9.11417e+06    | 0
255 | Mar 15, 2000  | 798.091        | 10451.5        | 2.56596e+06    | 6.58128e+06    | 9.14725e+06    | 0
256 | Apr 15, 2000  | 966.41         | 10228.4        | 2.56627e+06    | 6.61162e+06    | 9.17789e+06    | 0
257 | May 15, 2000  | 1055.47        | 11744.6        | 2.52933e+06    | 6.6639e+06     | 9.19323e+06    | 0
258 | Jun 15, 2000  | 1059.66        | 13852.7        | 2.45464e+06    | 6.73405e+06    | 9.18869e+06    | 0
259 | Jul 15, 2000  | 1104.08        | 14820.6        | 2.35714e+06    | 6.81162e+06    | 9.16875e+06    | 0
260 | Aug 15, 2000  | 1167.44        | 14988.6        | 2.24463e+06    | 6.89833e+06    | 9.14297e+06    | 0
261 | Sep 15, 2000  | 1206.4         | 15673          | 2.14377e+06    | 6.97462e+06    | 9.11839e+06    | 0
262 | Oct 15, 2000  | 1167.93        | 16477.6        | 2.08949e+06    | 7.01167e+06    | 9.10116e+06    | 0
263 | Nov 15, 2000  | 1076.73        | 16755.6        | 2.12861e+06    | 6.96797e+06    | 9.09659e+06    | 0
264 | Dec 15, 2000  | 941.51         | 16026.4        | 2.26254e+06    | 6.84743e+06    | 9.10997e+06    | 0
265 | Jan 15, 2001  | 831.217        | 14609.8        | 2.44728e+06    | 6.69558e+06    | 9.14286e+06    | 0
266 | Feb 15, 2001  | 779.464        | 12806.4        | 2.60334e+06    | 6.59027e+06    | 9.19361e+06    | 0
267 | Mar 15, 2001  | 870.591        | 11519.5        | 2.67763e+06    | 6.57994e+06    | 9.25757e+06    | 0
268 | Apr 15, 2001  | 1026.32        | 11275.1        | 2.6913e+06     | 6.62928e+06    | 9.32058e+06    | 0
269 | May 15, 2001  | 1075.69        | 12756.1        | 2.67522e+06    | 6.69289e+06    | 9.36811e+06    | 0
270 | Jun 15, 2001  | 1047.61        | 14592.2        | 2.61343e+06    | 6.78411e+06    | 9.39753e+06    | 0
271 | Jul 15, 2001  | 1077.77        | 15021          | 2.50745e+06    | 6.90486e+06    | 9.41231e+06    | 0
272 | Aug 15, 2001  | 1141.7         | 14785.6        | 2.38045e+06    | 7.03738e+06    | 9.41783e+06    | 0
273 | Sep 15, 2001  | 1162.61        | 15310.3        | 2.27698e+06    | 7.14353e+06    | 9.42051e+06    | 0
274 | Oct 15, 2001  | 1114.15        | 16077.7        | 2.22519e+06    | 7.19704e+06    | 9.42224e+06    | 0
275 | Nov 15, 2001  | 1049.18        | 16133.2        | 2.25689e+06    | 7.17012e+06    | 9.42701e+06    | 0
276 | Dec 15, 2001  | 940.386        | 15345.8        | 2.35867e+06    | 7.07874e+06    | 9.43741e+06    | 0
277 | Jan 15, 2002  | 847.177        | 14294.8        | 2.50259e+06    | 6.95456e+06    | 9.45715e+06    | 0
278 | Feb 15, 2002  | 813.594        | 12841.9        | 2.61043e+06    | 6.8768e+06     | 9.48724e+06    | 0
279 | Mar 15, 2002  | 888.298        | 11772.2        | 2.6369e+06     | 6.88352e+06    | 9.52042e+06    | 0
280 | Apr 15, 2002  | 1034.76        | 11678.2        | 2.62178e+06    | 6.92568e+06    | 9.54745e+06    | 0
281 | May 15, 2002  | 1055.5         | 12950.6        | 2.59908e+06    | 6.95981e+06    | 9.55889e+06    | 0
282 | Jun 15, 2002  | 1050.3         | 14600.3        | 2.54191e+06    | 7.00903e+06    | 9.55093e+06    | 0
283 | Jul 15, 2002  | 1117           | 14758.5        | 2.44206e+06    | 7.08634e+06    | 9.52839e+06    | 0
284 | Aug 15, 2002  | 1171.16        | 14862.5        | 2.33265e+06    | 7.16707e+06    | 9.49972e+06    | 0
285 | Sep 15, 2002  | 1209.94        | 15773.6        | 2.25655e+06    | 7.21427e+06    | 9.47082e+06    | 0
286 | Oct 15, 2002  | 1134.53        | 16495.8        | 2.22473e+06    | 7.22267e+06    | 9.4474e+06     | 0
287 | Nov 15, 2002  | 1044.49        | 16674.2        | 2.2654e+06     | 7.16818e+06    | 9.43358e+06    | 0
288 | Dec 15, 2002  | 917.72         | 15538.3        | 2.36969e+06    | 7.06164e+06    | 9.43133e+06    | 0
289 | Jan 15, 2003  | 880.601        | 14156.6        | 2.50387e+06    | 6.93773e+06    | 9.44159e+06    | 0
290 | Feb 15, 2003  | 844.739        | 12647.6        | 2.60808e+06    | 6.85315e+06    | 9.46123e+06    | 0
291 | Mar 15, 2003  | 882.503        | 12198.6        | 2.63551e+06    | 6.85001e+06    | 9.48552e+06    | 0
292 | Apr 15, 2003  | 979.171        | 11974.4        | 2.63894e+06    | 6.86533e+06    | 9.50427e+06    | 0
293 | May 15, 2003  | 1009.29        | 12695.2        | 2.62711e+06    | 6.88121e+06    | 9.50833e+06    | 0
294 | Jun 15, 2003  | 1007.35        | 13835.4        | 2.56033e+06    | 6.9375e+06     | 9.49783e+06    | 0
295 | Jul 15, 2003  | 1047           | 14125.2        | 2.45374e+06    | 7.02058e+06    | 9.47432e+06    | 0
296 | Aug 15, 2003  | 1090.25        | 14206.2        | 2.32618e+06    | 7.11836e+06    | 9.44454e+06    | 0
297 | Sep 15, 2003  | 1129.3         | 14784.9        | 2.23743e+06    | 7.17539e+06    | 9.41282e+06    | 0
298 | Oct 15, 2003  | 1148.05        | 15378.9        | 2.19902e+06    | 7.18241e+06    | 9.38143e+06    | 0
299 | Nov 15, 2003  | 1049.07        | 15817.8        | 2.23641e+06    | 7.11557e+06    | 9.35199e+06    | 0
300 | Dec 15, 2003  | 900.058        | 15698          | 2.30079e+06    | 7.02738e+06    | 9.32816e+06    | 0
301 | Jan 15, 2004  | 822.344        | 14168.9        | 2.39481e+06    | 6.92081e+06    | 9.31562e+06    | 0
302 | Feb 15, 2004  | 780.141        | 12322.8        | 2.47884e+06    | 6.83655e+06    | 9.31539e+06    | 0
303 | Mar 15, 2004  | 848.106        | 11400          | 2.51632e+06    | 6.8063e+06     | 9.32262e+06    | 0
304 | Apr 15, 2004  | 958.634        | 11195          | 2.52858e+06    | 6.80049e+06    | 9.32907e+06    | 0
305 | May 15, 2004  | 1018.88        | 12268.9        | 2.52357e+06    | 6.80036e+06    | 9.32393e+06    | 0
306 | Jun 15, 2004  | 1039.31        | 13632.8        | 2.47936e+06    | 6.82453e+06    | 9.30388e+06    | 0
307 | Jul 15, 2004  | 1074.9         | 14346.4        | 2.4002e+06     | 6.87405e+06    | 9.27425e+06    | 0
308 | Aug 15, 2004  | 1118.4         | 14669.8        | 2.29988e+06    | 6.9384e+06     | 9.23828e+06    | 0
309 | Sep 15, 2004  | 1161.34        | 15190.8        | 2.19158e+06    | 7.01117e+06    | 9.20275e+06    | 0
310 | Oct 15, 2004  | 1131.37        | 15773.1        | 2.13949e+06    | 7.03311e+06    | 9.1726e+06     | 0
311 | Nov 15, 2004  | 1022.68        | 16131.5        | 2.17772e+06    | 6.97394e+06    | 9.15166e+06    | 0
312 | Dec 15, 2004  | 880.095        | 15453.1        | 2.27216e+06    | 6.8718e+06     | 9.14396e+06    | 0
313 | Jan 15, 2005  | 824.705        | 13840.3        | 2.40425e+06    | 6.74717e+06    | 9.15142e+06    | 0
314 | Feb 15, 2005  | 792.082        | 12108.7        | 2.51623e+06    | 6.65707e+06    | 9.1733e+06     | 0
315 | Mar 15, 2005  | 837.898        | 11452.3        | 2.57175e+06    | 6.63117e+06    | 9.20293e+06    | 0
316 | Apr 15, 2005  | 956.558        | 11255.7        | 2.57829e+06    | 6.64792e+06    | 9.22622e+06    | 0
317 | May 15, 2005  | 1028.98        | 12136          | 2.55214e+06    | 6.68362e+06    | 9.23576e+06    | 0
318 | Jun 15, 2005  | 1046.78        | 13655.2        | 2.4859e+06     | 6.74026e+06    | 9.22617e+06    | 0
319 | Jul 15, 2005  | 1072.3         | 14461          | 2.38611e+06    | 6.81544e+06    | 9.20155e+06    | 0
320 | Aug 15, 2005  | 1116.46        | 14713.2        | 2.2621e+06     | 6.91046e+06    | 9.17256e+06    | 0
321 | Sep 15, 2005  | 1172.46        | 15137.7        | 2.15828e+06    | 6.98452e+06    | 9.1428e+06     | 0
322 | Oct 15, 2005  | 1159.71        | 15782.7        | 2.11783e+06    | 6.99979e+06    | 9.11762e+06    | 0
323 | Nov 15, 2005  | 1026.75        | 16335.1        | 2.16714e+06    | 6.93238e+06    | 9.09952e+06    | 0
324 | Dec 15, 2005  | 889.76         | 15792.3        | 2.26381e+06    | 6.82939e+06    | 9.0932e+06     | 0
325 | Jan 15, 2006  | 799.745        | 13922.7        | 2.39625e+06    | 6.70472e+06    | 9.10097e+06    | 0
326 | Feb 15, 2006  | 754.865        | 12165.6        | 2.51636e+06    | 6.60704e+06    | 9.12339e+06    | 0
327 | Mar 15, 2006  | 851.707        | 11083.2        | 2.57779e+06    | 6.57761e+06    | 9.1554e+06     | 0
328 | Apr 15, 2006  | 975.571        | 10922.3        | 2.58795e+06    | 6.59873e+06    | 9.18668e+06    | 0
329 | May 15, 2006  | 1054.54        | 12396.2        | 2.56741e+06    | 6.63935e+06    | 9.20675e+06    | 0
330 | Jun 15, 2006  | 1041.26        | 13968.2        | 2.50914e+06    | 6.69876e+06    | 9.2079e+06     | 0
331 | Jul 15, 2006  | 1051.41        | 14756.4        | 2.41541e+06    | 6.78051e+06    | 9.19592e+06    | 0
332 | Aug 15, 2006  | 1122.05        | 14621.6        | 2.29168e+06    | 6.8864e+06     | 9.17809e+06    | 0
333 | Sep 15, 2006  | 1162.33        | 14965          | 2.1765e+06     | 6.98613e+06    | 9.16263e+06    | 0
334 | Oct 15, 2006  | 1100.76        | 15852.8        | 2.13362e+06    | 7.01514e+06    | 9.14876e+06    | 0
335 | Nov 15, 2006  | 1049.52        | 16065.9        | 2.17473e+06    | 6.96544e+06    | 9.14018e+06    | 0
336 | Dec 15, 2006  | 914.142        | 15170.5        | 2.28232e+06    | 6.85842e+06    | 9.14075e+06    | 0
337 | Jan 15, 2007  | 817.002        | 14183.6        | 2.42774e+06    | 6.72246e+06    | 9.15021e+06    | 0
338 | Feb 15, 2007  | 798.235        | 12427.4        | 2.53244e+06    | 6.63862e+06    | 9.17106e+06    | 0
339 | Mar 15, 2007  | 840.097        | 11368.4        | 2.57306e+06    | 6.62509e+06    | 9.19815e+06    | 0
340 | Apr 15, 2007  | 912.717        | 11371.7        | 2.55857e+06    | 6.66307e+06    | 9.22164e+06    | 0
341 | May 15, 2007  | 964.708        | 12087.2        | 2.53277e+06    | 6.69789e+06    | 9.23066e+06    | 0
342 | Jun 15, 2007  | 971.673        | 13001.4        | 2.48301e+06    | 6.73884e+06    | 9.22185e+06    | 0
343 | Jul 15, 2007  | 988.431        | 13569          | 2.38765e+06    | 6.81365e+06    | 9.2013e+06     | 0
344 | Aug 15, 2007  | 1030.66        | 13693.5        | 2.26715e+06    | 6.90427e+06    | 9.17142e+06    | 0
345 | Sep 15, 2007  | 1105.31        | 14001.4        | 2.17844e+06    | 6.9593e+06     | 9.13774e+06    | 0
346 | Oct 15, 2007  | 1083.92        | 14681.6        | 2.11599e+06    | 6.98639e+06    | 9.10238e+06    | 0
347 | Nov 15, 2007  | 976.615        | 15392.5        | 2.12744e+06    | 6.93816e+06    | 9.0656e+06     | 0
348 | Dec 15, 2007  | 851.132        | 14789.3        | 2.19935e+06    | 6.83429e+06    | 9.03364e+06    | 0
349 | Jan 15, 2008  | 752.321        | 13232.1        | 2.29065e+06    | 6.72057e+06    | 9.01122e+06    | 0
350 | Feb 15, 2008  | 687.385        | 11612.5        | 2.37004e+06    | 6.62993e+06    | 8.99997e+06    | 0
351 | Mar 15, 2008  | 724.201        | 10404.2        | 2.41696e+06    | 6.57858e+06    | 8.99554e+06    | 0
352 | Apr 15, 2008  | 868.831        | 9864.2         | 2.428e+06      | 6.56329e+06    | 8.99129e+06    | 0
353 | May 15, 2008  | 979.014        | 10706.4        | 2.41274e+06    | 6.56414e+06    | 8.97687e+06    | 0
354 | Jun 15, 2008  | 1002.84        | 12589.3        | 2.36459e+06    | 6.57983e+06    | 8.94442e+06    | 0
355 | Jul 15, 2008  | 1044.19        | 13837.4        | 2.27858e+06    | 6.61995e+06    | 8.89853e+06    | 0
356 | Aug 15, 2008  | 1077.96        | 14201          | 2.1515e+06     | 6.69614e+06    | 8.84764e+06    | 0
357 | Sep 15, 2008  | 1137.84        | 14766.6        | 2.03992e+06    | 6.7594e+06     | 8.79932e+06    | 0
358 | Oct 15, 2008  | 1134.94        | 15295.5        | 1.99092e+06    | 6.76675e+06    | 8.75766e+06    | 0
359 | Nov 15, 2008  | 1057.53        | 15897.8        | 2.01707e+06    | 6.70995e+06    | 8.72702e+06    | 0
360 | Dec 15, 2008  | 959.308        | 15609.6        | 2.11547e+06    | 6.59856e+06    | 8.71404e+06    | 0
361 | Jan 15, 2009  | 799.484        | 14485.5        | 2.26957e+06    | 6.45148e+06    | 8.72105e+06    | 0
362 | Feb 15, 2009  | 742.853        | 12994.9        | 2.42663e+06    | 6.32264e+06    | 8.74927e+06    | 0
363 | Mar 15, 2009  | 800.191        | 11106.2        | 2.52257e+06    | 6.27444e+06    | 8.797e+06      | 0
364 | Apr 15, 2009  | 924.358        | 10697.2        | 2.55496e+06    | 6.29616e+06    | 8.85112e+06    | 0
365 | May 15, 2009  | 1015.2         | 11709.2        | 2.55599e+06    | 6.3423e+06     | 8.89829e+06    | 0
366 | Jun 15, 2009  | 1034.29        | 13323.7        | 2.51449e+06    | 6.41834e+06    | 8.93283e+06    | 0
367 | Jul 15, 2009  | 1104.28        | 14335.1        | 2.44235e+06    | 6.51147e+06    | 8.95383e+06    | 0
368 | Aug 15, 2009  | 1158.33        | 14724.8        | 2.33515e+06    | 6.63302e+06    | 8.96818e+06    | 0
369 | Sep 15, 2009  | 1163.62        | 15686          | 2.22937e+06    | 6.75076e+06    | 8.98013e+06    | 0
370 | Oct 15, 2009  | 1150.3         | 16299.1        | 2.16583e+06    | 6.82898e+06    | 8.99481e+06    | 0
371 | Nov 15, 2009  | 1077.48        | 16250.3        | 2.16154e+06    | 6.85416e+06    | 9.0157e+06     | 0
372 | Dec 15, 2009  | 939.48         | 15834.8        | 2.26471e+06    | 6.78396e+06    | 9.04867e+06    | 0
373 | Jan 15, 2010  | 891.007        | 14595.7        | 2.41793e+06    | 6.67568e+06    | 9.09361e+06    | 0
374 | Feb 15, 2010  | 819.398        | 12934.3        | 2.55588e+06    | 6.59363e+06    | 9.14951e+06    | 0
375 | Mar 15, 2010  | 864.646        | 12239.1        | 2.63058e+06    | 6.57759e+06    | 9.20817e+06    | 0
376 | Apr 15, 2010  | 917.362        | 11641.1        | 2.64857e+06    | 6.61507e+06    | 9.26364e+06    | 0
377 | May 15, 2010  | 930.502        | 12364.6        | 2.6379e+06     | 6.66451e+06    | 9.30241e+06    | 0
378 | Jun 15, 2010  | 940.206        | 12955.2        | 2.57028e+06    | 6.75008e+06    | 9.32037e+06    | 0
379 | Jul 15, 2010  | 934.292        | 13076.9        | 2.46126e+06    | 6.85846e+06    | 9.31972e+06    | 0
380 | Aug 15, 2010  | 1001.1         | 13151          | 2.3458e+06     | 6.95856e+06    | 9.30435e+06    | 0
381 | Sep 15, 2010  | 1044.6         | 13270.3        | 2.23236e+06    | 7.04315e+06    | 9.27551e+06    | 0
382 | Oct 15, 2010  | 1031.66        | 14140.1        | 2.15482e+06    | 7.08059e+06    | 9.23541e+06    | 0
383 | Nov 15, 2010  | 953.471        | 14559.3        | 2.14828e+06    | 7.03835e+06    | 9.18664e+06    | 0
384 | Dec 15, 2010  | 807.947        | 14173          | 2.17146e+06    | 6.96561e+06    | 9.13707e+06    | 0
Saving distributions to output//output_F0/skj_cohorts2010_12.dym
total catch in simulation (optimization): 0
end of forward run, likelihood: 0 0 0 0 0

Control variables in optimisation:
1. Mp mean exp(0) = 0.0659582
2. Ms mean max(0) = 0.00452179
3. Ms mean slope(0) = 1.13737
4. M mean range(0) = 2.30324e-07
5. a sst spawning(0) = 1.49263
6. b sst spawning(0) = 31.1
7. a sst larvae(0) = 1.49263
8. b sst larvae(0) = 28.5003
9. alpha hsp prey(0) = 0.000569604
10. alpha hsp predator(0) = 2.30637
11. beta hsp predator(0) = 1.53425
12. a sst habitat(0) = 3
13. b sst habitat(0) = 26.0496
14. T age size slope(0) = 2.83058
15. a oxy habitat(0) = 0.0001
16. b oxy habitat(0) = 3.76416
17. eF habitat epi(0) = 3.99991
18. eF habitat mmeso(0) = 0.897307
19. eF habitat hmbathy(0) = 3.99995
20. sigma species(0) = 4.80589
21. MSS species(0) = 0.489361
22. MSS size slope(0) = 0.427877
23. c diff fish(0) = 0.929416
24. nb recruitment(0) = 0.0387262
25. a adults spawning(0) = 0.160522

finished time: Thu Jan 19 18:31:56 2023


total time: 0.783333 minutes
