make -C /mnt/data/SEAPODYM/src/seapodym_cltags/L --dry-run --always-make --keep-going --print-directory
make: Entering directory '/mnt/data/SEAPODYM/src/seapodym_cltags/L'
test -d objs || mkdir -v objs
gcc -oobjs/main_simulation.o -g -c -DTRUE=true -DFALSE=false -D __GNUDOS__ -Dlinux -O3 -DOPT_LIB -Wall -Wno-deprecated -I/mnt/data/TOOLS/admodel/admb-11.6/build/dist//include -I/usr/include/libxml2 -IDOM/src -Isrc src/main_simulation.cpp
gcc -oobjs/ad_buffers.o -g -c -DTRUE=true -DFALSE=false -D __GNUDOS__ -Dlinux -O3 -DOPT_LIB -Wall -Wno-deprecated -I/mnt/data/TOOLS/admodel/admb-11.6/build/dist//include -I/usr/include/libxml2 -IDOM/src -Isrc src/ad_buffers.cpp
 
gcc -oobjs/XMLDocument2.o -g -c -DTRUE=true -DFALSE=false -D __GNUDOS__ -Dlinux -O3 -DOPT_LIB -Wall -Wno-deprecated -I/mnt/data/TOOLS/admodel/admb-11.6/build/dist//include -I/usr/include/libxml2 -IDOM/src -Isrc DOM/src/XMLDocument2.cpp
gcc -oobjs/VarParamCoupled.o -g -c -DTRUE=true -DFALSE=false -D __GNUDOS__ -Dlinux -O3 -DOPT_LIB -Wall -Wno-deprecated -I/mnt/data/TOOLS/admodel/admb-11.6/build/dist//include -I/usr/include/libxml2 -IDOM/src -Isrc src/VarParamCoupled.cpp
gcc -oobjs/seapodym_coupled.o -g -c -DTRUE=true -DFALSE=false -D __GNUDOS__ -Dlinux -O3 -DOPT_LIB -Wall -Wno-deprecated -I/mnt/data/TOOLS/admodel/admb-11.6/build/dist//include -I/usr/include/libxml2 -IDOM/src -Isrc src/seapodym_coupled.cpp
gcc -oobjs/Map.o -g -c -DTRUE=true -DFALSE=false -D __GNUDOS__ -Dlinux -O3 -DOPT_LIB -Wall -Wno-deprecated -I/mnt/data/TOOLS/admodel/admb-11.6/build/dist//include -I/usr/include/libxml2 -IDOM/src -Isrc src/Map.cpp
gcc -oobjs/Matrices.o -g -c -DTRUE=true -DFALSE=false -D __GNUDOS__ -Dlinux -O3 -DOPT_LIB -Wall -Wno-deprecated -I/mnt/data/TOOLS/admodel/admb-11.6/build/dist//include -I/usr/include/libxml2 -IDOM/src -Isrc src/Matrices.cpp
gcc -oobjs/Numfunc.o -g -c -DTRUE=true -DFALSE=false -D __GNUDOS__ -Dlinux -O3 -DOPT_LIB -Wall -Wno-deprecated -I/mnt/data/TOOLS/admodel/admb-11.6/build/dist//include -I/usr/include/libxml2 -IDOM/src -Isrc src/Numfunc.cpp
gcc -oobjs/ReadWrite_TXT.o -g -c -DTRUE=true -DFALSE=false -D __GNUDOS__ -Dlinux -O3 -DOPT_LIB -Wall -Wno-deprecated -I/mnt/data/TOOLS/admodel/admb-11.6/build/dist//include -I/usr/include/libxml2 -IDOM/src -Isrc src/ReadWrite_TXT.cpp
gcc -oobjs/ReadWrite_DYM.o -g -c -DTRUE=true -DFALSE=false -D __GNUDOS__ -Dlinux -O3 -DOPT_LIB -Wall -Wno-deprecated -I/mnt/data/TOOLS/admodel/admb-11.6/build/dist//include -I/usr/include/libxml2 -IDOM/src -Isrc src/ReadWrite_DYM.cpp
gcc -oobjs/ReadWrite_fisheries.o -g -c -DTRUE=true -DFALSE=false -D __GNUDOS__ -Dlinux -O3 -DOPT_LIB -Wall -Wno-deprecated -I/mnt/data/TOOLS/admodel/admb-11.6/build/dist//include -I/usr/include/libxml2 -IDOM/src -Isrc src/ReadWrite_fisheries.cpp
gcc -oobjs/Param.o -g -c -DTRUE=true -DFALSE=false -D __GNUDOS__ -Dlinux -O3 -DOPT_LIB -Wall -Wno-deprecated -I/mnt/data/TOOLS/admodel/admb-11.6/build/dist//include -I/usr/include/libxml2 -IDOM/src -Isrc src/Param.cpp
gcc -oobjs/Date.o -g -c -DTRUE=true -DFALSE=false -D __GNUDOS__ -Dlinux -O3 -DOPT_LIB -Wall -Wno-deprecated -I/mnt/data/TOOLS/admodel/admb-11.6/build/dist//include -I/usr/include/libxml2 -IDOM/src -Isrc src/Date.cpp
gcc -oobjs/SaveTimeArea.o -g -c -DTRUE=true -DFALSE=false -D __GNUDOS__ -Dlinux -O3 -DOPT_LIB -Wall -Wno-deprecated -I/mnt/data/TOOLS/admodel/admb-11.6/build/dist//include -I/usr/include/libxml2 -IDOM/src -Isrc src/SaveTimeArea.cpp
gcc -oobjs/SimtunaFunc.o -g -c -DTRUE=true -DFALSE=false -D __GNUDOS__ -Dlinux -O3 -DOPT_LIB -Wall -Wno-deprecated -I/mnt/data/TOOLS/admodel/admb-11.6/build/dist//include -I/usr/include/libxml2 -IDOM/src -Isrc src/SimtunaFunc.cpp
gcc -oobjs/VarParamCoupled_xinit.o -g -c -DTRUE=true -DFALSE=false -D __GNUDOS__ -Dlinux -O3 -DOPT_LIB -Wall -Wno-deprecated -I/mnt/data/TOOLS/admodel/admb-11.6/build/dist//include -I/usr/include/libxml2 -IDOM/src -Isrc src/VarParamCoupled_xinit.cpp
gcc -oobjs/VarParamCoupled_reset.o -g -c -DTRUE=true -DFALSE=false -D __GNUDOS__ -Dlinux -O3 -DOPT_LIB -Wall -Wno-deprecated -I/mnt/data/TOOLS/admodel/admb-11.6/build/dist//include -I/usr/include/libxml2 -IDOM/src -Isrc src/VarParamCoupled_reset.cpp
gcc -oobjs/SeapodymCoupled_Funcs.o -g -c -DTRUE=true -DFALSE=false -D __GNUDOS__ -Dlinux -O3 -DOPT_LIB -Wall -Wno-deprecated -I/mnt/data/TOOLS/admodel/admb-11.6/build/dist//include -I/usr/include/libxml2 -IDOM/src -Isrc src/SeapodymCoupled_Funcs.cpp
gcc -oobjs/SeapodymCoupled_Forage.o -g -c -DTRUE=true -DFALSE=false -D __GNUDOS__ -Dlinux -O3 -DOPT_LIB -Wall -Wno-deprecated -I/mnt/data/TOOLS/admodel/admb-11.6/build/dist//include -I/usr/include/libxml2 -IDOM/src -Isrc src/SeapodymCoupled_Forage.cpp
gcc -oobjs/SeapodymCoupled_EditRunCoupled.o -g -c -DTRUE=true -DFALSE=false -D __GNUDOS__ -Dlinux -O3 -DOPT_LIB -Wall -Wno-deprecated -I/mnt/data/TOOLS/admodel/admb-11.6/build/dist//include -I/usr/include/libxml2 -IDOM/src -Isrc src/SeapodymCoupled_EditRunCoupled.cpp
gcc -oobjs/SeapodymCoupled_OnRunCoupled.o -g -c -DTRUE=true -DFALSE=false -D __GNUDOS__ -Dlinux -O3 -DOPT_LIB -Wall -Wno-deprecated -I/mnt/data/TOOLS/admodel/admb-11.6/build/dist//include -I/usr/include/libxml2 -IDOM/src -Isrc src/SeapodymCoupled_OnRunCoupled.cpp
gcc -oobjs/SeapodymCoupled_OnRunFirstStep.o -g -c -DTRUE=true -DFALSE=false -D __GNUDOS__ -Dlinux -O3 -DOPT_LIB -Wall -Wno-deprecated -I/mnt/data/TOOLS/admodel/admb-11.6/build/dist//include -I/usr/include/libxml2 -IDOM/src -Isrc src/SeapodymCoupled_OnRunFirstStep.cpp
gcc -oobjs/SeapodymCoupled_OnReadForcing.o -g -c -DTRUE=true -DFALSE=false -D __GNUDOS__ -Dlinux -O3 -DOPT_LIB -Wall -Wno-deprecated -I/mnt/data/TOOLS/admodel/admb-11.6/build/dist//include -I/usr/include/libxml2 -IDOM/src -Isrc src/SeapodymCoupled_OnReadForcing.cpp
gcc -oobjs/SeapodymCoupled_OnWriteOutput.o -g -c -DTRUE=true -DFALSE=false -D __GNUDOS__ -Dlinux -O3 -DOPT_LIB -Wall -Wno-deprecated -I/mnt/data/TOOLS/admodel/admb-11.6/build/dist//include -I/usr/include/libxml2 -IDOM/src -Isrc src/SeapodymCoupled_OnWriteOutput.cpp
 
gcc -oobjs/SeapodymCoupled_ReadTags.o -g -c -DTRUE=true -DFALSE=false -D __GNUDOS__ -Dlinux -O3 -DOPT_LIB -Wall -Wno-deprecated -I/mnt/data/TOOLS/admodel/admb-11.6/build/dist//include -I/usr/include/libxml2 -IDOM/src -Isrc src/SeapodymCoupled_ReadTags.cpp
gcc -oobjs/SeapodymDocConsole_UpdateDisplay.o -g -c -DTRUE=true -DFALSE=false -D __GNUDOS__ -Dlinux -O3 -DOPT_LIB -Wall -Wno-deprecated -I/mnt/data/TOOLS/admodel/admb-11.6/build/dist//include -I/usr/include/libxml2 -IDOM/src -Isrc src/SeapodymDocConsole_UpdateDisplay.cpp
gcc -oobjs/spawning_habitat.o -g -c -DTRUE=true -DFALSE=false -D __GNUDOS__ -Dlinux -O3 -DOPT_LIB -Wall -Wno-deprecated -I/mnt/data/TOOLS/admodel/admb-11.6/build/dist//include -I/usr/include/libxml2 -IDOM/src -Isrc src/spawning_habitat.cpp
gcc -oobjs/juvenile_habitat.o -g -c -DTRUE=true -DFALSE=false -D __GNUDOS__ -Dlinux -O3 -DOPT_LIB -Wall -Wno-deprecated -I/mnt/data/TOOLS/admodel/admb-11.6/build/dist//include -I/usr/include/libxml2 -IDOM/src -Isrc src/juvenile_habitat.cpp
gcc -oobjs/mortality_sp.o -g -c -DTRUE=true -DFALSE=false -D __GNUDOS__ -Dlinux -O3 -DOPT_LIB -Wall -Wno-deprecated -I/mnt/data/TOOLS/admodel/admb-11.6/build/dist//include -I/usr/include/libxml2 -IDOM/src -Isrc src/mortality_sp.cpp
gcc -oobjs/caldia.o -g -c -DTRUE=true -DFALSE=false -D __GNUDOS__ -Dlinux -O3 -DOPT_LIB -Wall -Wno-deprecated -I/mnt/data/TOOLS/admodel/admb-11.6/build/dist//include -I/usr/include/libxml2 -IDOM/src -Isrc src/caldia.cpp
gcc -oobjs/tridag_bet.o -g -c -DTRUE=true -DFALSE=false -D __GNUDOS__ -Dlinux -O3 -DOPT_LIB -Wall -Wno-deprecated -I/mnt/data/TOOLS/admodel/admb-11.6/build/dist//include -I/usr/include/libxml2 -IDOM/src -Isrc src/tridag_bet.cpp
 
gcc -oobjs/calrec_adre.o -g -c -DTRUE=true -DFALSE=false -D __GNUDOS__ -Dlinux -O3 -DOPT_LIB -Wall -Wno-deprecated -I/mnt/data/TOOLS/admodel/admb-11.6/build/dist//include -I/usr/include/libxml2 -IDOM/src -Isrc src/calrec_adre.cpp
gcc -oobjs/precalrec_juv.o -g -c -DTRUE=true -DFALSE=false -D __GNUDOS__ -Dlinux -O3 -DOPT_LIB -Wall -Wno-deprecated -I/mnt/data/TOOLS/admodel/admb-11.6/build/dist//include -I/usr/include/libxml2 -IDOM/src -Isrc src/precalrec_juv.cpp
gcc -oobjs/calrec_precalrec.o -g -c -DTRUE=true -DFALSE=false -D __GNUDOS__ -Dlinux -O3 -DOPT_LIB -Wall -Wno-deprecated -I/mnt/data/TOOLS/admodel/admb-11.6/build/dist//include -I/usr/include/libxml2 -IDOM/src -Isrc src/calrec_precalrec.cpp
gcc -oobjs/predicted_catch.o -g -c -DTRUE=true -DFALSE=false -D __GNUDOS__ -Dlinux -O3 -DOPT_LIB -Wall -Wno-deprecated -I/mnt/data/TOOLS/admodel/admb-11.6/build/dist//include -I/usr/include/libxml2 -IDOM/src -Isrc src/predicted_catch.cpp
gcc -oobjs/predicted_catch_without_effort.o -g -c -DTRUE=true -DFALSE=false -D __GNUDOS__ -Dlinux -O3 -DOPT_LIB -Wall -Wno-deprecated -I/mnt/data/TOOLS/admodel/admb-11.6/build/dist//include -I/usr/include/libxml2 -IDOM/src -Isrc src/predicted_catch_without_effort.cpp
gcc -oobjs/total_exploited_biomass.o -g -c -DTRUE=true -DFALSE=false -D __GNUDOS__ -Dlinux -O3 -DOPT_LIB -Wall -Wno-deprecated -I/mnt/data/TOOLS/admodel/admb-11.6/build/dist//include -I/usr/include/libxml2 -IDOM/src -Isrc src/total_exploited_biomass.cpp
gcc -oobjs/total_obs_catch_age.o -g -c -DTRUE=true -DFALSE=false -D __GNUDOS__ -Dlinux -O3 -DOPT_LIB -Wall -Wno-deprecated -I/mnt/data/TOOLS/admodel/admb-11.6/build/dist//include -I/usr/include/libxml2 -IDOM/src -Isrc src/total_obs_catch_age.cpp
gcc -oobjs/spawning.o -g -c -DTRUE=true -DFALSE=false -D __GNUDOS__ -Dlinux -O3 -DOPT_LIB -Wall -Wno-deprecated -I/mnt/data/TOOLS/admodel/admb-11.6/build/dist//include -I/usr/include/libxml2 -IDOM/src -Isrc src/spawning.cpp
gcc -oobjs/accessibility.o -g -c -DTRUE=true -DFALSE=false -D __GNUDOS__ -Dlinux -O3 -DOPT_LIB -Wall -Wno-deprecated -I/mnt/data/TOOLS/admodel/admb-11.6/build/dist//include -I/usr/include/libxml2 -IDOM/src -Isrc src/accessibility.cpp
gcc -oobjs/feeding_habitat.o -g -c -DTRUE=true -DFALSE=false -D __GNUDOS__ -Dlinux -O3 -DOPT_LIB -Wall -Wno-deprecated -I/mnt/data/TOOLS/admodel/admb-11.6/build/dist//include -I/usr/include/libxml2 -IDOM/src -Isrc src/feeding_habitat.cpp
gcc -oobjs/seasonal_switch.o -g -c -DTRUE=true -DFALSE=false -D __GNUDOS__ -Dlinux -O3 -DOPT_LIB -Wall -Wno-deprecated -I/mnt/data/TOOLS/admodel/admb-11.6/build/dist//include -I/usr/include/libxml2 -IDOM/src -Isrc src/seasonal_switch.cpp
gcc -oobjs/total_mortality_comp.o -g -c -DTRUE=true -DFALSE=false -D __GNUDOS__ -Dlinux -O3 -DOPT_LIB -Wall -Wno-deprecated -I/mnt/data/TOOLS/admodel/admb-11.6/build/dist//include -I/usr/include/libxml2 -IDOM/src -Isrc src/total_mortality_comp.cpp
gcc -oobjs/food_requirement_index.o -g -c -DTRUE=true -DFALSE=false -D __GNUDOS__ -Dlinux -O3 -DOPT_LIB -Wall -Wno-deprecated -I/mnt/data/TOOLS/admodel/admb-11.6/build/dist//include -I/usr/include/libxml2 -IDOM/src -Isrc src/food_requirement_index.cpp
gcc -oobjs/fd_spawning_habitat.o -g -c -DTRUE=true -DFALSE=false -D __GNUDOS__ -Dlinux -O3 -DOPT_LIB -Wall -Wno-deprecated -I/mnt/data/TOOLS/admodel/admb-11.6/build/dist//include -I/usr/include/libxml2 -IDOM/src -Isrc src/fd_spawning_habitat.cpp
gcc -oobjs/fd_juvenile_habitat.o -g -c -DTRUE=true -DFALSE=false -D __GNUDOS__ -Dlinux -O3 -DOPT_LIB -Wall -Wno-deprecated -I/mnt/data/TOOLS/admodel/admb-11.6/build/dist//include -I/usr/include/libxml2 -IDOM/src -Isrc src/fd_juvenile_habitat.cpp
gcc -oobjs/fd_mortality_sp.o -g -c -DTRUE=true -DFALSE=false -D __GNUDOS__ -Dlinux -O3 -DOPT_LIB -Wall -Wno-deprecated -I/mnt/data/TOOLS/admodel/admb-11.6/build/dist//include -I/usr/include/libxml2 -IDOM/src -Isrc src/fd_mortality_sp.cpp
gcc -oobjs/fd_caldia.o -g -c -DTRUE=true -DFALSE=false -D __GNUDOS__ -Dlinux -O3 -DOPT_LIB -Wall -Wno-deprecated -I/mnt/data/TOOLS/admodel/admb-11.6/build/dist//include -I/usr/include/libxml2 -IDOM/src -Isrc src/fd_caldia.cpp
gcc -oobjs/fd_tridag_bet.o -g -c -DTRUE=true -DFALSE=false -D __GNUDOS__ -Dlinux -O3 -DOPT_LIB -Wall -Wno-deprecated -I/mnt/data/TOOLS/admodel/admb-11.6/build/dist//include -I/usr/include/libxml2 -IDOM/src -Isrc src/fd_tridag_bet.cpp
gcc -oobjs/fd_calrec_adre.o -g -c -DTRUE=true -DFALSE=false -D __GNUDOS__ -Dlinux -O3 -DOPT_LIB -Wall -Wno-deprecated -I/mnt/data/TOOLS/admodel/admb-11.6/build/dist//include -I/usr/include/libxml2 -IDOM/src -Isrc src/fd_calrec_adre.cpp
gcc -oobjs/fd_survival.o -g -c -DTRUE=true -DFALSE=false -D __GNUDOS__ -Dlinux -O3 -DOPT_LIB -Wall -Wno-deprecated -I/mnt/data/TOOLS/admodel/admb-11.6/build/dist//include -I/usr/include/libxml2 -IDOM/src -Isrc src/fd_survival.cpp
gcc -oobjs/fd_precalrec_juv.o -g -c -DTRUE=true -DFALSE=false -D __GNUDOS__ -Dlinux -O3 -DOPT_LIB -Wall -Wno-deprecated -I/mnt/data/TOOLS/admodel/admb-11.6/build/dist//include -I/usr/include/libxml2 -IDOM/src -Isrc src/fd_precalrec_juv.cpp
gcc -oobjs/fd_calrec_precalrec.o -g -c -DTRUE=true -DFALSE=false -D __GNUDOS__ -Dlinux -O3 -DOPT_LIB -Wall -Wno-deprecated -I/mnt/data/TOOLS/admodel/admb-11.6/build/dist//include -I/usr/include/libxml2 -IDOM/src -Isrc src/fd_calrec_precalrec.cpp
gcc -oobjs/fd_predicted_catch.o -g -c -DTRUE=true -DFALSE=false -D __GNUDOS__ -Dlinux -O3 -DOPT_LIB -Wall -Wno-deprecated -I/mnt/data/TOOLS/admodel/admb-11.6/build/dist//include -I/usr/include/libxml2 -IDOM/src -Isrc src/fd_predicted_catch.cpp
gcc -oobjs/fd_predicted_catch_without_effort.o -g -c -DTRUE=true -DFALSE=false -D __GNUDOS__ -Dlinux -O3 -DOPT_LIB -Wall -Wno-deprecated -I/mnt/data/TOOLS/admodel/admb-11.6/build/dist//include -I/usr/include/libxml2 -IDOM/src -Isrc src/fd_predicted_catch_without_effort.cpp
gcc -oobjs/fd_total_exploited_biomass.o -g -c -DTRUE=true -DFALSE=false -D __GNUDOS__ -Dlinux -O3 -DOPT_LIB -Wall -Wno-deprecated -I/mnt/data/TOOLS/admodel/admb-11.6/build/dist//include -I/usr/include/libxml2 -IDOM/src -Isrc src/fd_total_exploited_biomass.cpp
gcc -oobjs/fd_total_obs_catch_age.o -g -c -DTRUE=true -DFALSE=false -D __GNUDOS__ -Dlinux -O3 -DOPT_LIB -Wall -Wno-deprecated -I/mnt/data/TOOLS/admodel/admb-11.6/build/dist//include -I/usr/include/libxml2 -IDOM/src -Isrc src/fd_total_obs_catch_age.cpp
gcc -oobjs/fd_spawning.o -g -c -DTRUE=true -DFALSE=false -D __GNUDOS__ -Dlinux -O3 -DOPT_LIB -Wall -Wno-deprecated -I/mnt/data/TOOLS/admodel/admb-11.6/build/dist//include -I/usr/include/libxml2 -IDOM/src -Isrc src/fd_spawning.cpp
gcc -oobjs/fd_accessibility.o -g -c -DTRUE=true -DFALSE=false -D __GNUDOS__ -Dlinux -O3 -DOPT_LIB -Wall -Wno-deprecated -I/mnt/data/TOOLS/admodel/admb-11.6/build/dist//include -I/usr/include/libxml2 -IDOM/src -Isrc src/fd_accessibility.cpp
gcc -oobjs/fd_feeding_habitat.o -g -c -DTRUE=true -DFALSE=false -D __GNUDOS__ -Dlinux -O3 -DOPT_LIB -Wall -Wno-deprecated -I/mnt/data/TOOLS/admodel/admb-11.6/build/dist//include -I/usr/include/libxml2 -IDOM/src -Isrc src/fd_feeding_habitat.cpp
gcc -oobjs/fd_seasonal_switch.o -g -c -DTRUE=true -DFALSE=false -D __GNUDOS__ -Dlinux -O3 -DOPT_LIB -Wall -Wno-deprecated -I/mnt/data/TOOLS/admodel/admb-11.6/build/dist//include -I/usr/include/libxml2 -IDOM/src -Isrc src/fd_seasonal_switch.cpp
gcc -oobjs/fd_total_pop.o -g -c -DTRUE=true -DFALSE=false -D __GNUDOS__ -Dlinux -O3 -DOPT_LIB -Wall -Wno-deprecated -I/mnt/data/TOOLS/admodel/admb-11.6/build/dist//include -I/usr/include/libxml2 -IDOM/src -Isrc src/fd_total_pop.cpp
gcc -oobjs/fd_total_mortality_comp.o -g -c -DTRUE=true -DFALSE=false -D __GNUDOS__ -Dlinux -O3 -DOPT_LIB -Wall -Wno-deprecated -I/mnt/data/TOOLS/admodel/admb-11.6/build/dist//include -I/usr/include/libxml2 -IDOM/src -Isrc src/fd_total_mortality_comp.cpp
gcc -oobjs/fd_food_requirement_index.o -g -c -DTRUE=true -DFALSE=false -D __GNUDOS__ -Dlinux -O3 -DOPT_LIB -Wall -Wno-deprecated -I/mnt/data/TOOLS/admodel/admb-11.6/build/dist//include -I/usr/include/libxml2 -IDOM/src -Isrc src/fd_food_requirement_index.cpp
gcc -oobjs/Calpop_caldia.o -g -c -DTRUE=true -DFALSE=false -D __GNUDOS__ -Dlinux -O3 -DOPT_LIB -Wall -Wno-deprecated -I/mnt/data/TOOLS/admodel/admb-11.6/build/dist//include -I/usr/include/libxml2 -IDOM/src -Isrc src/Calpop_caldia.cpp
gcc -oobjs/Calpop_calrec.o -g -c -DTRUE=true -DFALSE=false -D __GNUDOS__ -Dlinux -O3 -DOPT_LIB -Wall -Wno-deprecated -I/mnt/data/TOOLS/admodel/admb-11.6/build/dist//include -I/usr/include/libxml2 -IDOM/src -Isrc src/Calpop_calrec.cpp
gcc -oobjs/Calpop_InitCalPop.o -g -c -DTRUE=true -DFALSE=false -D __GNUDOS__ -Dlinux -O3 -DOPT_LIB -Wall -Wno-deprecated -I/mnt/data/TOOLS/admodel/admb-11.6/build/dist//include -I/usr/include/libxml2 -IDOM/src -Isrc src/Calpop_InitCalPop.cpp
gcc -oobjs/Calpop_precaldia.o -g -c -DTRUE=true -DFALSE=false -D __GNUDOS__ -Dlinux -O3 -DOPT_LIB -Wall -Wno-deprecated -I/mnt/data/TOOLS/admodel/admb-11.6/build/dist//include -I/usr/include/libxml2 -IDOM/src -Isrc src/Calpop_precaldia.cpp
gcc -oobjs/Calpop_precalrec.o -g -c -DTRUE=true -DFALSE=false -D __GNUDOS__ -Dlinux -O3 -DOPT_LIB -Wall -Wno-deprecated -I/mnt/data/TOOLS/admodel/admb-11.6/build/dist//include -I/usr/include/libxml2 -IDOM/src -Isrc src/Calpop_precalrec.cpp
gcc -oobjs/Calpop_tridag.o -g -c -DTRUE=true -DFALSE=false -D __GNUDOS__ -Dlinux -O3 -DOPT_LIB -Wall -Wno-deprecated -I/mnt/data/TOOLS/admodel/admb-11.6/build/dist//include -I/usr/include/libxml2 -IDOM/src -Isrc src/Calpop_tridag.cpp
gcc -oobjs/hessian.o -g -c -DTRUE=true -DFALSE=false -D __GNUDOS__ -Dlinux -O3 -DOPT_LIB -Wall -Wno-deprecated -I/mnt/data/TOOLS/admodel/admb-11.6/build/dist//include -I/usr/include/libxml2 -IDOM/src -Isrc src/hessian.cpp
gcc -oobjs/like.o -g -c -DTRUE=true -DFALSE=false -D __GNUDOS__ -Dlinux -O3 -DOPT_LIB -Wall -Wno-deprecated -I/mnt/data/TOOLS/admodel/admb-11.6/build/dist//include -I/usr/include/libxml2 -IDOM/src -Isrc src/like.cpp
gcc -oseapodym -g objs/main_simulation.o objs/ad_buffers.o objs/XMLDocument2.o objs/VarParamCoupled.o objs/seapodym_coupled.o objs/Map.o objs/Matrices.o objs/Numfunc.o objs/ReadWrite_TXT.o objs/ReadWrite_DYM.o objs/ReadWrite_fisheries.o objs/Param.o objs/Date.o objs/SaveTimeArea.o objs/SimtunaFunc.o objs/VarParamCoupled_xinit.o objs/VarParamCoupled_reset.o objs/SeapodymCoupled_Funcs.o objs/SeapodymCoupled_Forage.o objs/SeapodymCoupled_EditRunCoupled.o objs/SeapodymCoupled_OnRunCoupled.o objs/SeapodymCoupled_OnRunFirstStep.o objs/SeapodymCoupled_OnReadForcing.o objs/SeapodymCoupled_OnWriteOutput.o objs/SeapodymCoupled_ReadTags.o objs/SeapodymDocConsole_UpdateDisplay.o objs/spawning_habitat.o objs/juvenile_habitat.o objs/mortality_sp.o objs/caldia.o objs/tridag_bet.o objs/calrec_adre.o objs/precalrec_juv.o objs/calrec_precalrec.o objs/predicted_catch.o objs/predicted_catch_without_effort.o objs/total_exploited_biomass.o objs/total_obs_catch_age.o objs/spawning.o objs/accessibility.o objs/feeding_habitat.o objs/seasonal_switch.o objs/total_mortality_comp.o objs/food_requirement_index.o objs/fd_spawning_habitat.o objs/fd_juvenile_habitat.o objs/fd_mortality_sp.o objs/fd_caldia.o objs/fd_tridag_bet.o objs/fd_calrec_adre.o objs/fd_survival.o objs/fd_precalrec_juv.o objs/fd_calrec_precalrec.o objs/fd_predicted_catch.o objs/fd_predicted_catch_without_effort.o objs/fd_total_exploited_biomass.o objs/fd_total_obs_catch_age.o objs/fd_spawning.o objs/fd_accessibility.o objs/fd_feeding_habitat.o objs/fd_seasonal_switch.o objs/fd_total_pop.o objs/fd_total_mortality_comp.o objs/fd_food_requirement_index.o objs/Calpop_caldia.o objs/Calpop_calrec.o objs/Calpop_InitCalPop.o objs/Calpop_precaldia.o objs/Calpop_precalrec.o objs/Calpop_tridag.o objs/hessian.o objs/like.o -L/mnt/data/TOOLS/admodel/admb-11.6/build/dist//lib  -ladmbo  -ldl -lstdc++ -lxml2 -lm
make: Leaving directory '/mnt/data/SEAPODYM/src/seapodym_cltags/L'
 
