make all -C /mnt/data/SEAPODYM/src/seapodym_cltags/L --print-data-base --no-builtin-variables --no-builtin-rules --question
# GNU Make 4.2.1
# Built for x86_64-pc-linux-gnu
# Copyright (C) 1988-2016 Free Software Foundation, Inc.
# License GPLv3+: GNU GPL version 3 or later <http://gnu.org/licenses/gpl.html>
# This is free software: you are free to change and redistribute it.
# There is NO WARRANTY, to the extent permitted by law.

# Make data base, printed on Wed Jun 22 11:51:52 2022

# Variables

# automatic
<D = $(patsubst %/,%,$(dir $<))
# automatic
?F = $(notdir $?)
# environment
DESKTOP_SESSION = xubuntu
# default
.SHELLFLAGS := -c
# environment
XDG_SESSION_CLASS = user
# environment
XDG_SESSION_TYPE = x11
# environment
VSCODE_LOG_NATIVE = false
# automatic
?D = $(patsubst %/,%,$(dir $?))
# automatic
@D = $(patsubst %/,%,$(dir $@))
# environment
XAUTHORITY = /home/isenina/.Xauthority
# environment
GDMSESSION = xubuntu
# default
MAKE_VERSION := 4.2.1
# makefile
CURDIR := /mnt/data/SEAPODYM/src/seapodym_cltags/L
# makefile
SHELL = /bin/sh
# environment
 
GDM_LANG = en
# environment
VSCODE_NLS_CONFIG = {"locale":"en-us","availableLanguages":{},"_languagePackSupport":true}
# environment
_ = /usr/share/code/code
# makefile (from 'Makefile', line 106)
CFLAGS = -DTRUE=true -DFALSE=false -D __GNUDOS__ -Dlinux -O3 -DOPT_LIB -Wall -Wno-deprecated -I$(ADMODEL)/include -I/usr/include/libxml2 $(INCPATH)
# environment
XDG_CONFIG_DIRS = /etc/xdg/xdg-xubuntu:/etc/xdg:/etc/xdg
# environment
GTK_OVERLAY_SCROLLING = 0
# makefile (from 'Makefile', line 1)
MAKEFILE_LIST :=  Makefile
# automatic
@F = $(notdir $@)
# makefile (from 'Makefile', line 104)
DEBUG = -g
# 'override' directive
GNUMAKEFLAGS := 
# environment
XDG_DATA_DIRS = /usr/share/xfce4:/usr/share/xubuntu:/usr/local/share:/usr/share:/var/lib/snapd/desktop:/usr/share
# environment
DBUS_SESSION_BUS_ADDRESS = unix:path=/run/user/1002/bus
# environment
VSCODE_VERBOSE_LOGGING = true
# environment
LESSOPEN = | /usr/bin/lesspipe %s
# environment
VSCODE_CWD = /home/isenina
# environment
XDG_SESSION_PATH = /org/freedesktop/DisplayManager/Session0
# default
MAKE_HOST := x86_64-pc-linux-gnu
# environment
PATH = /home/isenina/.local/bin:/home/isenina/.local/bin:/usr/local/sbin:/usr/local/bin:/usr/sbin:/usr/bin:/sbin:/bin:/usr/games:/usr/local/games:/snap/bin:/mnt/data/TOOLS/netcdf4.0/bin:/mnt/data/SEAPODYM//bin:/mnt/data/SEAPODYM//scripts:/home/isenina/R//
# environment
GPG_AGENT_INFO = /run/user/1002/gnupg/S.gpg-agent:0:1
# makefile (from 'Makefile', line 95)
SRCPATH = DOM/src:src
# environment
SESSION_MANAGER = local/seapodym-tiny:@/tmp/.ICE-unix/1742,unix/seapodym-tiny:/tmp/.ICE-unix/1742
# environment
XDG_RUNTIME_DIR = /run/user/1002
# makefile (from 'Makefile', line 97)
BINPATH = .
# environment
XDG_MENU_PREFIX = xfce-
# makefile (from 'Makefile', line 115)
LL = $(CC)
# environment
VSCODE_LOG_STACK = false
# environment
ELECTRON_RUN_AS_NODE = 1
# default
.FEATURES := target-specific order-only second-expansion else-if shortest-stem undefine oneshell archives jobserver output-sync check-symlink load
# environment
XDG_GREETER_DATA_DIR = /var/lib/lightdm-data/isenina
# environment
LS_COLORS = 
# environment
XDG_SESSION_DESKTOP = xubuntu
# environment
SSH_AUTH_SOCK = /run/user/1002/keyring/ssh
# environment
R_LIBS_USER = /home/isenina/R/
# automatic
%F = $(notdir $%)
# environment
DISPLAY = :0.0
# default
MAKEFILES := 
# environment
VSCODE_PIPE_LOGGING = true
# environment
PWD = /mnt/data/SEAPODYM/src/seapodym_cltags/seapodym-project-github
# environment
GMT_HOME = /usr/share/gmt
# environment
QT_QPA_PLATFORMTHEME = gtk2
# default
.LOADED := 
# environment
XDG_SEAT = seat0
# environment
SSH_AGENT_PID = 1835
# makefile (from 'Makefile', line 101)
ADMODEL = $(ADMB_HOME_11)
# environment
ORIGINAL_XDG_CURRENT_DESKTOP = XFCE
# environment
VSCODE_AMD_ENTRYPOINT = vs/workbench/api/node/extensionHostProcess
# environment
HOME = /home/isenina
# environment
LD_LIBRARY_PATH = /mnt/data/TOOLS/admodel/admb-11.6/build/dist//lib:
# environment
LESSCLOSE = /usr/bin/lesspipe %s %s
# environment
VSCODE_CODE_CACHE_PATH = /home/isenina/.config/Code/CachedData/30d9c6cd9483b2cc586687151bcbcd635f373630
# environment
LOGNAME = isenina
# environment
APPLICATION_INSIGHTS_NO_DIAGNOSTIC_CHANNEL = 1
# makefile (from 'Makefile', line 1)
HEADERS = XMLDocument2.h calpop.h Map.h Matrices.h Numfunc.h ReadWrite.h Param.h Date.h SaveTimeArea.h SeapodymCoupled.h SimtunaFunc.h mytypes.h SeapodymDocConsole.h ctrace.h Utilities.h VarMatrices.h VarParamCoupled.h VarSimtunaFunc.h
# environment
VSCODE_HANDLES_UNCAUGHT_ERRORS = true
# automatic
^D = $(patsubst %/,%,$(dir $^))
# environment
XDG_VTNR = 7
# environment
CLUTTER_BACKEND = x11
# environment
MAKELEVEL := 0
# default
MAKE = $(MAKE_COMMAND)
# default
MAKECMDGOALS := all
# makefile (from 'Makefile', line 21)
SRCS = main_simulation.cpp ad_buffers.cpp XMLDocument2.cpp VarParamCoupled.cpp seapodym_coupled.cpp Map.cpp Matrices.cpp Numfunc.cpp ReadWrite_TXT.cpp ReadWrite_DYM.cpp ReadWrite_fisheries.cpp Param.cpp Date.cpp SaveTimeArea.cpp SimtunaFunc.cpp VarParamCoupled_xinit.cpp VarParamCoupled_reset.cpp SeapodymCoupled_Funcs.cpp SeapodymCoupled_Forage.cpp SeapodymCoupled_EditRunCoupled.cpp SeapodymCoupled_OnRunCoupled.cpp SeapodymCoupled_OnRunFirstStep.cpp SeapodymCoupled_OnReadForcing.cpp SeapodymCoupled_OnWriteOutput.cpp SeapodymCoupled_ReadTags.cpp SeapodymDocConsole_UpdateDisplay.cpp spawning_habitat.cpp juvenile_habitat.cpp mortality_sp.cpp caldia.cpp tridag_bet.cpp calrec_adre.cpp precalrec_juv.cpp calrec_precalrec.cpp predicted_catch.cpp predicted_catch_without_effort.cpp total_exploited_biomass.cpp total_obs_catch_age.cpp spawning.cpp accessibility.cpp feeding_habitat.cpp seasonal_switch.cpp total_mortality_comp.cpp food_requirement_index.cpp fd_spawning_habitat.cpp fd_juvenile_habitat.cpp fd_mortality_sp.cpp fd_caldia.cpp fd_tridag_bet.cpp fd_calrec_adre.cpp fd_survival.cpp fd_precalrec_juv.cpp fd_calrec_precalrec.cpp fd_predicted_catch.cpp fd_predicted_catch_without_effort.cpp fd_total_exploited_biomass.cpp fd_total_obs_catch_age.cpp fd_spawning.cpp fd_accessibility.cpp fd_feeding_habitat.cpp fd_seasonal_switch.cpp fd_total_pop.cpp fd_total_mortality_comp.cpp fd_food_requirement_index.cpp Calpop_caldia.cpp Calpop_calrec.cpp Calpop_InitCalPop.cpp Calpop_precaldia.cpp Calpop_precalrec.cpp Calpop_tridag.cpp hessian.cpp like.cpp
# environment
SHLVL = 0
# environment
R_SEA_HOME = /mnt/data/SEAPODYM/R/
# makefile (from 'Makefile', line 114)
CC = gcc
# environment
VSCODE_IPC_HOOK_EXTHOST = /run/user/1002/vscode-ipc-e9920beb-7940-4cf0-bdc4-523297e3552d.sock
# environment
XDG_SESSION_ID = c2
# environment
USER = isenina
# makefile
.DEFAULT_GOAL := all
# environment
XDG_CURRENT_DESKTOP = XFCE
# makefile (from 'Makefile', line 100)
OBJPATH = objs
# automatic
%D = $(patsubst %/,%,$(dir $%))
# makefile (from 'Makefile', line 112)
LFLAGS = -L$(ADMODEL)/lib  -ladmbo  -ldl -lstdc++ -lxml2 -lm
# default
MAKE_COMMAND := make
# default
.VARIABLES := 
# automatic
*F = $(notdir $*)
# environment
LANGUAGE = en
# environment
XDG_SEAT_PATH = /org/freedesktop/DisplayManager/Seat0
# environment
VSCODE_IPC_HOOK = /run/user/1002/vscode-c2ff6ce5-1.68.1-main.sock
# environment
PANEL_GDK_CORE_DEVICE_EVENTS = 0
# makefile
MAKEFLAGS = pqrRw
# environment
MFLAGS = -pqrRw
# automatic
*D = $(patsubst %/,%,$(dir $*))
# automatic
+D = $(patsubst %/,%,$(dir $+))
# environment
GDK_BACKEND = x11
# environment
SEA_DATA_HOME = /mnt/data/SEAPODYM/data/
# environment
ADMB_HOME_10 = /mnt/data/TOOLS/admodel/admb-10.1-linux-gcc4.3.2-64bit/
# automatic
+F = $(notdir $+)
# environment
QT_ACCESSIBILITY = 1
# environment
ADMB_HOME_11 = /mnt/data/TOOLS/admodel/admb-11.6/build/dist/
# automatic
<F = $(notdir $<)
# environment
NC_HOME = /mnt/data/TOOLS/netcdf4.0
# environment
LC_ALL = C
# automatic
^F = $(notdir $^)
# default
SUFFIXES := 
# environment
CHROME_DESKTOP = code-url-handler.desktop
# makefile (from 'Makefile', line 96)
INCPATH = -IDOM/src -Isrc
# default
.INCLUDE_DIRS = /usr/include /usr/local/include /usr/include
# default
.RECIPEPREFIX := 
# makefile (from 'Makefile', line 121)
OBJECTS = $(SRCS:%.cpp=$(OBJPATH)/%.o)
# environment
SEA_HOME = /mnt/data/SEAPODYM/
# environment
LANG = C
# environment
VSCODE_PID = 6882
# variable set hash-table stats:
# Load=116/1024=11%, Rehash=0, Collisions=12/169=7%

# Pattern-specific Variable Values

 
# No pattern-specific variable values.

# Directories

# . (device 2065, inode 54659759): 21 files, no impossibilities.
# DOM/src (device 2065, inode 54659870): No files, no impossibilities so far.
# src (device 2065, inode 54790745): No files, no impossibilities so far.

# 21 files, no impossibilities in 3 directories.

# Implicit Rules

objs/%.o: %.cpp
#  recipe to execute (from 'Makefile', line 147):
	$(CC) -o$@ $(DEBUG) -c $(CFLAGS) $(filter %.cpp, $^)

# 1 implicit rules, 0 (0.0%) terminal.

# Files

objs/VarParamCoupled_reset.o: XMLDocument2.h calpop.h Map.h Matrices.h Numfunc.h ReadWrite.h Param.h Date.h SaveTimeArea.h SeapodymCoupled.h SimtunaFunc.h mytypes.h SeapodymDocConsole.h ctrace.h Utilities.h VarMatrices.h VarParamCoupled.h VarSimtunaFunc.h
#  Implicit rule search has not been done.
#  Modification time never checked.
#  File has not been updated.

# Not a target:
calpop.h:
#  Implicit rule search has not been done.
#  Modification time never checked.
#  File has not been updated.

# Not a target:
like.cpp:
#  Implicit rule search has not been done.
#  Modification time never checked.
#  File has not been updated.

objs/SeapodymCoupled_ReadTags.o: XMLDocument2.h calpop.h Map.h Matrices.h Numfunc.h ReadWrite.h Param.h Date.h SaveTimeArea.h SeapodymCoupled.h SimtunaFunc.h mytypes.h SeapodymDocConsole.h ctrace.h Utilities.h VarMatrices.h VarParamCoupled.h VarSimtunaFunc.h
#  Implicit rule search has not been done.
#  Modification time never checked.
#  File has not been updated.

objs/Calpop_precaldia.o: XMLDocument2.h calpop.h Map.h Matrices.h Numfunc.h ReadWrite.h Param.h Date.h SaveTimeArea.h SeapodymCoupled.h SimtunaFunc.h mytypes.h SeapodymDocConsole.h ctrace.h Utilities.h VarMatrices.h VarParamCoupled.h VarSimtunaFunc.h
#  Implicit rule search has not been done.
#  Modification time never checked.
#  File has not been updated.

# Not a target:
precalrec_juv.cpp:
#  Implicit rule search has not been done.
#  Modification time never checked.
#  File has not been updated.

# Not a target:
feeding_habitat.cpp:
#  Implicit rule search has not been done.
#  Modification time never checked.
#  File has not been updated.

# Not a target:
SeapodymCoupled_OnRunCoupled.cpp:
#  Implicit rule search has not been done.
#  Modification time never checked.
#  File has not been updated.

# Not a target:
juvenile_habitat.cpp:
#  Implicit rule search has not been done.
#  Modification time never checked.
#  File has not been updated.

# Not a target:
fd_caldia.cpp:
#  Implicit rule search has not been done.
#  Modification time never checked.
#  File has not been updated.

# Not a target:
tridag_bet.cpp:
#  Implicit rule search has not been done.
#  Modification time never checked.
#  File has not been updated.

all: init seapodym
#  Command line target.
#  Implicit rule search has been done.
#  File does not exist.
#  File has been updated.
#  Needs to be updated (-q is set).
# variable set hash-table stats:
# Load=0/32=0%, Rehash=0, Collisions=0/5=0%

objs/VarParamCoupled.o: XMLDocument2.h calpop.h Map.h Matrices.h Numfunc.h ReadWrite.h Param.h Date.h SaveTimeArea.h SeapodymCoupled.h SimtunaFunc.h mytypes.h SeapodymDocConsole.h ctrace.h Utilities.h VarMatrices.h VarParamCoupled.h VarSimtunaFunc.h
#  Implicit rule search has not been done.
#  Modification time never checked.
#  File has not been updated.

# Not a target:
predicted_catch_without_effort.cpp:
#  Implicit rule search has not been done.
#  Modification time never checked.
#  File has not been updated.

objs/SeapodymCoupled_OnRunCoupled.o: XMLDocument2.h calpop.h Map.h Matrices.h Numfunc.h ReadWrite.h Param.h Date.h SaveTimeArea.h SeapodymCoupled.h SimtunaFunc.h mytypes.h SeapodymDocConsole.h ctrace.h Utilities.h VarMatrices.h VarParamCoupled.h VarSimtunaFunc.h
#  Implicit rule search has not been done.
#  Modification time never checked.
#  File has not been updated.

objs/ReadWrite_fisheries.o: XMLDocument2.h calpop.h Map.h Matrices.h Numfunc.h ReadWrite.h Param.h Date.h SaveTimeArea.h SeapodymCoupled.h SimtunaFunc.h mytypes.h SeapodymDocConsole.h ctrace.h Utilities.h VarMatrices.h VarParamCoupled.h VarSimtunaFunc.h
#  Implicit rule search has not been done.
#  Modification time never checked.
#  File has not been updated.

objs/Param.o: XMLDocument2.h calpop.h Map.h Matrices.h Numfunc.h ReadWrite.h Param.h Date.h SaveTimeArea.h SeapodymCoupled.h SimtunaFunc.h mytypes.h SeapodymDocConsole.h ctrace.h Utilities.h VarMatrices.h VarParamCoupled.h VarSimtunaFunc.h
#  Implicit rule search has not been done.
 
#  Modification time never checked.
#  File has not been updated.

# Not a target:
fd_tridag_bet.cpp:
#  Implicit rule search has not been done.
#  Modification time never checked.
#  File has not been updated.

objs/fd_total_obs_catch_age.o: XMLDocument2.h calpop.h Map.h Matrices.h Numfunc.h ReadWrite.h Param.h Date.h SaveTimeArea.h SeapodymCoupled.h SimtunaFunc.h mytypes.h SeapodymDocConsole.h ctrace.h Utilities.h VarMatrices.h VarParamCoupled.h VarSimtunaFunc.h
#  Implicit rule search has not been done.
#  Modification time never checked.
#  File has not been updated.

# Not a target:
VarSimtunaFunc.h:
#  Implicit rule search has not been done.
#  Modification time never checked.
#  File has not been updated.

objs/Matrices.o: XMLDocument2.h calpop.h Map.h Matrices.h Numfunc.h ReadWrite.h Param.h Date.h SaveTimeArea.h SeapodymCoupled.h SimtunaFunc.h mytypes.h SeapodymDocConsole.h ctrace.h Utilities.h VarMatrices.h VarParamCoupled.h VarSimtunaFunc.h
#  Implicit rule search has not been done.
#  Modification time never checked.
#  File has not been updated.

# Not a target:
fd_mortality_sp.cpp:
#  Implicit rule search has not been done.
#  Modification time never checked.
#  File has not been updated.

# Not a target:
SeapodymCoupled_OnReadForcing.cpp:
#  Implicit rule search has not been done.
#  Modification time never checked.
#  File has not been updated.

# Not a target:
fd_spawning.cpp:
#  Implicit rule search has not been done.
#  Modification time never checked.
#  File has not been updated.

objs/fd_feeding_habitat.o: XMLDocument2.h calpop.h Map.h Matrices.h Numfunc.h ReadWrite.h Param.h Date.h SaveTimeArea.h SeapodymCoupled.h SimtunaFunc.h mytypes.h SeapodymDocConsole.h ctrace.h Utilities.h VarMatrices.h VarParamCoupled.h VarSimtunaFunc.h
#  Implicit rule search has not been done.
#  Modification time never checked.
#  File has not been updated.

# Not a target:
SeapodymDocConsole_UpdateDisplay.cpp:
#  Implicit rule search has not been done.
#  Modification time never checked.
#  File has not been updated.

# Not a target:
Map.h:
#  Implicit rule search has not been done.
#  Modification time never checked.
#  File has not been updated.

objs/fd_predicted_catch.o: XMLDocument2.h calpop.h Map.h Matrices.h Numfunc.h ReadWrite.h Param.h Date.h SaveTimeArea.h SeapodymCoupled.h SimtunaFunc.h mytypes.h SeapodymDocConsole.h ctrace.h Utilities.h VarMatrices.h VarParamCoupled.h VarSimtunaFunc.h
#  Implicit rule search has not been done.
#  Modification time never checked.
#  File has not been updated.

# Not a target:
.SUFFIXES:
#  Implicit rule search has not been done.
#  Modification time never checked.
#  File has not been updated.

# Not a target:
food_requirement_index.cpp:
#  Implicit rule search has not been done.
#  Modification time never checked.
#  File has not been updated.

objs/fd_calrec_adre.o: XMLDocument2.h calpop.h Map.h Matrices.h Numfunc.h ReadWrite.h Param.h Date.h SaveTimeArea.h SeapodymCoupled.h SimtunaFunc.h mytypes.h SeapodymDocConsole.h ctrace.h Utilities.h VarMatrices.h VarParamCoupled.h VarSimtunaFunc.h
#  Implicit rule search has not been done.
#  Modification time never checked.
#  File has not been updated.

objs/fd_total_exploited_biomass.o: XMLDocument2.h calpop.h Map.h Matrices.h Numfunc.h ReadWrite.h Param.h Date.h SaveTimeArea.h SeapodymCoupled.h SimtunaFunc.h mytypes.h SeapodymDocConsole.h ctrace.h Utilities.h VarMatrices.h VarParamCoupled.h VarSimtunaFunc.h
#  Implicit rule search has not been done.
#  Modification time never checked.
#  File has not been updated.

objs/SeapodymCoupled_OnReadForcing.o: XMLDocument2.h calpop.h Map.h Matrices.h Numfunc.h ReadWrite.h Param.h Date.h SaveTimeArea.h SeapodymCoupled.h SimtunaFunc.h mytypes.h SeapodymDocConsole.h ctrace.h Utilities.h VarMatrices.h VarParamCoupled.h VarSimtunaFunc.h
#  Implicit rule search has not been done.
#  Modification time never checked.
#  File has not been updated.

objs/fd_total_mortality_comp.o: XMLDocument2.h calpop.h Map.h Matrices.h Numfunc.h ReadWrite.h Param.h Date.h SaveTimeArea.h SeapodymCoupled.h SimtunaFunc.h mytypes.h SeapodymDocConsole.h ctrace.h Utilities.h VarMatrices.h VarParamCoupled.h VarSimtunaFunc.h
#  Implicit rule search has not been done.
#  Modification time never checked.
#  File has not been updated.

# Not a target:
ReadWrite_fisheries.cpp:
#  Implicit rule search has not been done.
#  Modification time never checked.
 
#  File has not been updated.

# Not a target:
Makefile:
#  Implicit rule search has been done.
#  Last modified 2022-04-25 10:08:35.057754999
#  File has been updated.
#  Successfully updated.

objs/SeapodymDocConsole_UpdateDisplay.o: XMLDocument2.h calpop.h Map.h Matrices.h Numfunc.h ReadWrite.h Param.h Date.h SaveTimeArea.h SeapodymCoupled.h SimtunaFunc.h mytypes.h SeapodymDocConsole.h ctrace.h Utilities.h VarMatrices.h VarParamCoupled.h VarSimtunaFunc.h
#  Implicit rule search has not been done.
#  Modification time never checked.
#  File has not been updated.

# Not a target:
calrec_adre.cpp:
#  Implicit rule search has not been done.
#  Modification time never checked.
#  File has not been updated.

# Not a target:
hessian.cpp:
#  Implicit rule search has not been done.
#  Modification time never checked.
#  File has not been updated.

objs/fd_juvenile_habitat.o: XMLDocument2.h calpop.h Map.h Matrices.h Numfunc.h ReadWrite.h Param.h Date.h SaveTimeArea.h SeapodymCoupled.h SimtunaFunc.h mytypes.h SeapodymDocConsole.h ctrace.h Utilities.h VarMatrices.h VarParamCoupled.h VarSimtunaFunc.h
#  Implicit rule search has not been done.
#  Modification time never checked.
#  File has not been updated.

objs/mortality_sp.o: XMLDocument2.h calpop.h Map.h Matrices.h Numfunc.h ReadWrite.h Param.h Date.h SaveTimeArea.h SeapodymCoupled.h SimtunaFunc.h mytypes.h SeapodymDocConsole.h ctrace.h Utilities.h VarMatrices.h VarParamCoupled.h VarSimtunaFunc.h
#  Implicit rule search has not been done.
#  Modification time never checked.
#  File has not been updated.

# Not a target:
fd_accessibility.cpp:
#  Implicit rule search has not been done.
#  Modification time never checked.
#  File has not been updated.

objs/fd_seasonal_switch.o: XMLDocument2.h calpop.h Map.h Matrices.h Numfunc.h ReadWrite.h Param.h Date.h SaveTimeArea.h SeapodymCoupled.h SimtunaFunc.h mytypes.h SeapodymDocConsole.h ctrace.h Utilities.h VarMatrices.h VarParamCoupled.h VarSimtunaFunc.h
#  Implicit rule search has not been done.
#  Modification time never checked.
#  File has not been updated.

test: init objs/main_simulation.o objs/ad_buffers.o objs/XMLDocument2.o objs/VarParamCoupled.o objs/seapodym_coupled.o objs/Map.o objs/Matrices.o objs/Numfunc.o objs/ReadWrite_TXT.o objs/ReadWrite_DYM.o objs/ReadWrite_fisheries.o objs/Param.o objs/Date.o objs/SaveTimeArea.o objs/SimtunaFunc.o objs/VarParamCoupled_xinit.o objs/VarParamCoupled_reset.o objs/SeapodymCoupled_Funcs.o objs/SeapodymCoupled_Forage.o objs/SeapodymCoupled_EditRunCoupled.o objs/SeapodymCoupled_OnRunCoupled.o objs/SeapodymCoupled_OnRunFirstStep.o objs/SeapodymCoupled_OnReadForcing.o objs/SeapodymCoupled_OnWriteOutput.o objs/SeapodymCoupled_ReadTags.o objs/SeapodymDocConsole_UpdateDisplay.o objs/spawning_habitat.o objs/juvenile_habitat.o objs/mortality_sp.o objs/caldia.o objs/tridag_bet.o objs/calrec_adre.o objs/precalrec_juv.o objs/calrec_precalrec.o objs/predicted_catch.o objs/predicted_catch_without_effort.o objs/total_exploited_biomass.o objs/total_obs_catch_age.o objs/spawning.o objs/accessibility.o objs/feeding_habitat.o objs/seasonal_switch.o objs/total_mortality_comp.o objs/food_requirement_index.o objs/fd_spawning_habitat.o objs/fd_juvenile_habitat.o objs/fd_mortality_sp.o objs/fd_caldia.o objs/fd_tridag_bet.o objs/fd_calrec_adre.o objs/fd_survival.o objs/fd_precalrec_juv.o objs/fd_calrec_precalrec.o objs/fd_predicted_catch.o objs/fd_predicted_catch_without_effort.o objs/fd_total_exploited_biomass.o objs/fd_total_obs_catch_age.o objs/fd_spawning.o objs/fd_accessibility.o objs/fd_feeding_habitat.o objs/fd_seasonal_switch.o objs/fd_total_pop.o objs/fd_total_mortality_comp.o objs/fd_food_requirement_index.o objs/Calpop_caldia.o objs/Calpop_calrec.o objs/Calpop_InitCalPop.o objs/Calpop_precaldia.o objs/Calpop_precalrec.o objs/Calpop_tridag.o objs/hessian.o objs/like.o
#  Implicit rule search has not been done.
#  Modification time never checked.
#  File has not been updated.
#  recipe to execute (from 'Makefile', line 138):
	make -f Makefile.test

objs/accessibility.o: XMLDocument2.h calpop.h Map.h Matrices.h Numfunc.h ReadWrite.h Param.h Date.h SaveTimeArea.h SeapodymCoupled.h SimtunaFunc.h mytypes.h SeapodymDocConsole.h ctrace.h Utilities.h VarMatrices.h VarParamCoupled.h VarSimtunaFunc.h
#  Implicit rule search has not been done.
#  Modification time never checked.
#  File has not been updated.

# Not a target:
XMLDocument2.h:
#  Implicit rule search has not been done.
#  Modification time never checked.
#  File has not been updated.

# Not a target:
seasonal_switch.cpp:
#  Implicit rule search has not been done.
#  Modification time never checked.
#  File has not been updated.

objs/calrec_adre.o: XMLDocument2.h calpop.h Map.h Matrices.h Numfunc.h ReadWrite.h Param.h Date.h SaveTimeArea.h SeapodymCoupled.h SimtunaFunc.h mytypes.h SeapodymDocConsole.h ctrace.h Utilities.h VarMatrices.h VarParamCoupled.h VarSimtunaFunc.h
#  Implicit rule search has not been done.
#  Modification time never checked.
#  File has not been updated.

# Not a target:
Param.h:
#  Implicit rule search has not been done.
#  Modification time never checked.
#  File has not been updated.

# Not a target:
VarParamCoupled_reset.cpp:
#  Implicit rule search has not been done.
#  Modification time never checked.
#  File has not been updated.
 

objs/fd_precalrec_juv.o: XMLDocument2.h calpop.h Map.h Matrices.h Numfunc.h ReadWrite.h Param.h Date.h SaveTimeArea.h SeapodymCoupled.h SimtunaFunc.h mytypes.h SeapodymDocConsole.h ctrace.h Utilities.h VarMatrices.h VarParamCoupled.h VarSimtunaFunc.h
#  Implicit rule search has not been done.
#  Modification time never checked.
#  File has not been updated.

objs/Date.o: XMLDocument2.h calpop.h Map.h Matrices.h Numfunc.h ReadWrite.h Param.h Date.h SaveTimeArea.h SeapodymCoupled.h SimtunaFunc.h mytypes.h SeapodymDocConsole.h ctrace.h Utilities.h VarMatrices.h VarParamCoupled.h VarSimtunaFunc.h
#  Implicit rule search has not been done.
#  Modification time never checked.
#  File has not been updated.

# Not a target:
mytypes.h:
#  Implicit rule search has not been done.
#  Modification time never checked.
#  File has not been updated.

# Not a target:
XMLDocument2.cpp:
#  Implicit rule search has not been done.
#  Modification time never checked.
#  File has not been updated.

# Not a target:
predicted_catch.cpp:
#  Implicit rule search has not been done.
#  Modification time never checked.
#  File has not been updated.

# Not a target:
VarParamCoupled.h:
#  Implicit rule search has not been done.
#  Modification time never checked.
#  File has not been updated.

# Not a target:
Calpop_InitCalPop.cpp:
#  Implicit rule search has not been done.
#  Modification time never checked.
#  File has not been updated.

objs/seasonal_switch.o: XMLDocument2.h calpop.h Map.h Matrices.h Numfunc.h ReadWrite.h Param.h Date.h SaveTimeArea.h SeapodymCoupled.h SimtunaFunc.h mytypes.h SeapodymDocConsole.h ctrace.h Utilities.h VarMatrices.h VarParamCoupled.h VarSimtunaFunc.h
#  Implicit rule search has not been done.
#  Modification time never checked.
#  File has not been updated.

objs/ReadWrite_DYM.o: XMLDocument2.h calpop.h Map.h Matrices.h Numfunc.h ReadWrite.h Param.h Date.h SaveTimeArea.h SeapodymCoupled.h SimtunaFunc.h mytypes.h SeapodymDocConsole.h ctrace.h Utilities.h VarMatrices.h VarParamCoupled.h VarSimtunaFunc.h
#  Implicit rule search has not been done.
#  Modification time never checked.
#  File has not been updated.

# Not a target:
Matrices.h:
#  Implicit rule search has not been done.
#  Modification time never checked.
#  File has not been updated.

objs/fd_food_requirement_index.o: XMLDocument2.h calpop.h Map.h Matrices.h Numfunc.h ReadWrite.h Param.h Date.h SaveTimeArea.h SeapodymCoupled.h SimtunaFunc.h mytypes.h SeapodymDocConsole.h ctrace.h Utilities.h VarMatrices.h VarParamCoupled.h VarSimtunaFunc.h
#  Implicit rule search has not been done.
#  Modification time never checked.
#  File has not been updated.

# Not a target:
Param.cpp:
#  Implicit rule search has not been done.
#  Modification time never checked.
#  File has not been updated.

objs/fd_predicted_catch_without_effort.o: XMLDocument2.h calpop.h Map.h Matrices.h Numfunc.h ReadWrite.h Param.h Date.h SaveTimeArea.h SeapodymCoupled.h SimtunaFunc.h mytypes.h SeapodymDocConsole.h ctrace.h Utilities.h VarMatrices.h VarParamCoupled.h VarSimtunaFunc.h
#  Implicit rule search has not been done.
#  Modification time never checked.
#  File has not been updated.

# Not a target:
SeapodymCoupled_Funcs.cpp:
#  Implicit rule search has not been done.
#  Modification time never checked.
#  File has not been updated.

objs/main_simulation.o: XMLDocument2.h calpop.h Map.h Matrices.h Numfunc.h ReadWrite.h Param.h Date.h SaveTimeArea.h SeapodymCoupled.h SimtunaFunc.h mytypes.h SeapodymDocConsole.h ctrace.h Utilities.h VarMatrices.h VarParamCoupled.h VarSimtunaFunc.h
#  Implicit rule search has not been done.
#  Modification time never checked.
#  File has not been updated.

objs/fd_calrec_precalrec.o: XMLDocument2.h calpop.h Map.h Matrices.h Numfunc.h ReadWrite.h Param.h Date.h SaveTimeArea.h SeapodymCoupled.h SimtunaFunc.h mytypes.h SeapodymDocConsole.h ctrace.h Utilities.h VarMatrices.h VarParamCoupled.h VarSimtunaFunc.h
#  Implicit rule search has not been done.
#  Modification time never checked.
#  File has not been updated.

# Not a target:
total_obs_catch_age.cpp:
#  Implicit rule search has not been done.
#  Modification time never checked.
#  File has not been updated.
 

objs/Calpop_InitCalPop.o: XMLDocument2.h calpop.h Map.h Matrices.h Numfunc.h ReadWrite.h Param.h Date.h SaveTimeArea.h SeapodymCoupled.h SimtunaFunc.h mytypes.h SeapodymDocConsole.h ctrace.h Utilities.h VarMatrices.h VarParamCoupled.h VarSimtunaFunc.h
#  Implicit rule search has not been done.
#  Modification time never checked.
#  File has not been updated.

# Not a target:
VarParamCoupled.cpp:
#  Implicit rule search has not been done.
#  Modification time never checked.
#  File has not been updated.

# Not a target:
calrec_precalrec.cpp:
#  Implicit rule search has not been done.
#  Modification time never checked.
#  File has not been updated.

# Not a target:
Matrices.cpp:
#  Implicit rule search has not been done.
#  Modification time never checked.
#  File has not been updated.

objs/VarParamCoupled_xinit.o: XMLDocument2.h calpop.h Map.h Matrices.h Numfunc.h ReadWrite.h Param.h Date.h SaveTimeArea.h SeapodymCoupled.h SimtunaFunc.h mytypes.h SeapodymDocConsole.h ctrace.h Utilities.h VarMatrices.h VarParamCoupled.h VarSimtunaFunc.h
#  Implicit rule search has not been done.
#  Modification time never checked.
#  File has not been updated.

objs/SeapodymCoupled_Funcs.o: XMLDocument2.h calpop.h Map.h Matrices.h Numfunc.h ReadWrite.h Param.h Date.h SaveTimeArea.h SeapodymCoupled.h SimtunaFunc.h mytypes.h SeapodymDocConsole.h ctrace.h Utilities.h VarMatrices.h VarParamCoupled.h VarSimtunaFunc.h
#  Implicit rule search has not been done.
#  Modification time never checked.
#  File has not been updated.

# Not a target:
fd_food_requirement_index.cpp:
#  Implicit rule search has not been done.
#  Modification time never checked.
#  File has not been updated.

# Not a target:
main_simulation.cpp:
#  Implicit rule search has not been done.
#  Modification time never checked.
#  File has not been updated.

objs/tridag_bet.o: XMLDocument2.h calpop.h Map.h Matrices.h Numfunc.h ReadWrite.h Param.h Date.h SaveTimeArea.h SeapodymCoupled.h SimtunaFunc.h mytypes.h SeapodymDocConsole.h ctrace.h Utilities.h VarMatrices.h VarParamCoupled.h VarSimtunaFunc.h
#  Implicit rule search has not been done.
#  Modification time never checked.
#  File has not been updated.

# Not a target:
accessibility.cpp:
#  Implicit rule search has not been done.
#  Modification time never checked.
#  File has not been updated.

# Not a target:
ReadWrite_DYM.cpp:
#  Implicit rule search has not been done.
#  Modification time never checked.
#  File has not been updated.

objs/fd_total_pop.o: XMLDocument2.h calpop.h Map.h Matrices.h Numfunc.h ReadWrite.h Param.h Date.h SaveTimeArea.h SeapodymCoupled.h SimtunaFunc.h mytypes.h SeapodymDocConsole.h ctrace.h Utilities.h VarMatrices.h VarParamCoupled.h VarSimtunaFunc.h
#  Implicit rule search has not been done.
#  Modification time never checked.
#  File has not been updated.

# Not a target:
fd_total_obs_catch_age.cpp:
#  Implicit rule search has not been done.
#  Modification time never checked.
#  File has not been updated.

objs/calrec_precalrec.o: XMLDocument2.h calpop.h Map.h Matrices.h Numfunc.h ReadWrite.h Param.h Date.h SaveTimeArea.h SeapodymCoupled.h SimtunaFunc.h mytypes.h SeapodymDocConsole.h ctrace.h Utilities.h VarMatrices.h VarParamCoupled.h VarSimtunaFunc.h
#  Implicit rule search has not been done.
#  Modification time never checked.
#  File has not been updated.

# Not a target:
total_exploited_biomass.cpp:
#  Implicit rule search has not been done.
#  Modification time never checked.
#  File has not been updated.

objs/fd_spawning_habitat.o: XMLDocument2.h calpop.h Map.h Matrices.h Numfunc.h ReadWrite.h Param.h Date.h SaveTimeArea.h SeapodymCoupled.h SimtunaFunc.h mytypes.h SeapodymDocConsole.h ctrace.h Utilities.h VarMatrices.h VarParamCoupled.h VarSimtunaFunc.h
#  Implicit rule search has not been done.
#  Modification time never checked.
#  File has not been updated.

# Not a target:
total_mortality_comp.cpp:
#  Implicit rule search has not been done.
#  Modification time never checked.
#  File has not been updated.

objs/ad_buffers.o: XMLDocument2.h calpop.h Map.h Matrices.h Numfunc.h ReadWrite.h Param.h Date.h SaveTimeArea.h SeapodymCoupled.h SimtunaFunc.h mytypes.h SeapodymDocConsole.h ctrace.h Utilities.h VarMatrices.h VarParamCoupled.h VarSimtunaFunc.h
#  Implicit rule search has not been done.
#  Modification time never checked.
#  File has not been updated.

 
# Not a target:
seapodym_coupled.cpp:
#  Implicit rule search has not been done.
#  Modification time never checked.
#  File has not been updated.

# Not a target:
SeapodymCoupled_OnRunFirstStep.cpp:
#  Implicit rule search has not been done.
#  Modification time never checked.
#  File has not been updated.

# Not a target:
fd_feeding_habitat.cpp:
#  Implicit rule search has not been done.
#  Modification time never checked.
#  File has not been updated.

# Not a target:
.DEFAULT:
#  Implicit rule search has not been done.
#  Modification time never checked.
#  File has not been updated.

# Not a target:
spawning_habitat.cpp:
#  Implicit rule search has not been done.
#  Modification time never checked.
#  File has not been updated.

# Not a target:
SeapodymCoupled.h:
#  Implicit rule search has not been done.
#  Modification time never checked.
#  File has not been updated.

# Not a target:
mortality_sp.cpp:
#  Implicit rule search has not been done.
#  Modification time never checked.
#  File has not been updated.

objs/fd_survival.o: XMLDocument2.h calpop.h Map.h Matrices.h Numfunc.h ReadWrite.h Param.h Date.h SaveTimeArea.h SeapodymCoupled.h SimtunaFunc.h mytypes.h SeapodymDocConsole.h ctrace.h Utilities.h VarMatrices.h VarParamCoupled.h VarSimtunaFunc.h
#  Implicit rule search has not been done.
#  Modification time never checked.
#  File has not been updated.

objs/Map.o: XMLDocument2.h calpop.h Map.h Matrices.h Numfunc.h ReadWrite.h Param.h Date.h SaveTimeArea.h SeapodymCoupled.h SimtunaFunc.h mytypes.h SeapodymDocConsole.h ctrace.h Utilities.h VarMatrices.h VarParamCoupled.h VarSimtunaFunc.h
#  Implicit rule search has not been done.
#  Modification time never checked.
#  File has not been updated.

# Not a target:
fd_predicted_catch.cpp:
#  Implicit rule search has not been done.
#  Modification time never checked.
#  File has not been updated.

# Not a target:
SeapodymCoupled_Forage.cpp:
#  Implicit rule search has not been done.
#  Modification time never checked.
#  File has not been updated.

# Not a target:
fd_calrec_adre.cpp:
#  Implicit rule search has not been done.
#  Modification time never checked.
#  File has not been updated.

# Not a target:
fd_total_exploited_biomass.cpp:
#  Implicit rule search has not been done.
#  Modification time never checked.
#  File has not been updated.

objs/seapodym_coupled.o: XMLDocument2.h calpop.h Map.h Matrices.h Numfunc.h ReadWrite.h Param.h Date.h SaveTimeArea.h SeapodymCoupled.h SimtunaFunc.h mytypes.h SeapodymDocConsole.h ctrace.h Utilities.h VarMatrices.h VarParamCoupled.h VarSimtunaFunc.h
#  Implicit rule search has not been done.
#  Modification time never checked.
#  File has not been updated.

objs/SeapodymCoupled_OnRunFirstStep.o: XMLDocument2.h calpop.h Map.h Matrices.h Numfunc.h ReadWrite.h Param.h Date.h SaveTimeArea.h SeapodymCoupled.h SimtunaFunc.h mytypes.h SeapodymDocConsole.h ctrace.h Utilities.h VarMatrices.h VarParamCoupled.h VarSimtunaFunc.h
#  Implicit rule search has not been done.
#  Modification time never checked.
#  File has not been updated.

# Not a target:
Utilities.h:
#  Implicit rule search has not been done.
#  Modification time never checked.
#  File has not been updated.

# Not a target:
fd_total_mortality_comp.cpp:
#  Implicit rule search has not been done.
#  Modification time never checked.
#  File has not been updated.

objs/spawning_habitat.o: XMLDocument2.h calpop.h Map.h Matrices.h Numfunc.h ReadWrite.h Param.h Date.h SaveTimeArea.h SeapodymCoupled.h SimtunaFunc.h mytypes.h SeapodymDocConsole.h ctrace.h Utilities.h VarMatrices.h VarParamCoupled.h VarSimtunaFunc.h
#  Implicit rule search has not been done.
#  Modification time never checked.
#  File has not been updated.

objs/Numfunc.o: XMLDocument2.h calpop.h Map.h Matrices.h Numfunc.h ReadWrite.h Param.h Date.h SaveTimeArea.h SeapodymCoupled.h SimtunaFunc.h mytypes.h SeapodymDocConsole.h ctrace.h Utilities.h VarMatrices.h VarParamCoupled.h VarSimtunaFunc.h
#  Implicit rule search has not been done.
#  Modification time never checked.
#  File has not been updated.

# Not a target:
fd_juvenile_habitat.cpp:
#  Implicit rule search has not been done.
#  Modification time never checked.
#  File has not been updated.

objs/predicted_catch.o: XMLDocument2.h calpop.h Map.h Matrices.h Numfunc.h ReadWrite.h Param.h Date.h SaveTimeArea.h SeapodymCoupled.h SimtunaFunc.h mytypes.h SeapodymDocConsole.h ctrace.h Utilities.h VarMatrices.h VarParamCoupled.h VarSimtunaFunc.h
#  Implicit rule search has not been done.
#  Modification time never checked.
#  File has not been updated.

# Not a target:
ctrace.h:
#  Implicit rule search has not been done.
#  Modification time never checked.
#  File has not been updated.

clean:
#  Implicit rule search has not been done.
#  Modification time never checked.
#  File has not been updated.
#  recipe to execute (from 'Makefile', line 152):
	@rm -vf $(OBJECTS) $(BINPATH)/seapodym
	@rm -vf $(OBJECTS) $(BINPATH)/seapodym.exe
	@rm -vf $(OBJECTS) $(BINPATH)/TestSeapodymCoupled
	@rm -vrf $(OBJPATH)
	@rm -vrf docs
	@rm -vf gmon.out

objs/SeapodymCoupled_Forage.o: XMLDocument2.h calpop.h Map.h Matrices.h Numfunc.h ReadWrite.h Param.h Date.h SaveTimeArea.h SeapodymCoupled.h SimtunaFunc.h mytypes.h SeapodymDocConsole.h ctrace.h Utilities.h VarMatrices.h VarParamCoupled.h VarSimtunaFunc.h
#  Implicit rule search has not been done.
#  Modification time never checked.
#  File has not been updated.

# Not a target:
fd_seasonal_switch.cpp:
#  Implicit rule search has not been done.
#  Modification time never checked.
#  File has not been updated.

objs/feeding_habitat.o: XMLDocument2.h calpop.h Map.h Matrices.h Numfunc.h ReadWrite.h Param.h Date.h SaveTimeArea.h SeapodymCoupled.h SimtunaFunc.h mytypes.h SeapodymDocConsole.h ctrace.h Utilities.h VarMatrices.h VarParamCoupled.h VarSimtunaFunc.h
#  Implicit rule search has not been done.
#  Modification time never checked.
#  File has not been updated.

# Not a target:
SaveTimeArea.h:
#  Implicit rule search has not been done.
#  Modification time never checked.
#  File has not been updated.

objs/like.o: XMLDocument2.h calpop.h Map.h Matrices.h Numfunc.h ReadWrite.h Param.h Date.h SaveTimeArea.h SeapodymCoupled.h SimtunaFunc.h mytypes.h SeapodymDocConsole.h ctrace.h Utilities.h VarMatrices.h VarParamCoupled.h VarSimtunaFunc.h
#  Implicit rule search has not been done.
#  Modification time never checked.
#  File has not been updated.

seapodym: objs/main_simulation.o objs/ad_buffers.o objs/XMLDocument2.o objs/VarParamCoupled.o objs/seapodym_coupled.o objs/Map.o objs/Matrices.o objs/Numfunc.o objs/ReadWrite_TXT.o objs/ReadWrite_DYM.o objs/ReadWrite_fisheries.o objs/Param.o objs/Date.o objs/SaveTimeArea.o objs/SimtunaFunc.o objs/VarParamCoupled_xinit.o objs/VarParamCoupled_reset.o objs/SeapodymCoupled_Funcs.o objs/SeapodymCoupled_Forage.o objs/SeapodymCoupled_EditRunCoupled.o objs/SeapodymCoupled_OnRunCoupled.o objs/SeapodymCoupled_OnRunFirstStep.o objs/SeapodymCoupled_OnReadForcing.o objs/SeapodymCoupled_OnWriteOutput.o objs/SeapodymCoupled_ReadTags.o objs/SeapodymDocConsole_UpdateDisplay.o objs/spawning_habitat.o objs/juvenile_habitat.o objs/mortality_sp.o objs/caldia.o objs/tridag_bet.o objs/calrec_adre.o objs/precalrec_juv.o objs/calrec_precalrec.o objs/predicted_catch.o objs/predicted_catch_without_effort.o objs/total_exploited_biomass.o objs/total_obs_catch_age.o objs/spawning.o objs/accessibility.o objs/feeding_habitat.o objs/seasonal_switch.o objs/total_mortality_comp.o objs/food_requirement_index.o objs/fd_spawning_habitat.o objs/fd_juvenile_habitat.o objs/fd_mortality_sp.o objs/fd_caldia.o objs/fd_tridag_bet.o objs/fd_calrec_adre.o objs/fd_survival.o objs/fd_precalrec_juv.o objs/fd_calrec_precalrec.o objs/fd_predicted_catch.o objs/fd_predicted_catch_without_effort.o objs/fd_total_exploited_biomass.o objs/fd_total_obs_catch_age.o objs/fd_spawning.o objs/fd_accessibility.o objs/fd_feeding_habitat.o objs/fd_seasonal_switch.o objs/fd_total_pop.o objs/fd_total_mortality_comp.o objs/fd_food_requirement_index.o objs/Calpop_caldia.o objs/Calpop_calrec.o objs/Calpop_InitCalPop.o objs/Calpop_precaldia.o objs/Calpop_precalrec.o objs/Calpop_tridag.o objs/hessian.o objs/like.o
#  Implicit rule search has not been done.
#  Modification time never checked.
#  File has not been updated.
#  recipe to execute (from 'Makefile', line 144):
	$(LL) -o$@ $(DEBUG) $^ $(LFLAGS)

# Not a target:
Calpop_calrec.cpp:
#  Implicit rule search has not been done.
#  Modification time never checked.
#  File has not been updated.

objs/fd_caldia.o: XMLDocument2.h calpop.h Map.h Matrices.h Numfunc.h ReadWrite.h Param.h Date.h SaveTimeArea.h SeapodymCoupled.h SimtunaFunc.h mytypes.h SeapodymDocConsole.h ctrace.h Utilities.h VarMatrices.h VarParamCoupled.h VarSimtunaFunc.h
#  Implicit rule search has not been done.
#  Modification time never checked.
#  File has not been updated.

# Not a target:
fd_precalrec_juv.cpp:
#  Implicit rule search has not been done.
#  Modification time never checked.
#  File has not been updated.

docs: main_simulation.cpp ad_buffers.cpp XMLDocument2.cpp VarParamCoupled.cpp seapodym_coupled.cpp Map.cpp Matrices.cpp Numfunc.cpp ReadWrite_TXT.cpp ReadWrite_DYM.cpp ReadWrite_fisheries.cpp Param.cpp Date.cpp SaveTimeArea.cpp SimtunaFunc.cpp VarParamCoupled_xinit.cpp VarParamCoupled_reset.cpp SeapodymCoupled_Funcs.cpp SeapodymCoupled_Forage.cpp SeapodymCoupled_EditRunCoupled.cpp SeapodymCoupled_OnRunCoupled.cpp SeapodymCoupled_OnRunFirstStep.cpp SeapodymCoupled_OnReadForcing.cpp SeapodymCoupled_OnWriteOutput.cpp SeapodymCoupled_ReadTags.cpp SeapodymDocConsole_UpdateDisplay.cpp spawning_habitat.cpp juvenile_habitat.cpp mortality_sp.cpp caldia.cpp tridag_bet.cpp calrec_adre.cpp precalrec_juv.cpp calrec_precalrec.cpp predicted_catch.cpp predicted_catch_without_effort.cpp total_exploited_biomass.cpp total_obs_catch_age.cpp spawning.cpp accessibility.cpp feeding_habitat.cpp seasonal_switch.cpp total_mortality_comp.cpp food_requirement_index.cpp fd_spawning_habitat.cpp fd_juvenile_habitat.cpp fd_mortality_sp.cpp fd_caldia.cpp fd_tridag_bet.cpp fd_calrec_adre.cpp fd_survival.cpp fd_precalrec_juv.cpp fd_calrec_precalrec.cpp fd_predicted_catch.cpp fd_predicted_catch_without_effort.cpp fd_total_exploited_biomass.cpp fd_total_obs_catch_age.cpp fd_spawning.cpp fd_accessibility.cpp fd_feeding_habitat.cpp fd_seasonal_switch.cpp fd_total_pop.cpp fd_total_mortality_comp.cpp fd_food_requirement_index.cpp Calpop_caldia.cpp Calpop_calrec.cpp Calpop_InitCalPop.cpp Calpop_precaldia.cpp Calpop_precalrec.cpp Calpop_tridag.cpp hessian.cpp like.cpp XMLDocument2.h calpop.h Map.h Matrices.h Numfunc.h ReadWrite.h Param.h Date.h SaveTimeArea.h SeapodymCoupled.h SimtunaFunc.h mytypes.h SeapodymDocConsole.h ctrace.h Utilities.h VarMatrices.h VarParamCoupled.h VarSimtunaFunc.h
#  Implicit rule search has not been done.
#  Modification time never checked.
#  File has not been updated.
#  recipe to execute (from 'Makefile', line 141):
	@doxygen

init:
#  Implicit rule search has not been done.
#  Implicit/static pattern stem: ''
#  File does not exist.
#  File has been updated.
#  Needs to be updated (-q is set).
# automatic
# @ := init
# automatic
# % := 
# automatic
# * := 
# automatic
# + := 
# automatic
# | := 
# automatic
# < := 
# automatic
# ^ := 
# automatic
# ? := 
# variable set hash-table stats:
# Load=8/32=25%, Rehash=0, Collisions=5/13=38%
#  recipe to execute (from 'Makefile', line 135):
	@test -d $(OBJPATH) || mkdir -v $(OBJPATH)

# Not a target:
SeapodymCoupled_ReadTags.cpp:
#  Implicit rule search has not been done.
#  Modification time never checked.
#  File has not been updated.

# Not a target:
caldia.cpp:
#  Implicit rule search has not been done.
#  Modification time never checked.
#  File has not been updated.

 
objs/hessian.o: XMLDocument2.h calpop.h Map.h Matrices.h Numfunc.h ReadWrite.h Param.h Date.h SaveTimeArea.h SeapodymCoupled.h SimtunaFunc.h mytypes.h SeapodymDocConsole.h ctrace.h Utilities.h VarMatrices.h VarParamCoupled.h VarSimtunaFunc.h
#  Implicit rule search has not been done.
#  Modification time never checked.
#  File has not been updated.

objs/juvenile_habitat.o: XMLDocument2.h calpop.h Map.h Matrices.h Numfunc.h ReadWrite.h Param.h Date.h SaveTimeArea.h SeapodymCoupled.h SimtunaFunc.h mytypes.h SeapodymDocConsole.h ctrace.h Utilities.h VarMatrices.h VarParamCoupled.h VarSimtunaFunc.h
#  Implicit rule search has not been done.
#  Modification time never checked.
#  File has not been updated.

# Not a target:
SeapodymCoupled_OnWriteOutput.cpp:
#  Implicit rule search has not been done.
#  Modification time never checked.
#  File has not been updated.

# Not a target:
SeapodymCoupled_EditRunCoupled.cpp:
#  Implicit rule search has not been done.
#  Modification time never checked.
#  File has not been updated.

# Not a target:
SaveTimeArea.cpp:
#  Implicit rule search has not been done.
#  Modification time never checked.
#  File has not been updated.

# Not a target:
ad_buffers.cpp:
#  Implicit rule search has not been done.
#  Modification time never checked.
#  File has not been updated.

objs/Calpop_calrec.o: XMLDocument2.h calpop.h Map.h Matrices.h Numfunc.h ReadWrite.h Param.h Date.h SaveTimeArea.h SeapodymCoupled.h SimtunaFunc.h mytypes.h SeapodymDocConsole.h ctrace.h Utilities.h VarMatrices.h VarParamCoupled.h VarSimtunaFunc.h
#  Implicit rule search has not been done.
#  Modification time never checked.
#  File has not been updated.

objs/ReadWrite_TXT.o: XMLDocument2.h calpop.h Map.h Matrices.h Numfunc.h ReadWrite.h Param.h Date.h SaveTimeArea.h SeapodymCoupled.h SimtunaFunc.h mytypes.h SeapodymDocConsole.h ctrace.h Utilities.h VarMatrices.h VarParamCoupled.h VarSimtunaFunc.h
#  Implicit rule search has not been done.
#  Modification time never checked.
#  File has not been updated.

objs/precalrec_juv.o: XMLDocument2.h calpop.h Map.h Matrices.h Numfunc.h ReadWrite.h Param.h Date.h SaveTimeArea.h SeapodymCoupled.h SimtunaFunc.h mytypes.h SeapodymDocConsole.h ctrace.h Utilities.h VarMatrices.h VarParamCoupled.h VarSimtunaFunc.h
#  Implicit rule search has not been done.
#  Modification time never checked.
#  File has not been updated.

# Not a target:
SeapodymDocConsole.h:
#  Implicit rule search has not been done.
#  Modification time never checked.
#  File has not been updated.

# Not a target:
fd_predicted_catch_without_effort.cpp:
#  Implicit rule search has not been done.
#  Modification time never checked.
#  File has not been updated.

# Not a target:
SimtunaFunc.h:
#  Implicit rule search has not been done.
#  Modification time never checked.
#  File has not been updated.

objs/fd_tridag_bet.o: XMLDocument2.h calpop.h Map.h Matrices.h Numfunc.h ReadWrite.h Param.h Date.h SaveTimeArea.h SeapodymCoupled.h SimtunaFunc.h mytypes.h SeapodymDocConsole.h ctrace.h Utilities.h VarMatrices.h VarParamCoupled.h VarSimtunaFunc.h
#  Implicit rule search has not been done.
#  Modification time never checked.
#  File has not been updated.

objs/caldia.o: XMLDocument2.h calpop.h Map.h Matrices.h Numfunc.h ReadWrite.h Param.h Date.h SaveTimeArea.h SeapodymCoupled.h SimtunaFunc.h mytypes.h SeapodymDocConsole.h ctrace.h Utilities.h VarMatrices.h VarParamCoupled.h VarSimtunaFunc.h
#  Implicit rule search has not been done.
#  Modification time never checked.
#  File has not been updated.

# Not a target:
fd_calrec_precalrec.cpp:
#  Implicit rule search has not been done.
#  Modification time never checked.
#  File has not been updated.

# Not a target:
SimtunaFunc.cpp:
#  Implicit rule search has not been done.
#  Modification time never checked.
#  File has not been updated.

objs/fd_mortality_sp.o: XMLDocument2.h calpop.h Map.h Matrices.h Numfunc.h ReadWrite.h Param.h Date.h SaveTimeArea.h SeapodymCoupled.h SimtunaFunc.h mytypes.h SeapodymDocConsole.h ctrace.h Utilities.h VarMatrices.h VarParamCoupled.h VarSimtunaFunc.h
#  Implicit rule search has not been done.
#  Modification time never checked.
#  File has not been updated.

objs/SeapodymCoupled_OnWriteOutput.o: XMLDocument2.h calpop.h Map.h Matrices.h Numfunc.h ReadWrite.h Param.h Date.h SaveTimeArea.h SeapodymCoupled.h SimtunaFunc.h mytypes.h SeapodymDocConsole.h ctrace.h Utilities.h VarMatrices.h VarParamCoupled.h VarSimtunaFunc.h
#  Implicit rule search has not been done.
#  Modification time never checked.
#  File has not been updated.

objs/SeapodymCoupled_EditRunCoupled.o: XMLDocument2.h calpop.h Map.h Matrices.h Numfunc.h ReadWrite.h Param.h Date.h SaveTimeArea.h SeapodymCoupled.h SimtunaFunc.h mytypes.h SeapodymDocConsole.h ctrace.h Utilities.h VarMatrices.h VarParamCoupled.h VarSimtunaFunc.h
#  Implicit rule search has not been done.
#  Modification time never checked.
#  File has not been updated.

objs/SaveTimeArea.o: XMLDocument2.h calpop.h Map.h Matrices.h Numfunc.h ReadWrite.h Param.h Date.h SaveTimeArea.h SeapodymCoupled.h SimtunaFunc.h mytypes.h SeapodymDocConsole.h ctrace.h Utilities.h VarMatrices.h VarParamCoupled.h VarSimtunaFunc.h
#  Implicit rule search has not been done.
#  Modification time never checked.
#  File has not been updated.

# Not a target:
fd_total_pop.cpp:
#  Implicit rule search has not been done.
#  Modification time never checked.
#  File has not been updated.

objs/XMLDocument2.o: XMLDocument2.h calpop.h Map.h Matrices.h Numfunc.h ReadWrite.h Param.h Date.h SaveTimeArea.h SeapodymCoupled.h SimtunaFunc.h mytypes.h SeapodymDocConsole.h ctrace.h Utilities.h VarMatrices.h VarParamCoupled.h VarSimtunaFunc.h
#  Implicit rule search has not been done.
#  Modification time never checked.
#  File has not been updated.

# Not a target:
Calpop_caldia.cpp:
#  Implicit rule search has not been done.
#  Modification time never checked.
#  File has not been updated.

objs/fd_spawning.o: XMLDocument2.h calpop.h Map.h Matrices.h Numfunc.h ReadWrite.h Param.h Date.h SaveTimeArea.h SeapodymCoupled.h SimtunaFunc.h mytypes.h SeapodymDocConsole.h ctrace.h Utilities.h VarMatrices.h VarParamCoupled.h VarSimtunaFunc.h
#  Implicit rule search has not been done.
#  Modification time never checked.
#  File has not been updated.

objs/predicted_catch_without_effort.o: XMLDocument2.h calpop.h Map.h Matrices.h Numfunc.h ReadWrite.h Param.h Date.h SaveTimeArea.h SeapodymCoupled.h SimtunaFunc.h mytypes.h SeapodymDocConsole.h ctrace.h Utilities.h VarMatrices.h VarParamCoupled.h VarSimtunaFunc.h
#  Implicit rule search has not been done.
#  Modification time never checked.
#  File has not been updated.

# Not a target:
Calpop_precalrec.cpp:
#  Implicit rule search has not been done.
 
#  Modification time never checked.
#  File has not been updated.

# Not a target:
VarParamCoupled_xinit.cpp:
#  Implicit rule search has not been done.
#  Modification time never checked.
#  File has not been updated.

# Not a target:
Date.h:
#  Implicit rule search has not been done.
#  Modification time never checked.
#  File has not been updated.

# Not a target:
spawning.cpp:
#  Implicit rule search has not been done.
#  Modification time never checked.
#  File has not been updated.

objs/SimtunaFunc.o: XMLDocument2.h calpop.h Map.h Matrices.h Numfunc.h ReadWrite.h Param.h Date.h SaveTimeArea.h SeapodymCoupled.h SimtunaFunc.h mytypes.h SeapodymDocConsole.h ctrace.h Utilities.h VarMatrices.h VarParamCoupled.h VarSimtunaFunc.h
#  Implicit rule search has not been done.
#  Modification time never checked.
#  File has not been updated.

objs/food_requirement_index.o: XMLDocument2.h calpop.h Map.h Matrices.h Numfunc.h ReadWrite.h Param.h Date.h SaveTimeArea.h SeapodymCoupled.h SimtunaFunc.h mytypes.h SeapodymDocConsole.h ctrace.h Utilities.h VarMatrices.h VarParamCoupled.h VarSimtunaFunc.h
#  Implicit rule search has not been done.
#  Modification time never checked.
#  File has not been updated.

# Not a target:
Numfunc.h:
#  Implicit rule search has not been done.
#  Modification time never checked.
#  File has not been updated.

objs/total_obs_catch_age.o: XMLDocument2.h calpop.h Map.h Matrices.h Numfunc.h ReadWrite.h Param.h Date.h SaveTimeArea.h SeapodymCoupled.h SimtunaFunc.h mytypes.h SeapodymDocConsole.h ctrace.h Utilities.h VarMatrices.h VarParamCoupled.h VarSimtunaFunc.h
#  Implicit rule search has not been done.
#  Modification time never checked.
#  File has not been updated.

objs/Calpop_caldia.o: XMLDocument2.h calpop.h Map.h Matrices.h Numfunc.h ReadWrite.h Param.h Date.h SaveTimeArea.h SeapodymCoupled.h SimtunaFunc.h mytypes.h SeapodymDocConsole.h ctrace.h Utilities.h VarMatrices.h VarParamCoupled.h VarSimtunaFunc.h
#  Implicit rule search has not been done.
#  Modification time never checked.
#  File has not been updated.

# Not a target:
ReadWrite_TXT.cpp:
#  Implicit rule search has not been done.
#  Modification time never checked.
#  File has not been updated.

# Not a target:
Calpop_tridag.cpp:
#  Implicit rule search has not been done.
#  Modification time never checked.
#  File has not been updated.

# Not a target:
Map.cpp:
#  Implicit rule search has not been done.
#  Modification time never checked.
#  File has not been updated.

objs/Calpop_precalrec.o: XMLDocument2.h calpop.h Map.h Matrices.h Numfunc.h ReadWrite.h Param.h Date.h SaveTimeArea.h SeapodymCoupled.h SimtunaFunc.h mytypes.h SeapodymDocConsole.h ctrace.h Utilities.h VarMatrices.h VarParamCoupled.h VarSimtunaFunc.h
#  Implicit rule search has not been done.
#  Modification time never checked.
#  File has not been updated.

# Not a target:
fd_spawning_habitat.cpp:
#  Implicit rule search has not been done.
#  Modification time never checked.
#  File has not been updated.

objs/spawning.o: XMLDocument2.h calpop.h Map.h Matrices.h Numfunc.h ReadWrite.h Param.h Date.h SaveTimeArea.h SeapodymCoupled.h SimtunaFunc.h mytypes.h SeapodymDocConsole.h ctrace.h Utilities.h VarMatrices.h VarParamCoupled.h VarSimtunaFunc.h
#  Implicit rule search has not been done.
#  Modification time never checked.
#  File has not been updated.

# Not a target:
Date.cpp:
#  Implicit rule search has not been done.
#  Modification time never checked.
#  File has not been updated.

objs/fd_accessibility.o: XMLDocument2.h calpop.h Map.h Matrices.h Numfunc.h ReadWrite.h Param.h Date.h SaveTimeArea.h SeapodymCoupled.h SimtunaFunc.h mytypes.h SeapodymDocConsole.h ctrace.h Utilities.h VarMatrices.h VarParamCoupled.h VarSimtunaFunc.h
#  Implicit rule search has not been done.
#  Modification time never checked.
#  File has not been updated.

# Not a target:
VarMatrices.h:
#  Implicit rule search has not been done.
#  Modification time never checked.
 
#  File has not been updated.

# Not a target:
Numfunc.cpp:
#  Implicit rule search has not been done.
#  Modification time never checked.
#  File has not been updated.

# Not a target:
fd_survival.cpp:
#  Implicit rule search has not been done.
#  Modification time never checked.
#  File has not been updated.

objs/Calpop_tridag.o: XMLDocument2.h calpop.h Map.h Matrices.h Numfunc.h ReadWrite.h Param.h Date.h SaveTimeArea.h SeapodymCoupled.h SimtunaFunc.h mytypes.h SeapodymDocConsole.h ctrace.h Utilities.h VarMatrices.h VarParamCoupled.h VarSimtunaFunc.h
#  Implicit rule search has not been done.
#  Modification time never checked.
#  File has not been updated.

# Not a target:
ReadWrite.h:
#  Implicit rule search has not been done.
#  Modification time never checked.
#  File has not been updated.

objs/total_exploited_biomass.o: XMLDocument2.h calpop.h Map.h Matrices.h Numfunc.h ReadWrite.h Param.h Date.h SaveTimeArea.h SeapodymCoupled.h SimtunaFunc.h mytypes.h SeapodymDocConsole.h ctrace.h Utilities.h VarMatrices.h VarParamCoupled.h VarSimtunaFunc.h
#  Implicit rule search has not been done.
#  Modification time never checked.
#  File has not been updated.

# Not a target:
Calpop_precaldia.cpp:
#  Implicit rule search has not been done.
#  Modification time never checked.
#  File has not been updated.

objs/total_mortality_comp.o: XMLDocument2.h calpop.h Map.h Matrices.h Numfunc.h ReadWrite.h Param.h Date.h SaveTimeArea.h SeapodymCoupled.h SimtunaFunc.h mytypes.h SeapodymDocConsole.h ctrace.h Utilities.h VarMatrices.h VarParamCoupled.h VarSimtunaFunc.h
#  Implicit rule search has not been done.
#  Modification time never checked.
#  File has not been updated.

# files hash-table stats:
# Load=171/1024=17%, Rehash=0, Collisions=19/512=4%
# VPATH Search Paths

vpath %.cpp DOM/src:src
vpath %.h DOM/src:src

# 2 'vpath' search paths.

# No general ('VPATH' variable) search path.

# strcache buffers: 1 (0) / strings = 197 / storage = 3912 B / avg = 19 B
# current buf: size = 8162 B / used = 3912 B / count = 197 / avg = 19 B

# strcache performance: lookups = 453 / hit rate = 56%
# hash-table stats:
# Load=197/8192=2%, Rehash=0, Collisions=2/453=0%
# Finished Make data base on Wed Jun 22 11:51:52 2022

 
