
starting time: Thu May 25 15:29:46 2023

SST is in use in this simulation!

IMPORTANT: Maturity-at-age described by step function with 0 below and 1 above 50% maturity

WARNING: LF DATA ARE ABSENT
FISHERIES without effort (1) in the simulation:  0
WARNING: LF likelihood is not active -> use_lf_regstruc is OFF -> use regional structure for biomass aggregation
INFO: Parfile regional structure in use; number of regions: 1
Is global domain? NO
INFORMATION: All fisheries have effort
src/Date.cpp : Time steps to skip in DYM files 0

Control variables in optimisation:
1. a sst spawning(0) = 2
2. b sst spawning(0) = 25
3. alpha hsp prey(0) = 0.03
4. alpha hsp predator(0) = 0.1
5. beta hsp predator(0) = 1.5
Total number of variables: 5

-----Standard Time Stepping - 360 days calendar-----
Number of time steps in simulation : 12
Number of time steps in spin up    : 0
Delta T                            : 30
Jday_run                           : 720045
Start Date Run                     : 20000115
End Date Run                       : 20001215
----------------------------------------------------
Reading all forcing variables at once... 
Reading input habitat file... 

entering minimization loop
total penalty: 2.9401e-06; end of forward run, likelihood: 2030.48 0
function evaluation 0

Initial statistics: phase= 1 | nvar=  5 | iter=  0 | nll=2.03e+03 | mag=4.44e+03 | par[  5]=param[5]
5 variables; iteration 0; function evaluation 0
Function value 2.0304827e+03; maximum gradient component mag -4.4363e+03
Var    Value     Gradient |Var    Value     Gradient |Var    Value     Gradient
  1  0.21635 -5.83398e+02 |  2 -0.05795 -6.68450e+02 |  3 -0.77835 -3.41200e+03
  4 -0.74362  7.00821e+02 |  5  0.00000 -4.43632e+03 |
total penalty: 1.75768e-06; end of forward run, likelihood: 1.55162e+03 0.00000e+00
function evaluation 1

Intermediate statistics: phase= 1 | nvar=  5 | iter=  1 | nll=1.55e+03 | mag=2.33e+02 | par[  2]=param[2]
5 variables; iteration 1; function evaluation 1
Function value 1.5516223e+03; maximum gradient component mag -2.3287e+02
Var    Value     Gradient |Var    Value     Gradient |Var    Value     Gradient
  1  0.28902 -7.15565e+01 |  2  0.02531 -2.32875e+02 |  3 -0.35333  8.81557e+01
  4 -0.83092 -2.19146e+01 |  5  0.55261  1.90370e+02 |
total penalty: 1.50376e-06; end of forward run, likelihood: 1.59581e+03 0.00000e+00
function evaluation 2
total penalty: 2.51738e-06; end of forward run, likelihood: 1.45052e+03 0.00000e+00
function evaluation 3
phase= 1 | nvar=  5 | iter=  2 | nll=1.45e+03 | mag=6.57e+02 | par[  5]=param[5]
5 variables; iteration 2; function evaluation 3
Function value 1.4505178e+03; maximum gradient component mag 6.5738e+02
Var    Value     Gradient |Var    Value     Gradient |Var    Value     Gradient
  1  0.63888 -5.00324e+01 |  2  1.01206 -7.11714e+00 |  3 -0.27447  2.54848e+02
  4 -0.83234 -6.35635e+01 |  5  0.36103  6.57385e+02 |
total penalty: 2.86248e-06; end of forward run, likelihood: 1.07285e+03 0.00000e+00
function evaluation 4
total penalty: 2.64975e-06; end of forward run, likelihood: 1.60302e+03 0.00000e+00
function evaluation 5
total penalty: 6.45088e-06; end of forward run, likelihood: 1.60305e+03 0.00000e+00
function evaluation 6
total penalty: 2.53420e-06; end of forward run, likelihood: 1.06778e+03 0.00000e+00
function evaluation 7
total penalty: 2.59881e-06; end of forward run, likelihood: 1.05289e+03 0.00000e+00
function evaluation 8
phase= 1 | nvar=  5 | iter=  3 | nll=1.05e+03 | mag=6.52e+02 | par[  5]=param[5]
5 variables; iteration 3; function evaluation 8
Function value 1.0528855e+03; maximum gradient component mag 6.5162e+02
Var    Value     Gradient |Var    Value     Gradient |Var    Value     Gradient
  1  1.15297 -3.12433e+00 |  2  1.63886  2.44164e+02 |  3  0.23803  3.52672e+02
  4 -0.89537 -5.30929e+01 |  5 -0.15280  6.51622e+02 |
total penalty: 8.25657e-06; end of forward run, likelihood: 1.51217e+03 0.00000e+00
function evaluation 9
total penalty: 1.12404e-06; end of forward run, likelihood: 1.49381e+03 0.00000e+00
function evaluation 10
total penalty: 2.25420e-06; end of forward run, likelihood: 1.01434e+03 0.00000e+00
function evaluation 11
total penalty: 8.06938e-06; end of forward run, likelihood: 6.78030e+02 0.00000e+00
function evaluation 12
total penalty: 7.92892e-07; end of forward run, likelihood: 1.60309e+03 0.00000e+00
function evaluation 13
total penalty: 2.12416e-06; end of forward run, likelihood: 1.55602e+03 0.00000e+00
function evaluation 14
total penalty: 6.42895e-07; end of forward run, likelihood: 1.48881e+03 0.00000e+00
function evaluation 15
total penalty: 3.87543e-06; end of forward run, likelihood: 1.60109e+03 0.00000e+00
function evaluation 16
total penalty: 5.55192e-06; end of forward run, likelihood: 7.54648e+01 0.00000e+00
function evaluation 17
total penalty: 4.39306e-06; end of forward run, likelihood: 8.06567e+02 0.00000e+00
function evaluation 18
total penalty: 5.00925e-06; end of forward run, likelihood: 4.87343e+00 0.00000e+00
function evaluation 19
total penalty: 4.89688e-06; end of forward run, likelihood: 2.02047e+00 0.00000e+00
function evaluation 20
phase= 1 | nvar=  5 | iter=  4 | nll=2.02e+00 | mag=7.28e+01 | par[  2]=param[2]
5 variables; iteration 4; function evaluation 20
Function value 2.0204691e+00; maximum gradient component mag -7.2769e+01
Var    Value     Gradient |Var    Value     Gradient |Var    Value     Gradient
  1  5.94837  1.84050e+01 |  2  1.34470 -7.27691e+01 |  3 -1.09194 -6.90880e+01
  4 -2.78816 -2.55060e+00 |  5  0.05053 -3.40232e+01 |
total penalty: 1.38270e-06; end of forward run, likelihood: 1.60304e+03 0.00000e+00
function evaluation 21
total penalty: 5.29616e-06; end of forward run, likelihood: 1.03310e+01 0.00000e+00
function evaluation 22
total penalty: 4.92295e-06; end of forward run, likelihood: 1.96707e+00 0.00000e+00
function evaluation 23
phase= 1 | nvar=  5 | iter=  5 | nll=1.97e+00 | mag=5.43e+01 | par[  3]=param[3]
5 variables; iteration 5; function evaluation 23
Function value 1.9670727e+00; maximum gradient component mag -5.4281e+01
Var    Value     Gradient |Var    Value     Gradient |Var    Value     Gradient
  1  5.94538 -1.31379e+01 |  2  1.34523 -3.03575e+01 |  3 -1.09127 -5.42812e+01
  4 -2.79128 -1.02922e+00 |  5  0.04981 -1.37484e+01 |
total penalty: 4.92436e-06; end of forward run, likelihood: 1.88375e+00 0.00000e+00
function evaluation 24
phase= 1 | nvar=  5 | iter=  6 | nll=1.88e+00 | mag=3.81e+01 | par[  3]=param[3]
5 variables; iteration 6; function evaluation 24
Function value 1.8837545e+00; maximum gradient component mag -3.8066e+01
Var    Value     Gradient |Var    Value     Gradient |Var    Value     Gradient
  1  5.94617 -1.49969e+01 |  2  1.34464 -2.04162e+01 |  3 -1.08944 -3.80664e+01
  4 -2.78046  6.20218e-01 |  5  0.05012  8.80877e+00 |
total penalty: 4.98633e-06; end of forward run, likelihood: 1.72342e+00 0.00000e+00
function evaluation 25
total penalty: 5.73854e-06; end of forward run, likelihood: 1.28349e+00 0.00000e+00
function evaluation 26
phase= 1 | nvar=  5 | iter=  7 | nll=1.28e+00 | mag=1.86e+02 | par[  5]=param[5]
5 variables; iteration 7; function evaluation 26
Function value 1.2834862e+00; maximum gradient component mag -1.8590e+02
Var    Value     Gradient |Var    Value     Gradient |Var    Value     Gradient
  1  5.96112  5.60717e+01 |  2  1.35754 -1.47213e+02 |  3 -1.05994 -7.19627e+01
  4 -2.78772 -1.37469e+01 |  5  0.02539 -1.85903e+02 |
total penalty: 5.50924e-06; end of forward run, likelihood: 4.20907e-01 0.00000e+00
function evaluation 27
phase= 1 | nvar=  5 | iter=  8 | nll=4.21e-01 | mag=8.45e+01 | par[  5]=param[5]
5 variables; iteration 8; function evaluation 27
Function value 4.2090678e-01; maximum gradient component mag -8.4460e+01
Var    Value     Gradient |Var    Value     Gradient |Var    Value     Gradient
  1  5.98653  2.22180e+01 |  2  1.37955 -6.33902e+01 |  3 -1.06639 -4.70953e+01
  4 -2.78360 -6.30227e+00 |  5  0.02427 -8.44598e+01 |
total penalty: 5.59262e-06; end of forward run, likelihood: 2.10361e-01 0.00000e+00
function evaluation 28
phase= 1 | nvar=  5 | iter=  9 | nll=2.10e-01 | mag=1.61e+01 | par[  2]=param[2]
5 variables; iteration 9; function evaluation 28
Function value 2.1036102e-01; maximum gradient component mag 1.6072e+01
Var    Value     Gradient |Var    Value     Gradient |Var    Value     Gradient
  1  6.00982 -1.72591e+00 |  2  1.39802  1.60725e+01 |  3 -1.06110 -1.12232e+01
  4 -2.76159  8.02173e-01 |  5  0.01839  8.61672e+00 |
total penalty: 5.71116e-06; end of forward run, likelihood: 1.19111e-01 0.00000e+00
function evaluation 29
phase= 1 | nvar=  5 | iter= 10 | nll=1.19e-01 | mag=9.14e+00 | par[  2]=param[2]
5 variables; iteration 10; function evaluation 29
Function value 1.1911053e-01; maximum gradient component mag -9.1355e+00
Var    Value     Gradient |Var    Value     Gradient |Var    Value     Gradient
  1  6.00063  8.46431e+00 |  2  1.38930 -9.13552e+00 |  3 -1.05676 -8.95304e+00
  4 -2.75139  3.67884e-01 |  5  0.01926  4.28001e+00 |
total penalty: 5.96265e-06; end of forward run, likelihood: 6.21926e-02 0.00000e+00
function evaluation 30
phase= 1 | nvar=  5 | iter= 11 | nll=6.22e-02 | mag=2.32e+01 | par[  5]=param[5]
5 variables; iteration 11; function evaluation 30
Function value 6.2192554e-02; maximum gradient component mag -2.3202e+01
Var    Value     Gradient |Var    Value     Gradient |Var    Value     Gradient
  1  5.99842  1.05260e+01 |  2  1.38837 -2.14895e+01 |  3 -1.04953 -1.20720e+01
  4 -2.74447 -2.04863e+00 |  5  0.01573 -2.32019e+01 |
total penalty: 6.26854e-06; end of forward run, likelihood: 2.14260e-02 0.00000e+00
function evaluation 31
phase= 1 | nvar=  5 | iter= 12 | nll=2.14e-02 | mag=1.47e+01 | par[  5]=param[5]
5 variables; iteration 12; function evaluation 31
Function value 2.1425972e-02; maximum gradient component mag -1.4715e+01
Var    Value     Gradient |Var    Value     Gradient |Var    Value     Gradient
  1  5.99830  6.14033e+00 |  2  1.38850 -1.37593e+01 |  3 -1.04146 -5.86682e+00
  4 -2.72729 -1.40750e+00 |  5  0.01240 -1.47147e+01 |
total penalty: 6.50624e-06; end of forward run, likelihood: 5.75481e-03 0.00000e+00
function evaluation 32
phase= 1 | nvar=  5 | iter= 13 | nll=5.75e-03 | mag=2.45e+00 | par[  2]=param[2]
5 variables; iteration 13; function evaluation 32
Function value 5.7548059e-03; maximum gradient component mag -2.4540e+00
Var    Value     Gradient |Var    Value     Gradient |Var    Value     Gradient
  1  5.99978  1.13572e+00 |  2  1.38988 -2.45402e+00 |  3 -1.03614 -1.55040e+00
  4 -2.71379 -2.07409e-01 |  5  0.00995 -1.78001e+00 |
total penalty: 6.73210e-06; end of forward run, likelihood: 2.27908e-03 0.00000e+00
function evaluation 33
phase= 1 | nvar=  5 | iter= 14 | nll=2.28e-03 | mag=4.38e+00 | par[  5]=param[5]
5 variables; iteration 14; function evaluation 33
Function value 2.2790782e-03; maximum gradient component mag -4.3837e+00
Var    Value     Gradient |Var    Value     Gradient |Var    Value     Gradient
  1  6.00060  1.15784e+00 |  2  1.39067 -2.39791e+00 |  3 -1.03189 -1.06470e+00
  4 -2.70449 -4.76058e-01 |  5  0.00794 -4.38375e+00 |
total penalty: 6.83855e-06; end of forward run, likelihood: 1.48683e-03 0.00000e+00
function evaluation 34
phase= 1 | nvar=  5 | iter= 15 | nll=1.49e-03 | mag=1.83e+00 | par[  5]=param[5]
5 variables; iteration 15; function evaluation 34
Function value 1.4868273e-03; maximum gradient component mag 1.8266e+00
Var    Value     Gradient |Var    Value     Gradient |Var    Value     Gradient
  1  6.00053 -4.72719e-01 |  2  1.39057  1.22385e+00 |  3 -1.03002  2.43811e-01
  4 -2.69889  1.48704e-01 |  5  0.00728  1.82663e+00 |
total penalty: 6.88400e-06; end of forward run, likelihood: 1.38856e-03 0.00000e+00
function evaluation 35
phase= 1 | nvar=  5 | iter= 16 | nll=1.39e-03 | mag=3.04e-01 | par[  5]=param[5]
5 variables; iteration 16; function evaluation 35
Function value 1.3885551e-03; maximum gradient component mag 3.0438e-01
Var    Value     Gradient |Var    Value     Gradient |Var    Value     Gradient
  1  6.00046 -5.56787e-02 |  2  1.39052  1.98037e-01 |  3 -1.02929  1.18458e-01
  4 -2.69729 -9.26741e-03 |  5  0.00698  3.04381e-01 |
total penalty: 6.89641e-06; end of forward run, likelihood: 1.38079e-03 0.00000e+00
function evaluation 36
phase= 1 | nvar=  5 | iter= 17 | nll=1.38e-03 | mag=1.99e-01 | par[  5]=param[5]
5 variables; iteration 17; function evaluation 36
Function value 1.3807882e-03; maximum gradient component mag 1.9856e-01
Var    Value     Gradient |Var    Value     Gradient |Var    Value     Gradient
  1  6.00042 -8.75050e-03 |  2  1.39048  7.02328e-02 |  3 -1.02909  1.31740e-01
  4 -2.69670 -2.08073e-02 |  5  0.00690  1.98559e-01 |
total penalty: 6.90368e-06; end of forward run, likelihood: 1.37363e-03 0.00000e+00
function evaluation 37
phase= 1 | nvar=  5 | iter= 18 | nll=1.37e-03 | mag=1.87e-01 | par[  5]=param[5]
5 variables; iteration 18; function evaluation 37
Function value 1.3736282e-03; maximum gradient component mag 1.8692e-01
Var    Value     Gradient |Var    Value     Gradient |Var    Value     Gradient
  1  6.00040  7.41609e-03 |  2  1.39046  2.19107e-02 |  3 -1.02897  1.47147e-01
  4 -2.69619 -2.23249e-02 |  5  0.00683  1.86918e-01 |
total penalty: 6.91076e-06; end of forward run, likelihood: 1.36061e-03 0.00000e+00
function evaluation 38
phase= 1 | nvar=  5 | iter= 19 | nll=1.36e-03 | mag=1.84e-01 | par[  5]=param[5]
5 variables; iteration 19; function evaluation 38
Function value 1.3606137e-03; maximum gradient component mag 1.8421e-01
Var    Value     Gradient |Var    Value     Gradient |Var    Value     Gradient
  1  6.00038  2.09057e-02 |  2  1.39044 -2.01435e-02 |  3 -1.02884  1.63613e-01
  4 -2.69547 -2.28086e-02 |  5  0.00674  1.84211e-01 |
total penalty: 6.91872e-06; end of forward run, likelihood: 1.33649e-03 0.00000e+00
function evaluation 39
phase= 1 | nvar=  5 | iter= 20 | nll=1.34e-03 | mag=1.89e-01 | par[  5]=param[5]
5 variables; iteration 20; function evaluation 39
Function value 1.3364860e-03; maximum gradient component mag 1.8949e-01
Var    Value     Gradient |Var    Value     Gradient |Var    Value     Gradient
  1  6.00035  3.37529e-02 |  2  1.39041 -6.30487e-02 |  3 -1.02868  1.83693e-01
  4 -2.69430 -2.23321e-02 |  5  0.00661  1.89489e-01 |
total penalty: 6.92855e-06; end of forward run, likelihood: 1.29178e-03 0.00000e+00
function evaluation 40
phase= 1 | nvar=  5 | iter= 21 | nll=1.29e-03 | mag=2.19e-01 | par[  5]=param[5]
5 variables; iteration 21; function evaluation 40
Function value 1.2917811e-03; maximum gradient component mag 2.1900e-01
Var    Value     Gradient |Var    Value     Gradient |Var    Value     Gradient
  1  6.00031  4.28250e-02 |  2  1.39037 -1.02536e-01 |  3 -1.02847  2.12212e-01
  4 -2.69228 -1.90580e-02 |  5  0.00638  2.19002e-01 |
total penalty: 6.94121e-06; end of forward run, likelihood: 1.21039e-03 0.00000e+00
function evaluation 41
phase= 1 | nvar=  5 | iter= 22 | nll=1.21e-03 | mag=3.32e-01 | par[  5]=param[5]
5 variables; iteration 22; function evaluation 41
Function value 1.2103923e-03; maximum gradient component mag 3.3180e-01
Var    Value     Gradient |Var    Value     Gradient |Var    Value     Gradient
  1  6.00025  3.16146e-02 |  2  1.39031 -1.06111e-01 |  3 -1.02817  2.59971e-01
  4 -2.68866 -6.31018e-03 |  5  0.00598  3.31798e-01 |
total penalty: 6.95750e-06; end of forward run, likelihood: 1.07022e-03 0.00000e+00
function evaluation 42
phase= 1 | nvar=  5 | iter= 23 | nll=1.07e-03 | mag=7.29e-01 | par[  5]=param[5]
5 variables; iteration 23; function evaluation 42
Function value 1.0702179e-03; maximum gradient component mag 7.2883e-01
Var    Value     Gradient |Var    Value     Gradient |Var    Value     Gradient
  1  6.00016 -6.16403e-02 |  2  1.39022  5.49636e-02 |  3 -1.02773  3.56230e-01
  4 -2.68197  3.90958e-02 |  5  0.00525  7.28829e-01 |
total penalty: 6.97560e-06; end of forward run, likelihood: 8.77870e-04 0.00000e+00
function evaluation 43
phase= 1 | nvar=  5 | iter= 24 | nll=8.78e-04 | mag=2.01e+00 | par[  5]=param[5]
5 variables; iteration 24; function evaluation 43
Function value 8.7786996e-04; maximum gradient component mag 2.0138e+00
Var    Value     Gradient |Var    Value     Gradient |Var    Value     Gradient
  1  6.00002 -4.31872e-01 |  2  1.39007  7.93923e-01 |  3 -1.02710  5.76040e-01
  4 -2.66972  1.90981e-01 |  5  0.00390  2.01378e+00 |
total penalty: 6.97256e-06; end of forward run, likelihood: 7.35735e-04 0.00000e+00
function evaluation 44
phase= 1 | nvar=  5 | iter= 25 | nll=7.36e-04 | mag=2.40e+00 | par[  5]=param[5]
5 variables; iteration 25; function evaluation 44
Function value 7.3573459e-04; maximum gradient component mag 2.3984e+00
Var    Value     Gradient |Var    Value     Gradient |Var    Value     Gradient
  1  5.99996 -5.62592e-01 |  2  1.39000  1.04491e+00 |  3 -1.02692  6.26811e-01
  4 -2.66225  2.44291e-01 |  5  0.00307  2.39844e+00 |
total penalty: 6.94758e-06; end of forward run, likelihood: 4.93372e-04 0.00000e+00
function evaluation 45
phase= 1 | nvar=  5 | iter= 26 | nll=4.93e-04 | mag=1.78e+00 | par[  5]=param[5]
5 variables; iteration 26; function evaluation 45
Function value 4.9337191e-04; maximum gradient component mag 1.7823e+00
Var    Value     Gradient |Var    Value     Gradient |Var    Value     Gradient
  1  5.99992 -4.08566e-01 |  2  1.38995  7.02522e-01 |  3 -1.02707  5.05132e-01
  4 -2.65563  1.82993e-01 |  5  0.00232  1.78228e+00 |
total penalty: 6.87926e-06; end of forward run, likelihood: 1.40121e-04 0.00000e+00
function evaluation 46
phase= 1 | nvar=  5 | iter= 27 | nll=1.40e-04 | mag=5.65e-01 | par[  5]=param[5]
5 variables; iteration 27; function evaluation 46
Function value 1.4012106e-04; maximum gradient component mag 5.6537e-01
Var    Value     Gradient |Var    Value     Gradient |Var    Value     Gradient
  1  5.99993 -8.58215e-02 |  2  1.38993  6.96433e-02 |  3 -1.02774  2.22336e-01
  4 -2.64602  5.34334e-02 |  5  0.00126  5.65368e-01 |
total penalty: 6.81322e-06; end of forward run, likelihood: 1.93519e-05 0.00000e+00
function evaluation 47
phase= 1 | nvar=  5 | iter= 28 | nll=1.94e-05 | mag=1.14e+00 | par[  5]=param[5]
5 variables; iteration 28; function evaluation 47
Function value 1.9351876e-05; maximum gradient component mag 1.1365e+00
Var    Value     Gradient |Var    Value     Gradient |Var    Value     Gradient
  1  5.99997 -3.22272e-01 |  2  1.38994  6.75745e-01 |  3 -1.02838  1.82834e-01
  4 -2.63586  1.38197e-01 |  5  0.00014  1.13648e+00 |
total penalty: 6.79228e-06; end of forward run, likelihood: 1.88630e-05 0.00000e+00
function evaluation 48
total penalty: 6.80264e-06; end of forward run, likelihood: 1.66863e-06 0.00000e+00
function evaluation 49
phase= 1 | nvar=  5 | iter= 29 | nll=1.67e-06 | mag=6.16e-02 | par[  5]=param[5]
Optimization completed after 19502 d 13 h 29 m 47 s with final statistics:
  nll=0.000002 | mag=6.16438e-02 | par[  5]=param[5]


 - final statistics:
5 variables; iteration 29; function evaluation 49
Function value 1.6686e-06; maximum gradient component mag 6.1644e-02
Exit code = 1;  converg criter 1.0000e-01
Var    Value     Gradient |Var    Value     Gradient |Var    Value     Gradient
  1  6.00000 -8.53361e-03 |  2  1.38996  1.08152e-02 |  3 -1.02855  3.93408e-03
  4 -2.63669  5.97699e-03 |  5  0.00023  6.16438e-02 |
total penalty: 6.80264e-06; end of forward run, likelihood: 1.66863e-06 0.00000e+00

Control variables in optimisation:
1. a sst spawning(0) = 1.50001e+00
2. b sst spawning(0) = 3.00000e+01
3. alpha hsp prey(0) = 5.02873e-04
4. alpha hsp predator(0) = 2.30191e+00
5. beta hsp predator(0) = 1.50055e+00

finished time: Thu May 25 15:29:47 2023


total time: 1.66667e-02 minutes
